[2020-11-25 00:26:25] local.ERROR: SQLSTATE[42S22]: Column not found: 1054 Unknown column 'telephone1' in 'where clause' (SQL: select count(*) as aggregate from `users` where `telephone1` = 680987780) {"exception":"[object] (Illuminate\\Database\\QueryException(code: 42S22): SQLSTATE[42S22]: Column not found: 1054 Unknown column 'telephone1' in 'where clause' (SQL: select count(*) as aggregate from `users` where `telephone1` = 680987780) at C:\\Users\\Idriss Ketchaya\\Downloads\\Allonounou\\vendor\\laravel\\framework\\src\\Illuminate\\Database\\Connection.php:664, PDOException(code: 42S22): SQLSTATE[42S22]: Column not found: 1054 Unknown column 'telephone1' in 'where clause' at C:\\Users\\Idriss Ketchaya\\Downloads\\Allonounou\\vendor\\laravel\\framework\\src\\Illuminate\\Database\\Connection.php:326)
[stacktrace]
#0 C:\\Users\\Idriss Ketchaya\\Downloads\\Allonounou\\vendor\\laravel\\framework\\src\\Illuminate\\Database\\Connection.php(624): Illuminate\\Database\\Connection->runQueryCallback()
#1 C:\\Users\\Idriss Ketchaya\\Downloads\\Allonounou\\vendor\\laravel\\framework\\src\\Illuminate\\Database\\Connection.php(333): Illuminate\\Database\\Connection->run()
#2 C:\\Users\\Idriss Ketchaya\\Downloads\\Allonounou\\vendor\\laravel\\framework\\src\\Illuminate\\Database\\Query\\Builder.php(2130): Illuminate\\Database\\Connection->select()
#3 C:\\Users\\Idriss Ketchaya\\Downloads\\Allonounou\\vendor\\laravel\\framework\\src\\Illuminate\\Database\\Query\\Builder.php(2118): Illuminate\\Database\\Query\\Builder->runSelect()
#4 C:\\Users\\Idriss Ketchaya\\Downloads\\Allonounou\\vendor\\laravel\\framework\\src\\Illuminate\\Database\\Query\\Builder.php(2604): Illuminate\\Database\\Query\\Builder->Illuminate\\Database\\Query\\{closure}()
#5 C:\\Users\\Idriss Ketchaya\\Downloads\\Allonounou\\vendor\\laravel\\framework\\src\\Illuminate\\Database\\Query\\Builder.php(2119): Illuminate\\Database\\Query\\Builder->onceWithColumns()
#6 C:\\Users\\Idriss Ketchaya\\Downloads\\Allonounou\\vendor\\laravel\\framework\\src\\Illuminate\\Database\\Query\\Builder.php(2531): Illuminate\\Database\\Query\\Builder->get()
#7 C:\\Users\\Idriss Ketchaya\\Downloads\\Allonounou\\vendor\\laravel\\framework\\src\\Illuminate\\Database\\Query\\Builder.php(2459): Illuminate\\Database\\Query\\Builder->aggregate()
#8 C:\\Users\\Idriss Ketchaya\\Downloads\\Allonounou\\vendor\\laravel\\framework\\src\\Illuminate\\Validation\\DatabasePresenceVerifier.php(55): Illuminate\\Database\\Query\\Builder->count()
#9 C:\\Users\\Idriss Ketchaya\\Downloads\\Allonounou\\vendor\\laravel\\framework\\src\\Illuminate\\Validation\\Concerns\\ValidatesAttributes.php(755): Illuminate\\Validation\\DatabasePresenceVerifier->getCount()
#10 C:\\Users\\Idriss Ketchaya\\Downloads\\Allonounou\\vendor\\laravel\\framework\\src\\Illuminate\\Validation\\Validator.php(398): Illuminate\\Validation\\Validator->validateUnique()
#11 C:\\Users\\Idriss Ketchaya\\Downloads\\Allonounou\\vendor\\laravel\\framework\\src\\Illuminate\\Validation\\Validator.php(277): Illuminate\\Validation\\Validator->validateAttribute()
#12 C:\\Users\\Idriss Ketchaya\\Downloads\\Allonounou\\vendor\\laravel\\framework\\src\\Illuminate\\Validation\\Validator.php(302): Illuminate\\Validation\\Validator->passes()
#13 C:\\Users\\Idriss Ketchaya\\Downloads\\Allonounou\\vendor\\laravel\\framework\\src\\Illuminate\\Validation\\Validator.php(314): Illuminate\\Validation\\Validator->fails()
#14 C:\\Users\\Idriss Ketchaya\\Downloads\\Allonounou\\vendor\\laravel\\framework\\src\\Illuminate\\Foundation\\Auth\\RegistersUsers.php(31): Illuminate\\Validation\\Validator->validate()
#15 [internal function]: App\\Http\\Controllers\\Auth\\RegisterController->register()
#16 C:\\Users\\Idriss Ketchaya\\Downloads\\Allonounou\\vendor\\laravel\\framework\\src\\Illuminate\\Routing\\Controller.php(54): call_user_func_array()
#17 C:\\Users\\Idriss Ketchaya\\Downloads\\Allonounou\\vendor\\laravel\\framework\\src\\Illuminate\\Routing\\ControllerDispatcher.php(45): Illuminate\\Routing\\Controller->callAction()
#18 C:\\Users\\Idriss Ketchaya\\Downloads\\Allonounou\\vendor\\laravel\\framework\\src\\Illuminate\\Routing\\Route.php(219): Illuminate\\Routing\\ControllerDispatcher->dispatch()
#19 C:\\Users\\Idriss Ketchaya\\Downloads\\Allonounou\\vendor\\laravel\\framework\\src\\Illuminate\\Routing\\Route.php(176): Illuminate\\Routing\\Route->runController()
#20 C:\\Users\\Idriss Ketchaya\\Downloads\\Allonounou\\vendor\\laravel\\framework\\src\\Illuminate\\Routing\\Router.php(680): Illuminate\\Routing\\Route->run()
#21 C:\\Users\\Idriss Ketchaya\\Downloads\\Allonounou\\vendor\\laravel\\framework\\src\\Illuminate\\Routing\\Pipeline.php(30): Illuminate\\Routing\\Router->Illuminate\\Routing\\{closure}()
#22 C:\\Users\\Idriss Ketchaya\\Downloads\\Allonounou\\app\\Http\\Middleware\\RedirectIfAuthenticated.php(24): Illuminate\\Routing\\Pipeline->Illuminate\\Routing\\{closure}()
#23 C:\\Users\\Idriss Ketchaya\\Downloads\\Allonounou\\vendor\\laravel\\framework\\src\\Illuminate\\Pipeline\\Pipeline.php(163): App\\Http\\Middleware\\RedirectIfAuthenticated->handle()
#24 C:\\Users\\Idriss Ketchaya\\Downloads\\Allonounou\\vendor\\laravel\\framework\\src\\Illuminate\\Routing\\Pipeline.php(53): Illuminate\\Pipeline\\Pipeline->Illuminate\\Pipeline\\{closure}()
#25 C:\\Users\\Idriss Ketchaya\\Downloads\\Allonounou\\vendor\\laravel\\framework\\src\\Illuminate\\Routing\\Middleware\\SubstituteBindings.php(41): Illuminate\\Routing\\Pipeline->Illuminate\\Routing\\{closure}()
#26 C:\\Users\\Idriss Ketchaya\\Downloads\\Allonounou\\vendor\\laravel\\framework\\src\\Illuminate\\Pipeline\\Pipeline.php(163): Illuminate\\Routing\\Middleware\\SubstituteBindings->handle()
#27 C:\\Users\\Idriss Ketchaya\\Downloads\\Allonounou\\vendor\\laravel\\framework\\src\\Illuminate\\Routing\\Pipeline.php(53): Illuminate\\Pipeline\\Pipeline->Illuminate\\Pipeline\\{closure}()
#28 C:\\Users\\Idriss Ketchaya\\Downloads\\Allonounou\\vendor\\laravel\\framework\\src\\Illuminate\\Foundation\\Http\\Middleware\\VerifyCsrfToken.php(75): Illuminate\\Routing\\Pipeline->Illuminate\\Routing\\{closure}()
#29 C:\\Users\\Idriss Ketchaya\\Downloads\\Allonounou\\vendor\\laravel\\framework\\src\\Illuminate\\Pipeline\\Pipeline.php(163): Illuminate\\Foundation\\Http\\Middleware\\VerifyCsrfToken->handle()
#30 C:\\Users\\Idriss Ketchaya\\Downloads\\Allonounou\\vendor\\laravel\\framework\\src\\Illuminate\\Routing\\Pipeline.php(53): Illuminate\\Pipeline\\Pipeline->Illuminate\\Pipeline\\{closure}()
#31 C:\\Users\\Idriss Ketchaya\\Downloads\\Allonounou\\vendor\\laravel\\framework\\src\\Illuminate\\View\\Middleware\\ShareErrorsFromSession.php(49): Illuminate\\Routing\\Pipeline->Illuminate\\Routing\\{closure}()
#32 C:\\Users\\Idriss Ketchaya\\Downloads\\Allonounou\\vendor\\laravel\\framework\\src\\Illuminate\\Pipeline\\Pipeline.php(163): Illuminate\\View\\Middleware\\ShareErrorsFromSession->handle()
#33 C:\\Users\\Idriss Ketchaya\\Downloads\\Allonounou\\vendor\\laravel\\framework\\src\\Illuminate\\Routing\\Pipeline.php(53): Illuminate\\Pipeline\\Pipeline->Illuminate\\Pipeline\\{closure}()
#34 C:\\Users\\Idriss Ketchaya\\Downloads\\Allonounou\\vendor\\laravel\\framework\\src\\Illuminate\\Session\\Middleware\\StartSession.php(56): Illuminate\\Routing\\Pipeline->Illuminate\\Routing\\{closure}()
#35 C:\\Users\\Idriss Ketchaya\\Downloads\\Allonounou\\vendor\\laravel\\framework\\src\\Illuminate\\Pipeline\\Pipeline.php(163): Illuminate\\Session\\Middleware\\StartSession->handle()
#36 C:\\Users\\Idriss Ketchaya\\Downloads\\Allonounou\\vendor\\laravel\\framework\\src\\Illuminate\\Routing\\Pipeline.php(53): Illuminate\\Pipeline\\Pipeline->Illuminate\\Pipeline\\{closure}()
#37 C:\\Users\\Idriss Ketchaya\\Downloads\\Allonounou\\vendor\\laravel\\framework\\src\\Illuminate\\Cookie\\Middleware\\AddQueuedCookiesToResponse.php(37): Illuminate\\Routing\\Pipeline->Illuminate\\Routing\\{closure}()
#38 C:\\Users\\Idriss Ketchaya\\Downloads\\Allonounou\\vendor\\laravel\\framework\\src\\Illuminate\\Pipeline\\Pipeline.php(163): Illuminate\\Cookie\\Middleware\\AddQueuedCookiesToResponse->handle()
#39 C:\\Users\\Idriss Ketchaya\\Downloads\\Allonounou\\vendor\\laravel\\framework\\src\\Illuminate\\Routing\\Pipeline.php(53): Illuminate\\Pipeline\\Pipeline->Illuminate\\Pipeline\\{closure}()
#40 C:\\Users\\Idriss Ketchaya\\Downloads\\Allonounou\\vendor\\laravel\\framework\\src\\Illuminate\\Cookie\\Middleware\\EncryptCookies.php(66): Illuminate\\Routing\\Pipeline->Illuminate\\Routing\\{closure}()
#41 C:\\Users\\Idriss Ketchaya\\Downloads\\Allonounou\\vendor\\laravel\\framework\\src\\Illuminate\\Pipeline\\Pipeline.php(163): Illuminate\\Cookie\\Middleware\\EncryptCookies->handle()
#42 C:\\Users\\Idriss Ketchaya\\Downloads\\Allonounou\\vendor\\laravel\\framework\\src\\Illuminate\\Routing\\Pipeline.php(53): Illuminate\\Pipeline\\Pipeline->Illuminate\\Pipeline\\{closure}()
#43 C:\\Users\\Idriss Ketchaya\\Downloads\\Allonounou\\vendor\\laravel\\framework\\src\\Illuminate\\Pipeline\\Pipeline.php(104): Illuminate\\Routing\\Pipeline->Illuminate\\Routing\\{closure}()
#44 C:\\Users\\Idriss Ketchaya\\Downloads\\Allonounou\\vendor\\laravel\\framework\\src\\Illuminate\\Routing\\Router.php(682): Illuminate\\Pipeline\\Pipeline->then()
#45 C:\\Users\\Idriss Ketchaya\\Downloads\\Allonounou\\vendor\\laravel\\framework\\src\\Illuminate\\Routing\\Router.php(657): Illuminate\\Routing\\Router->runRouteWithinStack()
#46 C:\\Users\\Idriss Ketchaya\\Downloads\\Allonounou\\vendor\\laravel\\framework\\src\\Illuminate\\Routing\\Router.php(623): Illuminate\\Routing\\Router->runRoute()
#47 C:\\Users\\Idriss Ketchaya\\Downloads\\Allonounou\\vendor\\laravel\\framework\\src\\Illuminate\\Routing\\Router.php(612): Illuminate\\Routing\\Router->dispatchToRoute()
#48 C:\\Users\\Idriss Ketchaya\\Downloads\\Allonounou\\vendor\\laravel\\framework\\src\\Illuminate\\Foundation\\Http\\Kernel.php(176): Illuminate\\Routing\\Router->dispatch()
#49 C:\\Users\\Idriss Ketchaya\\Downloads\\Allonounou\\vendor\\laravel\\framework\\src\\Illuminate\\Routing\\Pipeline.php(30): Illuminate\\Foundation\\Http\\Kernel->Illuminate\\Foundation\\Http\\{closure}()
#50 C:\\Users\\Idriss Ketchaya\\Downloads\\Allonounou\\vendor\\laravel\\framework\\src\\Illuminate\\Foundation\\Http\\Middleware\\TransformsRequest.php(21): Illuminate\\Routing\\Pipeline->Illuminate\\Routing\\{closure}()
#51 C:\\Users\\Idriss Ketchaya\\Downloads\\Allonounou\\vendor\\laravel\\framework\\src\\Illuminate\\Pipeline\\Pipeline.php(163): Illuminate\\Foundation\\Http\\Middleware\\TransformsRequest->handle()
#52 C:\\Users\\Idriss Ketchaya\\Downloads\\Allonounou\\vendor\\laravel\\framework\\src\\Illuminate\\Routing\\Pipeline.php(53): Illuminate\\Pipeline\\Pipeline->Illuminate\\Pipeline\\{closure}()
#53 C:\\Users\\Idriss Ketchaya\\Downloads\\Allonounou\\vendor\\laravel\\framework\\src\\Illuminate\\Foundation\\Http\\Middleware\\TransformsRequest.php(21): Illuminate\\Routing\\Pipeline->Illuminate\\Routing\\{closure}()
#54 C:\\Users\\Idriss Ketchaya\\Downloads\\Allonounou\\vendor\\laravel\\framework\\src\\Illuminate\\Pipeline\\Pipeline.php(163): Illuminate\\Foundation\\Http\\Middleware\\TransformsRequest->handle()
#55 C:\\Users\\Idriss Ketchaya\\Downloads\\Allonounou\\vendor\\laravel\\framework\\src\\Illuminate\\Routing\\Pipeline.php(53): Illuminate\\Pipeline\\Pipeline->Illuminate\\Pipeline\\{closure}()
#56 C:\\Users\\Idriss Ketchaya\\Downloads\\Allonounou\\vendor\\laravel\\framework\\src\\Illuminate\\Foundation\\Http\\Middleware\\ValidatePostSize.php(27): Illuminate\\Routing\\Pipeline->Illuminate\\Routing\\{closure}()
#57 C:\\Users\\Idriss Ketchaya\\Downloads\\Allonounou\\vendor\\laravel\\framework\\src\\Illuminate\\Pipeline\\Pipeline.php(163): Illuminate\\Foundation\\Http\\Middleware\\ValidatePostSize->handle()
#58 C:\\Users\\Idriss Ketchaya\\Downloads\\Allonounou\\vendor\\laravel\\framework\\src\\Illuminate\\Routing\\Pipeline.php(53): Illuminate\\Pipeline\\Pipeline->Illuminate\\Pipeline\\{closure}()
#59 C:\\Users\\Idriss Ketchaya\\Downloads\\Allonounou\\vendor\\laravel\\framework\\src\\Illuminate\\Foundation\\Http\\Middleware\\CheckForMaintenanceMode.php(62): Illuminate\\Routing\\Pipeline->Illuminate\\Routing\\{closure}()
#60 C:\\Users\\Idriss Ketchaya\\Downloads\\Allonounou\\vendor\\laravel\\framework\\src\\Illuminate\\Pipeline\\Pipeline.php(163): Illuminate\\Foundation\\Http\\Middleware\\CheckForMaintenanceMode->handle()
#61 C:\\Users\\Idriss Ketchaya\\Downloads\\Allonounou\\vendor\\laravel\\framework\\src\\Illuminate\\Routing\\Pipeline.php(53): Illuminate\\Pipeline\\Pipeline->Illuminate\\Pipeline\\{closure}()
#62 C:\\Users\\Idriss Ketchaya\\Downloads\\Allonounou\\vendor\\fideloper\\proxy\\src\\TrustProxies.php(57): Illuminate\\Routing\\Pipeline->Illuminate\\Routing\\{closure}()
#63 C:\\Users\\Idriss Ketchaya\\Downloads\\Allonounou\\vendor\\laravel\\framework\\src\\Illuminate\\Pipeline\\Pipeline.php(163): Fideloper\\Proxy\\TrustProxies->handle()
#64 C:\\Users\\Idriss Ketchaya\\Downloads\\Allonounou\\vendor\\laravel\\framework\\src\\Illuminate\\Routing\\Pipeline.php(53): Illuminate\\Pipeline\\Pipeline->Illuminate\\Pipeline\\{closure}()
#65 C:\\Users\\Idriss Ketchaya\\Downloads\\Allonounou\\vendor\\laravel\\framework\\src\\Illuminate\\Pipeline\\Pipeline.php(104): Illuminate\\Routing\\Pipeline->Illuminate\\Routing\\{closure}()
#66 C:\\Users\\Idriss Ketchaya\\Downloads\\Allonounou\\vendor\\laravel\\framework\\src\\Illuminate\\Foundation\\Http\\Kernel.php(151): Illuminate\\Pipeline\\Pipeline->then()
#67 C:\\Users\\Idriss Ketchaya\\Downloads\\Allonounou\\vendor\\laravel\\framework\\src\\Illuminate\\Foundation\\Http\\Kernel.php(116): Illuminate\\Foundation\\Http\\Kernel->sendRequestThroughRouter()
#68 C:\\Users\\Idriss Ketchaya\\Downloads\\Allonounou\\public\\index.php(55): Illuminate\\Foundation\\Http\\Kernel->handle()
#69 C:\\Users\\Idriss Ketchaya\\Downloads\\Allonounou\\server.php(21): require_once('C:\\\\Users\\\\Idriss...')
#70 {main}
"} 
[2020-11-25 00:28:09] local.ERROR: SQLSTATE[42S22]: Column not found: 1054 Unknown column 'telephone1' in 'where clause' (SQL: select count(*) as aggregate from `users` where `telephone1` = 680987780) {"exception":"[object] (Illuminate\\Database\\QueryException(code: 42S22): SQLSTATE[42S22]: Column not found: 1054 Unknown column 'telephone1' in 'where clause' (SQL: select count(*) as aggregate from `users` where `telephone1` = 680987780) at C:\\Users\\Idriss Ketchaya\\Downloads\\Allonounou\\vendor\\laravel\\framework\\src\\Illuminate\\Database\\Connection.php:664, PDOException(code: 42S22): SQLSTATE[42S22]: Column not found: 1054 Unknown column 'telephone1' in 'where clause' at C:\\Users\\Idriss Ketchaya\\Downloads\\Allonounou\\vendor\\laravel\\framework\\src\\Illuminate\\Database\\Connection.php:326)
[stacktrace]
#0 C:\\Users\\Idriss Ketchaya\\Downloads\\Allonounou\\vendor\\laravel\\framework\\src\\Illuminate\\Database\\Connection.php(624): Illuminate\\Database\\Connection->runQueryCallback()
#1 C:\\Users\\Idriss Ketchaya\\Downloads\\Allonounou\\vendor\\laravel\\framework\\src\\Illuminate\\Database\\Connection.php(333): Illuminate\\Database\\Connection->run()
#2 C:\\Users\\Idriss Ketchaya\\Downloads\\Allonounou\\vendor\\laravel\\framework\\src\\Illuminate\\Database\\Query\\Builder.php(2130): Illuminate\\Database\\Connection->select()
#3 C:\\Users\\Idriss Ketchaya\\Downloads\\Allonounou\\vendor\\laravel\\framework\\src\\Illuminate\\Database\\Query\\Builder.php(2118): Illuminate\\Database\\Query\\Builder->runSelect()
#4 C:\\Users\\Idriss Ketchaya\\Downloads\\Allonounou\\vendor\\laravel\\framework\\src\\Illuminate\\Database\\Query\\Builder.php(2604): Illuminate\\Database\\Query\\Builder->Illuminate\\Database\\Query\\{closure}()
#5 C:\\Users\\Idriss Ketchaya\\Downloads\\Allonounou\\vendor\\laravel\\framework\\src\\Illuminate\\Database\\Query\\Builder.php(2119): Illuminate\\Database\\Query\\Builder->onceWithColumns()
#6 C:\\Users\\Idriss Ketchaya\\Downloads\\Allonounou\\vendor\\laravel\\framework\\src\\Illuminate\\Database\\Query\\Builder.php(2531): Illuminate\\Database\\Query\\Builder->get()
#7 C:\\Users\\Idriss Ketchaya\\Downloads\\Allonounou\\vendor\\laravel\\framework\\src\\Illuminate\\Database\\Query\\Builder.php(2459): Illuminate\\Database\\Query\\Builder->aggregate()
#8 C:\\Users\\Idriss Ketchaya\\Downloads\\Allonounou\\vendor\\laravel\\framework\\src\\Illuminate\\Validation\\DatabasePresenceVerifier.php(55): Illuminate\\Database\\Query\\Builder->count()
#9 C:\\Users\\Idriss Ketchaya\\Downloads\\Allonounou\\vendor\\laravel\\framework\\src\\Illuminate\\Validation\\Concerns\\ValidatesAttributes.php(755): Illuminate\\Validation\\DatabasePresenceVerifier->getCount()
#10 C:\\Users\\Idriss Ketchaya\\Downloads\\Allonounou\\vendor\\laravel\\framework\\src\\Illuminate\\Validation\\Validator.php(398): Illuminate\\Validation\\Validator->validateUnique()
#11 C:\\Users\\Idriss Ketchaya\\Downloads\\Allonounou\\vendor\\laravel\\framework\\src\\Illuminate\\Validation\\Validator.php(277): Illuminate\\Validation\\Validator->validateAttribute()
#12 C:\\Users\\Idriss Ketchaya\\Downloads\\Allonounou\\vendor\\laravel\\framework\\src\\Illuminate\\Validation\\Validator.php(302): Illuminate\\Validation\\Validator->passes()
#13 C:\\Users\\Idriss Ketchaya\\Downloads\\Allonounou\\vendor\\laravel\\framework\\src\\Illuminate\\Validation\\Validator.php(314): Illuminate\\Validation\\Validator->fails()
#14 C:\\Users\\Idriss Ketchaya\\Downloads\\Allonounou\\vendor\\laravel\\framework\\src\\Illuminate\\Foundation\\Auth\\RegistersUsers.php(31): Illuminate\\Validation\\Validator->validate()
#15 [internal function]: App\\Http\\Controllers\\Auth\\RegisterController->register()
#16 C:\\Users\\Idriss Ketchaya\\Downloads\\Allonounou\\vendor\\laravel\\framework\\src\\Illuminate\\Routing\\Controller.php(54): call_user_func_array()
#17 C:\\Users\\Idriss Ketchaya\\Downloads\\Allonounou\\vendor\\laravel\\framework\\src\\Illuminate\\Routing\\ControllerDispatcher.php(45): Illuminate\\Routing\\Controller->callAction()
#18 C:\\Users\\Idriss Ketchaya\\Downloads\\Allonounou\\vendor\\laravel\\framework\\src\\Illuminate\\Routing\\Route.php(219): Illuminate\\Routing\\ControllerDispatcher->dispatch()
#19 C:\\Users\\Idriss Ketchaya\\Downloads\\Allonounou\\vendor\\laravel\\framework\\src\\Illuminate\\Routing\\Route.php(176): Illuminate\\Routing\\Route->runController()
#20 C:\\Users\\Idriss Ketchaya\\Downloads\\Allonounou\\vendor\\laravel\\framework\\src\\Illuminate\\Routing\\Router.php(680): Illuminate\\Routing\\Route->run()
#21 C:\\Users\\Idriss Ketchaya\\Downloads\\Allonounou\\vendor\\laravel\\framework\\src\\Illuminate\\Routing\\Pipeline.php(30): Illuminate\\Routing\\Router->Illuminate\\Routing\\{closure}()
#22 C:\\Users\\Idriss Ketchaya\\Downloads\\Allonounou\\app\\Http\\Middleware\\RedirectIfAuthenticated.php(24): Illuminate\\Routing\\Pipeline->Illuminate\\Routing\\{closure}()
#23 C:\\Users\\Idriss Ketchaya\\Downloads\\Allonounou\\vendor\\laravel\\framework\\src\\Illuminate\\Pipeline\\Pipeline.php(163): App\\Http\\Middleware\\RedirectIfAuthenticated->handle()
#24 C:\\Users\\Idriss Ketchaya\\Downloads\\Allonounou\\vendor\\laravel\\framework\\src\\Illuminate\\Routing\\Pipeline.php(53): Illuminate\\Pipeline\\Pipeline->Illuminate\\Pipeline\\{closure}()
#25 C:\\Users\\Idriss Ketchaya\\Downloads\\Allonounou\\vendor\\laravel\\framework\\src\\Illuminate\\Routing\\Middleware\\SubstituteBindings.php(41): Illuminate\\Routing\\Pipeline->Illuminate\\Routing\\{closure}()
#26 C:\\Users\\Idriss Ketchaya\\Downloads\\Allonounou\\vendor\\laravel\\framework\\src\\Illuminate\\Pipeline\\Pipeline.php(163): Illuminate\\Routing\\Middleware\\SubstituteBindings->handle()
#27 C:\\Users\\Idriss Ketchaya\\Downloads\\Allonounou\\vendor\\laravel\\framework\\src\\Illuminate\\Routing\\Pipeline.php(53): Illuminate\\Pipeline\\Pipeline->Illuminate\\Pipeline\\{closure}()
#28 C:\\Users\\Idriss Ketchaya\\Downloads\\Allonounou\\vendor\\laravel\\framework\\src\\Illuminate\\Foundation\\Http\\Middleware\\VerifyCsrfToken.php(75): Illuminate\\Routing\\Pipeline->Illuminate\\Routing\\{closure}()
#29 C:\\Users\\Idriss Ketchaya\\Downloads\\Allonounou\\vendor\\laravel\\framework\\src\\Illuminate\\Pipeline\\Pipeline.php(163): Illuminate\\Foundation\\Http\\Middleware\\VerifyCsrfToken->handle()
#30 C:\\Users\\Idriss Ketchaya\\Downloads\\Allonounou\\vendor\\laravel\\framework\\src\\Illuminate\\Routing\\Pipeline.php(53): Illuminate\\Pipeline\\Pipeline->Illuminate\\Pipeline\\{closure}()
#31 C:\\Users\\Idriss Ketchaya\\Downloads\\Allonounou\\vendor\\laravel\\framework\\src\\Illuminate\\View\\Middleware\\ShareErrorsFromSession.php(49): Illuminate\\Routing\\Pipeline->Illuminate\\Routing\\{closure}()
#32 C:\\Users\\Idriss Ketchaya\\Downloads\\Allonounou\\vendor\\laravel\\framework\\src\\Illuminate\\Pipeline\\Pipeline.php(163): Illuminate\\View\\Middleware\\ShareErrorsFromSession->handle()
#33 C:\\Users\\Idriss Ketchaya\\Downloads\\Allonounou\\vendor\\laravel\\framework\\src\\Illuminate\\Routing\\Pipeline.php(53): Illuminate\\Pipeline\\Pipeline->Illuminate\\Pipeline\\{closure}()
#34 C:\\Users\\Idriss Ketchaya\\Downloads\\Allonounou\\vendor\\laravel\\framework\\src\\Illuminate\\Session\\Middleware\\StartSession.php(56): Illuminate\\Routing\\Pipeline->Illuminate\\Routing\\{closure}()
#35 C:\\Users\\Idriss Ketchaya\\Downloads\\Allonounou\\vendor\\laravel\\framework\\src\\Illuminate\\Pipeline\\Pipeline.php(163): Illuminate\\Session\\Middleware\\StartSession->handle()
#36 C:\\Users\\Idriss Ketchaya\\Downloads\\Allonounou\\vendor\\laravel\\framework\\src\\Illuminate\\Routing\\Pipeline.php(53): Illuminate\\Pipeline\\Pipeline->Illuminate\\Pipeline\\{closure}()
#37 C:\\Users\\Idriss Ketchaya\\Downloads\\Allonounou\\vendor\\laravel\\framework\\src\\Illuminate\\Cookie\\Middleware\\AddQueuedCookiesToResponse.php(37): Illuminate\\Routing\\Pipeline->Illuminate\\Routing\\{closure}()
#38 C:\\Users\\Idriss Ketchaya\\Downloads\\Allonounou\\vendor\\laravel\\framework\\src\\Illuminate\\Pipeline\\Pipeline.php(163): Illuminate\\Cookie\\Middleware\\AddQueuedCookiesToResponse->handle()
#39 C:\\Users\\Idriss Ketchaya\\Downloads\\Allonounou\\vendor\\laravel\\framework\\src\\Illuminate\\Routing\\Pipeline.php(53): Illuminate\\Pipeline\\Pipeline->Illuminate\\Pipeline\\{closure}()
#40 C:\\Users\\Idriss Ketchaya\\Downloads\\Allonounou\\vendor\\laravel\\framework\\src\\Illuminate\\Cookie\\Middleware\\EncryptCookies.php(66): Illuminate\\Routing\\Pipeline->Illuminate\\Routing\\{closure}()
#41 C:\\Users\\Idriss Ketchaya\\Downloads\\Allonounou\\vendor\\laravel\\framework\\src\\Illuminate\\Pipeline\\Pipeline.php(163): Illuminate\\Cookie\\Middleware\\EncryptCookies->handle()
#42 C:\\Users\\Idriss Ketchaya\\Downloads\\Allonounou\\vendor\\laravel\\framework\\src\\Illuminate\\Routing\\Pipeline.php(53): Illuminate\\Pipeline\\Pipeline->Illuminate\\Pipeline\\{closure}()
#43 C:\\Users\\Idriss Ketchaya\\Downloads\\Allonounou\\vendor\\laravel\\framework\\src\\Illuminate\\Pipeline\\Pipeline.php(104): Illuminate\\Routing\\Pipeline->Illuminate\\Routing\\{closure}()
#44 C:\\Users\\Idriss Ketchaya\\Downloads\\Allonounou\\vendor\\laravel\\framework\\src\\Illuminate\\Routing\\Router.php(682): Illuminate\\Pipeline\\Pipeline->then()
#45 C:\\Users\\Idriss Ketchaya\\Downloads\\Allonounou\\vendor\\laravel\\framework\\src\\Illuminate\\Routing\\Router.php(657): Illuminate\\Routing\\Router->runRouteWithinStack()
#46 C:\\Users\\Idriss Ketchaya\\Downloads\\Allonounou\\vendor\\laravel\\framework\\src\\Illuminate\\Routing\\Router.php(623): Illuminate\\Routing\\Router->runRoute()
#47 C:\\Users\\Idriss Ketchaya\\Downloads\\Allonounou\\vendor\\laravel\\framework\\src\\Illuminate\\Routing\\Router.php(612): Illuminate\\Routing\\Router->dispatchToRoute()
#48 C:\\Users\\Idriss Ketchaya\\Downloads\\Allonounou\\vendor\\laravel\\framework\\src\\Illuminate\\Foundation\\Http\\Kernel.php(176): Illuminate\\Routing\\Router->dispatch()
#49 C:\\Users\\Idriss Ketchaya\\Downloads\\Allonounou\\vendor\\laravel\\framework\\src\\Illuminate\\Routing\\Pipeline.php(30): Illuminate\\Foundation\\Http\\Kernel->Illuminate\\Foundation\\Http\\{closure}()
#50 C:\\Users\\Idriss Ketchaya\\Downloads\\Allonounou\\vendor\\laravel\\framework\\src\\Illuminate\\Foundation\\Http\\Middleware\\TransformsRequest.php(21): Illuminate\\Routing\\Pipeline->Illuminate\\Routing\\{closure}()
#51 C:\\Users\\Idriss Ketchaya\\Downloads\\Allonounou\\vendor\\laravel\\framework\\src\\Illuminate\\Pipeline\\Pipeline.php(163): Illuminate\\Foundation\\Http\\Middleware\\TransformsRequest->handle()
#52 C:\\Users\\Idriss Ketchaya\\Downloads\\Allonounou\\vendor\\laravel\\framework\\src\\Illuminate\\Routing\\Pipeline.php(53): Illuminate\\Pipeline\\Pipeline->Illuminate\\Pipeline\\{closure}()
#53 C:\\Users\\Idriss Ketchaya\\Downloads\\Allonounou\\vendor\\laravel\\framework\\src\\Illuminate\\Foundation\\Http\\Middleware\\TransformsRequest.php(21): Illuminate\\Routing\\Pipeline->Illuminate\\Routing\\{closure}()
#54 C:\\Users\\Idriss Ketchaya\\Downloads\\Allonounou\\vendor\\laravel\\framework\\src\\Illuminate\\Pipeline\\Pipeline.php(163): Illuminate\\Foundation\\Http\\Middleware\\TransformsRequest->handle()
#55 C:\\Users\\Idriss Ketchaya\\Downloads\\Allonounou\\vendor\\laravel\\framework\\src\\Illuminate\\Routing\\Pipeline.php(53): Illuminate\\Pipeline\\Pipeline->Illuminate\\Pipeline\\{closure}()
#56 C:\\Users\\Idriss Ketchaya\\Downloads\\Allonounou\\vendor\\laravel\\framework\\src\\Illuminate\\Foundation\\Http\\Middleware\\ValidatePostSize.php(27): Illuminate\\Routing\\Pipeline->Illuminate\\Routing\\{closure}()
#57 C:\\Users\\Idriss Ketchaya\\Downloads\\Allonounou\\vendor\\laravel\\framework\\src\\Illuminate\\Pipeline\\Pipeline.php(163): Illuminate\\Foundation\\Http\\Middleware\\ValidatePostSize->handle()
#58 C:\\Users\\Idriss Ketchaya\\Downloads\\Allonounou\\vendor\\laravel\\framework\\src\\Illuminate\\Routing\\Pipeline.php(53): Illuminate\\Pipeline\\Pipeline->Illuminate\\Pipeline\\{closure}()
#59 C:\\Users\\Idriss Ketchaya\\Downloads\\Allonounou\\vendor\\laravel\\framework\\src\\Illuminate\\Foundation\\Http\\Middleware\\CheckForMaintenanceMode.php(62): Illuminate\\Routing\\Pipeline->Illuminate\\Routing\\{closure}()
#60 C:\\Users\\Idriss Ketchaya\\Downloads\\Allonounou\\vendor\\laravel\\framework\\src\\Illuminate\\Pipeline\\Pipeline.php(163): Illuminate\\Foundation\\Http\\Middleware\\CheckForMaintenanceMode->handle()
#61 C:\\Users\\Idriss Ketchaya\\Downloads\\Allonounou\\vendor\\laravel\\framework\\src\\Illuminate\\Routing\\Pipeline.php(53): Illuminate\\Pipeline\\Pipeline->Illuminate\\Pipeline\\{closure}()
#62 C:\\Users\\Idriss Ketchaya\\Downloads\\Allonounou\\vendor\\fideloper\\proxy\\src\\TrustProxies.php(57): Illuminate\\Routing\\Pipeline->Illuminate\\Routing\\{closure}()
#63 C:\\Users\\Idriss Ketchaya\\Downloads\\Allonounou\\vendor\\laravel\\framework\\src\\Illuminate\\Pipeline\\Pipeline.php(163): Fideloper\\Proxy\\TrustProxies->handle()
#64 C:\\Users\\Idriss Ketchaya\\Downloads\\Allonounou\\vendor\\laravel\\framework\\src\\Illuminate\\Routing\\Pipeline.php(53): Illuminate\\Pipeline\\Pipeline->Illuminate\\Pipeline\\{closure}()
#65 C:\\Users\\Idriss Ketchaya\\Downloads\\Allonounou\\vendor\\laravel\\framework\\src\\Illuminate\\Pipeline\\Pipeline.php(104): Illuminate\\Routing\\Pipeline->Illuminate\\Routing\\{closure}()
#66 C:\\Users\\Idriss Ketchaya\\Downloads\\Allonounou\\vendor\\laravel\\framework\\src\\Illuminate\\Foundation\\Http\\Kernel.php(151): Illuminate\\Pipeline\\Pipeline->then()
#67 C:\\Users\\Idriss Ketchaya\\Downloads\\Allonounou\\vendor\\laravel\\framework\\src\\Illuminate\\Foundation\\Http\\Kernel.php(116): Illuminate\\Foundation\\Http\\Kernel->sendRequestThroughRouter()
#68 C:\\Users\\Idriss Ketchaya\\Downloads\\Allonounou\\public\\index.php(55): Illuminate\\Foundation\\Http\\Kernel->handle()
#69 C:\\Users\\Idriss Ketchaya\\Downloads\\Allonounou\\server.php(21): require_once('C:\\\\Users\\\\Idriss...')
#70 {main}
"} 
[2020-11-25 06:39:44] local.ERROR: Add [nom] to fillable property to allow mass assignment on [App\Compte_recruteur]. {"exception":"[object] (Illuminate\\Database\\Eloquent\\MassAssignmentException(code: 0): Add [nom] to fillable property to allow mass assignment on [App\\Compte_recruteur]. at C:\\Users\\Idriss Ketchaya\\Downloads\\Allonounou\\vendor\\laravel\\framework\\src\\Illuminate\\Database\\Eloquent\\Model.php:331)
[stacktrace]
#0 C:\\Users\\Idriss Ketchaya\\Downloads\\Allonounou\\vendor\\laravel\\framework\\src\\Illuminate\\Database\\Eloquent\\Model.php(171): Illuminate\\Database\\Eloquent\\Model->fill()
#1 C:\\Users\\Idriss Ketchaya\\Downloads\\Allonounou\\vendor\\laravel\\framework\\src\\Illuminate\\Database\\Eloquent\\Model.php(392): Illuminate\\Database\\Eloquent\\Model->__construct()
#2 C:\\Users\\Idriss Ketchaya\\Downloads\\Allonounou\\vendor\\laravel\\framework\\src\\Illuminate\\Database\\Eloquent\\Builder.php(1119): Illuminate\\Database\\Eloquent\\Model->newInstance()
#3 C:\\Users\\Idriss Ketchaya\\Downloads\\Allonounou\\vendor\\laravel\\framework\\src\\Illuminate\\Database\\Eloquent\\Builder.php(794): Illuminate\\Database\\Eloquent\\Builder->newModelInstance()
#4 C:\\Users\\Idriss Ketchaya\\Downloads\\Allonounou\\vendor\\laravel\\framework\\src\\Illuminate\\Support\\Traits\\ForwardsCalls.php(23): Illuminate\\Database\\Eloquent\\Builder->create()
#5 C:\\Users\\Idriss Ketchaya\\Downloads\\Allonounou\\vendor\\laravel\\framework\\src\\Illuminate\\Database\\Eloquent\\Model.php(1618): Illuminate\\Database\\Eloquent\\Model->forwardCallTo()
#6 C:\\Users\\Idriss Ketchaya\\Downloads\\Allonounou\\vendor\\laravel\\framework\\src\\Illuminate\\Database\\Eloquent\\Model.php(1630): Illuminate\\Database\\Eloquent\\Model->__call()
#7 C:\\Users\\Idriss Ketchaya\\Downloads\\Allonounou\\app\\Http\\Controllers\\Auth\\RegisterController.php(103): Illuminate\\Database\\Eloquent\\Model::__callStatic()
#8 C:\\Users\\Idriss Ketchaya\\Downloads\\Allonounou\\vendor\\laravel\\framework\\src\\Illuminate\\Foundation\\Auth\\RegistersUsers.php(33): App\\Http\\Controllers\\Auth\\RegisterController->create()
#9 [internal function]: App\\Http\\Controllers\\Auth\\RegisterController->register()
#10 C:\\Users\\Idriss Ketchaya\\Downloads\\Allonounou\\vendor\\laravel\\framework\\src\\Illuminate\\Routing\\Controller.php(54): call_user_func_array()
#11 C:\\Users\\Idriss Ketchaya\\Downloads\\Allonounou\\vendor\\laravel\\framework\\src\\Illuminate\\Routing\\ControllerDispatcher.php(45): Illuminate\\Routing\\Controller->callAction()
#12 C:\\Users\\Idriss Ketchaya\\Downloads\\Allonounou\\vendor\\laravel\\framework\\src\\Illuminate\\Routing\\Route.php(219): Illuminate\\Routing\\ControllerDispatcher->dispatch()
#13 C:\\Users\\Idriss Ketchaya\\Downloads\\Allonounou\\vendor\\laravel\\framework\\src\\Illuminate\\Routing\\Route.php(176): Illuminate\\Routing\\Route->runController()
#14 C:\\Users\\Idriss Ketchaya\\Downloads\\Allonounou\\vendor\\laravel\\framework\\src\\Illuminate\\Routing\\Router.php(680): Illuminate\\Routing\\Route->run()
#15 C:\\Users\\Idriss Ketchaya\\Downloads\\Allonounou\\vendor\\laravel\\framework\\src\\Illuminate\\Routing\\Pipeline.php(30): Illuminate\\Routing\\Router->Illuminate\\Routing\\{closure}()
#16 C:\\Users\\Idriss Ketchaya\\Downloads\\Allonounou\\app\\Http\\Middleware\\RedirectIfAuthenticated.php(24): Illuminate\\Routing\\Pipeline->Illuminate\\Routing\\{closure}()
#17 C:\\Users\\Idriss Ketchaya\\Downloads\\Allonounou\\vendor\\laravel\\framework\\src\\Illuminate\\Pipeline\\Pipeline.php(163): App\\Http\\Middleware\\RedirectIfAuthenticated->handle()
#18 C:\\Users\\Idriss Ketchaya\\Downloads\\Allonounou\\vendor\\laravel\\framework\\src\\Illuminate\\Routing\\Pipeline.php(53): Illuminate\\Pipeline\\Pipeline->Illuminate\\Pipeline\\{closure}()
#19 C:\\Users\\Idriss Ketchaya\\Downloads\\Allonounou\\vendor\\laravel\\framework\\src\\Illuminate\\Routing\\Middleware\\SubstituteBindings.php(41): Illuminate\\Routing\\Pipeline->Illuminate\\Routing\\{closure}()
#20 C:\\Users\\Idriss Ketchaya\\Downloads\\Allonounou\\vendor\\laravel\\framework\\src\\Illuminate\\Pipeline\\Pipeline.php(163): Illuminate\\Routing\\Middleware\\SubstituteBindings->handle()
#21 C:\\Users\\Idriss Ketchaya\\Downloads\\Allonounou\\vendor\\laravel\\framework\\src\\Illuminate\\Routing\\Pipeline.php(53): Illuminate\\Pipeline\\Pipeline->Illuminate\\Pipeline\\{closure}()
#22 C:\\Users\\Idriss Ketchaya\\Downloads\\Allonounou\\vendor\\laravel\\framework\\src\\Illuminate\\Foundation\\Http\\Middleware\\VerifyCsrfToken.php(75): Illuminate\\Routing\\Pipeline->Illuminate\\Routing\\{closure}()
#23 C:\\Users\\Idriss Ketchaya\\Downloads\\Allonounou\\vendor\\laravel\\framework\\src\\Illuminate\\Pipeline\\Pipeline.php(163): Illuminate\\Foundation\\Http\\Middleware\\VerifyCsrfToken->handle()
#24 C:\\Users\\Idriss Ketchaya\\Downloads\\Allonounou\\vendor\\laravel\\framework\\src\\Illuminate\\Routing\\Pipeline.php(53): Illuminate\\Pipeline\\Pipeline->Illuminate\\Pipeline\\{closure}()
#25 C:\\Users\\Idriss Ketchaya\\Downloads\\Allonounou\\vendor\\laravel\\framework\\src\\Illuminate\\View\\Middleware\\ShareErrorsFromSession.php(49): Illuminate\\Routing\\Pipeline->Illuminate\\Routing\\{closure}()
#26 C:\\Users\\Idriss Ketchaya\\Downloads\\Allonounou\\vendor\\laravel\\framework\\src\\Illuminate\\Pipeline\\Pipeline.php(163): Illuminate\\View\\Middleware\\ShareErrorsFromSession->handle()
#27 C:\\Users\\Idriss Ketchaya\\Downloads\\Allonounou\\vendor\\laravel\\framework\\src\\Illuminate\\Routing\\Pipeline.php(53): Illuminate\\Pipeline\\Pipeline->Illuminate\\Pipeline\\{closure}()
#28 C:\\Users\\Idriss Ketchaya\\Downloads\\Allonounou\\vendor\\laravel\\framework\\src\\Illuminate\\Session\\Middleware\\StartSession.php(56): Illuminate\\Routing\\Pipeline->Illuminate\\Routing\\{closure}()
#29 C:\\Users\\Idriss Ketchaya\\Downloads\\Allonounou\\vendor\\laravel\\framework\\src\\Illuminate\\Pipeline\\Pipeline.php(163): Illuminate\\Session\\Middleware\\StartSession->handle()
#30 C:\\Users\\Idriss Ketchaya\\Downloads\\Allonounou\\vendor\\laravel\\framework\\src\\Illuminate\\Routing\\Pipeline.php(53): Illuminate\\Pipeline\\Pipeline->Illuminate\\Pipeline\\{closure}()
#31 C:\\Users\\Idriss Ketchaya\\Downloads\\Allonounou\\vendor\\laravel\\framework\\src\\Illuminate\\Cookie\\Middleware\\AddQueuedCookiesToResponse.php(37): Illuminate\\Routing\\Pipeline->Illuminate\\Routing\\{closure}()
#32 C:\\Users\\Idriss Ketchaya\\Downloads\\Allonounou\\vendor\\laravel\\framework\\src\\Illuminate\\Pipeline\\Pipeline.php(163): Illuminate\\Cookie\\Middleware\\AddQueuedCookiesToResponse->handle()
#33 C:\\Users\\Idriss Ketchaya\\Downloads\\Allonounou\\vendor\\laravel\\framework\\src\\Illuminate\\Routing\\Pipeline.php(53): Illuminate\\Pipeline\\Pipeline->Illuminate\\Pipeline\\{closure}()
#34 C:\\Users\\Idriss Ketchaya\\Downloads\\Allonounou\\vendor\\laravel\\framework\\src\\Illuminate\\Cookie\\Middleware\\EncryptCookies.php(66): Illuminate\\Routing\\Pipeline->Illuminate\\Routing\\{closure}()
#35 C:\\Users\\Idriss Ketchaya\\Downloads\\Allonounou\\vendor\\laravel\\framework\\src\\Illuminate\\Pipeline\\Pipeline.php(163): Illuminate\\Cookie\\Middleware\\EncryptCookies->handle()
#36 C:\\Users\\Idriss Ketchaya\\Downloads\\Allonounou\\vendor\\laravel\\framework\\src\\Illuminate\\Routing\\Pipeline.php(53): Illuminate\\Pipeline\\Pipeline->Illuminate\\Pipeline\\{closure}()
#37 C:\\Users\\Idriss Ketchaya\\Downloads\\Allonounou\\vendor\\laravel\\framework\\src\\Illuminate\\Pipeline\\Pipeline.php(104): Illuminate\\Routing\\Pipeline->Illuminate\\Routing\\{closure}()
#38 C:\\Users\\Idriss Ketchaya\\Downloads\\Allonounou\\vendor\\laravel\\framework\\src\\Illuminate\\Routing\\Router.php(682): Illuminate\\Pipeline\\Pipeline->then()
#39 C:\\Users\\Idriss Ketchaya\\Downloads\\Allonounou\\vendor\\laravel\\framework\\src\\Illuminate\\Routing\\Router.php(657): Illuminate\\Routing\\Router->runRouteWithinStack()
#40 C:\\Users\\Idriss Ketchaya\\Downloads\\Allonounou\\vendor\\laravel\\framework\\src\\Illuminate\\Routing\\Router.php(623): Illuminate\\Routing\\Router->runRoute()
#41 C:\\Users\\Idriss Ketchaya\\Downloads\\Allonounou\\vendor\\laravel\\framework\\src\\Illuminate\\Routing\\Router.php(612): Illuminate\\Routing\\Router->dispatchToRoute()
#42 C:\\Users\\Idriss Ketchaya\\Downloads\\Allonounou\\vendor\\laravel\\framework\\src\\Illuminate\\Foundation\\Http\\Kernel.php(176): Illuminate\\Routing\\Router->dispatch()
#43 C:\\Users\\Idriss Ketchaya\\Downloads\\Allonounou\\vendor\\laravel\\framework\\src\\Illuminate\\Routing\\Pipeline.php(30): Illuminate\\Foundation\\Http\\Kernel->Illuminate\\Foundation\\Http\\{closure}()
#44 C:\\Users\\Idriss Ketchaya\\Downloads\\Allonounou\\vendor\\laravel\\framework\\src\\Illuminate\\Foundation\\Http\\Middleware\\TransformsRequest.php(21): Illuminate\\Routing\\Pipeline->Illuminate\\Routing\\{closure}()
#45 C:\\Users\\Idriss Ketchaya\\Downloads\\Allonounou\\vendor\\laravel\\framework\\src\\Illuminate\\Pipeline\\Pipeline.php(163): Illuminate\\Foundation\\Http\\Middleware\\TransformsRequest->handle()
#46 C:\\Users\\Idriss Ketchaya\\Downloads\\Allonounou\\vendor\\laravel\\framework\\src\\Illuminate\\Routing\\Pipeline.php(53): Illuminate\\Pipeline\\Pipeline->Illuminate\\Pipeline\\{closure}()
#47 C:\\Users\\Idriss Ketchaya\\Downloads\\Allonounou\\vendor\\laravel\\framework\\src\\Illuminate\\Foundation\\Http\\Middleware\\TransformsRequest.php(21): Illuminate\\Routing\\Pipeline->Illuminate\\Routing\\{closure}()
#48 C:\\Users\\Idriss Ketchaya\\Downloads\\Allonounou\\vendor\\laravel\\framework\\src\\Illuminate\\Pipeline\\Pipeline.php(163): Illuminate\\Foundation\\Http\\Middleware\\TransformsRequest->handle()
#49 C:\\Users\\Idriss Ketchaya\\Downloads\\Allonounou\\vendor\\laravel\\framework\\src\\Illuminate\\Routing\\Pipeline.php(53): Illuminate\\Pipeline\\Pipeline->Illuminate\\Pipeline\\{closure}()
#50 C:\\Users\\Idriss Ketchaya\\Downloads\\Allonounou\\vendor\\laravel\\framework\\src\\Illuminate\\Foundation\\Http\\Middleware\\ValidatePostSize.php(27): Illuminate\\Routing\\Pipeline->Illuminate\\Routing\\{closure}()
#51 C:\\Users\\Idriss Ketchaya\\Downloads\\Allonounou\\vendor\\laravel\\framework\\src\\Illuminate\\Pipeline\\Pipeline.php(163): Illuminate\\Foundation\\Http\\Middleware\\ValidatePostSize->handle()
#52 C:\\Users\\Idriss Ketchaya\\Downloads\\Allonounou\\vendor\\laravel\\framework\\src\\Illuminate\\Routing\\Pipeline.php(53): Illuminate\\Pipeline\\Pipeline->Illuminate\\Pipeline\\{closure}()
#53 C:\\Users\\Idriss Ketchaya\\Downloads\\Allonounou\\vendor\\laravel\\framework\\src\\Illuminate\\Foundation\\Http\\Middleware\\CheckForMaintenanceMode.php(62): Illuminate\\Routing\\Pipeline->Illuminate\\Routing\\{closure}()
#54 C:\\Users\\Idriss Ketchaya\\Downloads\\Allonounou\\vendor\\laravel\\framework\\src\\Illuminate\\Pipeline\\Pipeline.php(163): Illuminate\\Foundation\\Http\\Middleware\\CheckForMaintenanceMode->handle()
#55 C:\\Users\\Idriss Ketchaya\\Downloads\\Allonounou\\vendor\\laravel\\framework\\src\\Illuminate\\Routing\\Pipeline.php(53): Illuminate\\Pipeline\\Pipeline->Illuminate\\Pipeline\\{closure}()
#56 C:\\Users\\Idriss Ketchaya\\Downloads\\Allonounou\\vendor\\fideloper\\proxy\\src\\TrustProxies.php(57): Illuminate\\Routing\\Pipeline->Illuminate\\Routing\\{closure}()
#57 C:\\Users\\Idriss Ketchaya\\Downloads\\Allonounou\\vendor\\laravel\\framework\\src\\Illuminate\\Pipeline\\Pipeline.php(163): Fideloper\\Proxy\\TrustProxies->handle()
#58 C:\\Users\\Idriss Ketchaya\\Downloads\\Allonounou\\vendor\\laravel\\framework\\src\\Illuminate\\Routing\\Pipeline.php(53): Illuminate\\Pipeline\\Pipeline->Illuminate\\Pipeline\\{closure}()
#59 C:\\Users\\Idriss Ketchaya\\Downloads\\Allonounou\\vendor\\laravel\\framework\\src\\Illuminate\\Pipeline\\Pipeline.php(104): Illuminate\\Routing\\Pipeline->Illuminate\\Routing\\{closure}()
#60 C:\\Users\\Idriss Ketchaya\\Downloads\\Allonounou\\vendor\\laravel\\framework\\src\\Illuminate\\Foundation\\Http\\Kernel.php(151): Illuminate\\Pipeline\\Pipeline->then()
#61 C:\\Users\\Idriss Ketchaya\\Downloads\\Allonounou\\vendor\\laravel\\framework\\src\\Illuminate\\Foundation\\Http\\Kernel.php(116): Illuminate\\Foundation\\Http\\Kernel->sendRequestThroughRouter()
#62 C:\\Users\\Idriss Ketchaya\\Downloads\\Allonounou\\public\\index.php(55): Illuminate\\Foundation\\Http\\Kernel->handle()
#63 C:\\Users\\Idriss Ketchaya\\Downloads\\Allonounou\\server.php(21): require_once('C:\\\\Users\\\\Idriss...')
#64 {main}
"} 
[2020-11-25 08:51:10] local.ERROR: SQLSTATE[42S22]: Column not found: 1054 Unknown column '0' in 'where clause' (SQL: select * from `users` where `telephone1` = 698519457 and `0` = 1 limit 1) {"exception":"[object] (Illuminate\\Database\\QueryException(code: 42S22): SQLSTATE[42S22]: Column not found: 1054 Unknown column '0' in 'where clause' (SQL: select * from `users` where `telephone1` = 698519457 and `0` = 1 limit 1) at C:\\Users\\Idriss Ketchaya\\Downloads\\Allonounou\\vendor\\laravel\\framework\\src\\Illuminate\\Database\\Connection.php:664, PDOException(code: 42S22): SQLSTATE[42S22]: Column not found: 1054 Unknown column '0' in 'where clause' at C:\\Users\\Idriss Ketchaya\\Downloads\\Allonounou\\vendor\\laravel\\framework\\src\\Illuminate\\Database\\Connection.php:326)
[stacktrace]
#0 C:\\Users\\Idriss Ketchaya\\Downloads\\Allonounou\\vendor\\laravel\\framework\\src\\Illuminate\\Database\\Connection.php(624): Illuminate\\Database\\Connection->runQueryCallback()
#1 C:\\Users\\Idriss Ketchaya\\Downloads\\Allonounou\\vendor\\laravel\\framework\\src\\Illuminate\\Database\\Connection.php(333): Illuminate\\Database\\Connection->run()
#2 C:\\Users\\Idriss Ketchaya\\Downloads\\Allonounou\\vendor\\laravel\\framework\\src\\Illuminate\\Database\\Query\\Builder.php(2130): Illuminate\\Database\\Connection->select()
#3 C:\\Users\\Idriss Ketchaya\\Downloads\\Allonounou\\vendor\\laravel\\framework\\src\\Illuminate\\Database\\Query\\Builder.php(2118): Illuminate\\Database\\Query\\Builder->runSelect()
#4 C:\\Users\\Idriss Ketchaya\\Downloads\\Allonounou\\vendor\\laravel\\framework\\src\\Illuminate\\Database\\Query\\Builder.php(2604): Illuminate\\Database\\Query\\Builder->Illuminate\\Database\\Query\\{closure}()
#5 C:\\Users\\Idriss Ketchaya\\Downloads\\Allonounou\\vendor\\laravel\\framework\\src\\Illuminate\\Database\\Query\\Builder.php(2119): Illuminate\\Database\\Query\\Builder->onceWithColumns()
#6 C:\\Users\\Idriss Ketchaya\\Downloads\\Allonounou\\vendor\\laravel\\framework\\src\\Illuminate\\Database\\Eloquent\\Builder.php(521): Illuminate\\Database\\Query\\Builder->get()
#7 C:\\Users\\Idriss Ketchaya\\Downloads\\Allonounou\\vendor\\laravel\\framework\\src\\Illuminate\\Database\\Eloquent\\Builder.php(505): Illuminate\\Database\\Eloquent\\Builder->getModels()
#8 C:\\Users\\Idriss Ketchaya\\Downloads\\Allonounou\\vendor\\laravel\\framework\\src\\Illuminate\\Database\\Concerns\\BuildsQueries.php(77): Illuminate\\Database\\Eloquent\\Builder->get()
#9 C:\\Users\\Idriss Ketchaya\\Downloads\\Allonounou\\vendor\\laravel\\framework\\src\\Illuminate\\Auth\\EloquentUserProvider.php(131): Illuminate\\Database\\Eloquent\\Builder->first()
#10 C:\\Users\\Idriss Ketchaya\\Downloads\\Allonounou\\vendor\\laravel\\framework\\src\\Illuminate\\Auth\\SessionGuard.php(349): Illuminate\\Auth\\EloquentUserProvider->retrieveByCredentials()
#11 C:\\Users\\Idriss Ketchaya\\Downloads\\Allonounou\\app\\Http\\Controllers\\Auth\\RegisterController.php(155): Illuminate\\Auth\\SessionGuard->attempt()
#12 [internal function]: App\\Http\\Controllers\\Auth\\RegisterController->storeRecruteur()
#13 C:\\Users\\Idriss Ketchaya\\Downloads\\Allonounou\\vendor\\laravel\\framework\\src\\Illuminate\\Routing\\Controller.php(54): call_user_func_array()
#14 C:\\Users\\Idriss Ketchaya\\Downloads\\Allonounou\\vendor\\laravel\\framework\\src\\Illuminate\\Routing\\ControllerDispatcher.php(45): Illuminate\\Routing\\Controller->callAction()
#15 C:\\Users\\Idriss Ketchaya\\Downloads\\Allonounou\\vendor\\laravel\\framework\\src\\Illuminate\\Routing\\Route.php(219): Illuminate\\Routing\\ControllerDispatcher->dispatch()
#16 C:\\Users\\Idriss Ketchaya\\Downloads\\Allonounou\\vendor\\laravel\\framework\\src\\Illuminate\\Routing\\Route.php(176): Illuminate\\Routing\\Route->runController()
#17 C:\\Users\\Idriss Ketchaya\\Downloads\\Allonounou\\vendor\\laravel\\framework\\src\\Illuminate\\Routing\\Router.php(680): Illuminate\\Routing\\Route->run()
#18 C:\\Users\\Idriss Ketchaya\\Downloads\\Allonounou\\vendor\\laravel\\framework\\src\\Illuminate\\Routing\\Pipeline.php(30): Illuminate\\Routing\\Router->Illuminate\\Routing\\{closure}()
#19 C:\\Users\\Idriss Ketchaya\\Downloads\\Allonounou\\app\\Http\\Middleware\\RedirectIfAuthenticated.php(24): Illuminate\\Routing\\Pipeline->Illuminate\\Routing\\{closure}()
#20 C:\\Users\\Idriss Ketchaya\\Downloads\\Allonounou\\vendor\\laravel\\framework\\src\\Illuminate\\Pipeline\\Pipeline.php(163): App\\Http\\Middleware\\RedirectIfAuthenticated->handle()
#21 C:\\Users\\Idriss Ketchaya\\Downloads\\Allonounou\\vendor\\laravel\\framework\\src\\Illuminate\\Routing\\Pipeline.php(53): Illuminate\\Pipeline\\Pipeline->Illuminate\\Pipeline\\{closure}()
#22 C:\\Users\\Idriss Ketchaya\\Downloads\\Allonounou\\vendor\\laravel\\framework\\src\\Illuminate\\Routing\\Middleware\\SubstituteBindings.php(41): Illuminate\\Routing\\Pipeline->Illuminate\\Routing\\{closure}()
#23 C:\\Users\\Idriss Ketchaya\\Downloads\\Allonounou\\vendor\\laravel\\framework\\src\\Illuminate\\Pipeline\\Pipeline.php(163): Illuminate\\Routing\\Middleware\\SubstituteBindings->handle()
#24 C:\\Users\\Idriss Ketchaya\\Downloads\\Allonounou\\vendor\\laravel\\framework\\src\\Illuminate\\Routing\\Pipeline.php(53): Illuminate\\Pipeline\\Pipeline->Illuminate\\Pipeline\\{closure}()
#25 C:\\Users\\Idriss Ketchaya\\Downloads\\Allonounou\\vendor\\laravel\\framework\\src\\Illuminate\\Foundation\\Http\\Middleware\\VerifyCsrfToken.php(75): Illuminate\\Routing\\Pipeline->Illuminate\\Routing\\{closure}()
#26 C:\\Users\\Idriss Ketchaya\\Downloads\\Allonounou\\vendor\\laravel\\framework\\src\\Illuminate\\Pipeline\\Pipeline.php(163): Illuminate\\Foundation\\Http\\Middleware\\VerifyCsrfToken->handle()
#27 C:\\Users\\Idriss Ketchaya\\Downloads\\Allonounou\\vendor\\laravel\\framework\\src\\Illuminate\\Routing\\Pipeline.php(53): Illuminate\\Pipeline\\Pipeline->Illuminate\\Pipeline\\{closure}()
#28 C:\\Users\\Idriss Ketchaya\\Downloads\\Allonounou\\vendor\\laravel\\framework\\src\\Illuminate\\View\\Middleware\\ShareErrorsFromSession.php(49): Illuminate\\Routing\\Pipeline->Illuminate\\Routing\\{closure}()
#29 C:\\Users\\Idriss Ketchaya\\Downloads\\Allonounou\\vendor\\laravel\\framework\\src\\Illuminate\\Pipeline\\Pipeline.php(163): Illuminate\\View\\Middleware\\ShareErrorsFromSession->handle()
#30 C:\\Users\\Idriss Ketchaya\\Downloads\\Allonounou\\vendor\\laravel\\framework\\src\\Illuminate\\Routing\\Pipeline.php(53): Illuminate\\Pipeline\\Pipeline->Illuminate\\Pipeline\\{closure}()
#31 C:\\Users\\Idriss Ketchaya\\Downloads\\Allonounou\\vendor\\laravel\\framework\\src\\Illuminate\\Session\\Middleware\\StartSession.php(56): Illuminate\\Routing\\Pipeline->Illuminate\\Routing\\{closure}()
#32 C:\\Users\\Idriss Ketchaya\\Downloads\\Allonounou\\vendor\\laravel\\framework\\src\\Illuminate\\Pipeline\\Pipeline.php(163): Illuminate\\Session\\Middleware\\StartSession->handle()
#33 C:\\Users\\Idriss Ketchaya\\Downloads\\Allonounou\\vendor\\laravel\\framework\\src\\Illuminate\\Routing\\Pipeline.php(53): Illuminate\\Pipeline\\Pipeline->Illuminate\\Pipeline\\{closure}()
#34 C:\\Users\\Idriss Ketchaya\\Downloads\\Allonounou\\vendor\\laravel\\framework\\src\\Illuminate\\Cookie\\Middleware\\AddQueuedCookiesToResponse.php(37): Illuminate\\Routing\\Pipeline->Illuminate\\Routing\\{closure}()
#35 C:\\Users\\Idriss Ketchaya\\Downloads\\Allonounou\\vendor\\laravel\\framework\\src\\Illuminate\\Pipeline\\Pipeline.php(163): Illuminate\\Cookie\\Middleware\\AddQueuedCookiesToResponse->handle()
#36 C:\\Users\\Idriss Ketchaya\\Downloads\\Allonounou\\vendor\\laravel\\framework\\src\\Illuminate\\Routing\\Pipeline.php(53): Illuminate\\Pipeline\\Pipeline->Illuminate\\Pipeline\\{closure}()
#37 C:\\Users\\Idriss Ketchaya\\Downloads\\Allonounou\\vendor\\laravel\\framework\\src\\Illuminate\\Cookie\\Middleware\\EncryptCookies.php(66): Illuminate\\Routing\\Pipeline->Illuminate\\Routing\\{closure}()
#38 C:\\Users\\Idriss Ketchaya\\Downloads\\Allonounou\\vendor\\laravel\\framework\\src\\Illuminate\\Pipeline\\Pipeline.php(163): Illuminate\\Cookie\\Middleware\\EncryptCookies->handle()
#39 C:\\Users\\Idriss Ketchaya\\Downloads\\Allonounou\\vendor\\laravel\\framework\\src\\Illuminate\\Routing\\Pipeline.php(53): Illuminate\\Pipeline\\Pipeline->Illuminate\\Pipeline\\{closure}()
#40 C:\\Users\\Idriss Ketchaya\\Downloads\\Allonounou\\vendor\\laravel\\framework\\src\\Illuminate\\Pipeline\\Pipeline.php(104): Illuminate\\Routing\\Pipeline->Illuminate\\Routing\\{closure}()
#41 C:\\Users\\Idriss Ketchaya\\Downloads\\Allonounou\\vendor\\laravel\\framework\\src\\Illuminate\\Routing\\Router.php(682): Illuminate\\Pipeline\\Pipeline->then()
#42 C:\\Users\\Idriss Ketchaya\\Downloads\\Allonounou\\vendor\\laravel\\framework\\src\\Illuminate\\Routing\\Router.php(657): Illuminate\\Routing\\Router->runRouteWithinStack()
#43 C:\\Users\\Idriss Ketchaya\\Downloads\\Allonounou\\vendor\\laravel\\framework\\src\\Illuminate\\Routing\\Router.php(623): Illuminate\\Routing\\Router->runRoute()
#44 C:\\Users\\Idriss Ketchaya\\Downloads\\Allonounou\\vendor\\laravel\\framework\\src\\Illuminate\\Routing\\Router.php(612): Illuminate\\Routing\\Router->dispatchToRoute()
#45 C:\\Users\\Idriss Ketchaya\\Downloads\\Allonounou\\vendor\\laravel\\framework\\src\\Illuminate\\Foundation\\Http\\Kernel.php(176): Illuminate\\Routing\\Router->dispatch()
#46 C:\\Users\\Idriss Ketchaya\\Downloads\\Allonounou\\vendor\\laravel\\framework\\src\\Illuminate\\Routing\\Pipeline.php(30): Illuminate\\Foundation\\Http\\Kernel->Illuminate\\Foundation\\Http\\{closure}()
#47 C:\\Users\\Idriss Ketchaya\\Downloads\\Allonounou\\vendor\\laravel\\framework\\src\\Illuminate\\Foundation\\Http\\Middleware\\TransformsRequest.php(21): Illuminate\\Routing\\Pipeline->Illuminate\\Routing\\{closure}()
#48 C:\\Users\\Idriss Ketchaya\\Downloads\\Allonounou\\vendor\\laravel\\framework\\src\\Illuminate\\Pipeline\\Pipeline.php(163): Illuminate\\Foundation\\Http\\Middleware\\TransformsRequest->handle()
#49 C:\\Users\\Idriss Ketchaya\\Downloads\\Allonounou\\vendor\\laravel\\framework\\src\\Illuminate\\Routing\\Pipeline.php(53): Illuminate\\Pipeline\\Pipeline->Illuminate\\Pipeline\\{closure}()
#50 C:\\Users\\Idriss Ketchaya\\Downloads\\Allonounou\\vendor\\laravel\\framework\\src\\Illuminate\\Foundation\\Http\\Middleware\\TransformsRequest.php(21): Illuminate\\Routing\\Pipeline->Illuminate\\Routing\\{closure}()
#51 C:\\Users\\Idriss Ketchaya\\Downloads\\Allonounou\\vendor\\laravel\\framework\\src\\Illuminate\\Pipeline\\Pipeline.php(163): Illuminate\\Foundation\\Http\\Middleware\\TransformsRequest->handle()
#52 C:\\Users\\Idriss Ketchaya\\Downloads\\Allonounou\\vendor\\laravel\\framework\\src\\Illuminate\\Routing\\Pipeline.php(53): Illuminate\\Pipeline\\Pipeline->Illuminate\\Pipeline\\{closure}()
#53 C:\\Users\\Idriss Ketchaya\\Downloads\\Allonounou\\vendor\\laravel\\framework\\src\\Illuminate\\Foundation\\Http\\Middleware\\ValidatePostSize.php(27): Illuminate\\Routing\\Pipeline->Illuminate\\Routing\\{closure}()
#54 C:\\Users\\Idriss Ketchaya\\Downloads\\Allonounou\\vendor\\laravel\\framework\\src\\Illuminate\\Pipeline\\Pipeline.php(163): Illuminate\\Foundation\\Http\\Middleware\\ValidatePostSize->handle()
#55 C:\\Users\\Idriss Ketchaya\\Downloads\\Allonounou\\vendor\\laravel\\framework\\src\\Illuminate\\Routing\\Pipeline.php(53): Illuminate\\Pipeline\\Pipeline->Illuminate\\Pipeline\\{closure}()
#56 C:\\Users\\Idriss Ketchaya\\Downloads\\Allonounou\\vendor\\laravel\\framework\\src\\Illuminate\\Foundation\\Http\\Middleware\\CheckForMaintenanceMode.php(62): Illuminate\\Routing\\Pipeline->Illuminate\\Routing\\{closure}()
#57 C:\\Users\\Idriss Ketchaya\\Downloads\\Allonounou\\vendor\\laravel\\framework\\src\\Illuminate\\Pipeline\\Pipeline.php(163): Illuminate\\Foundation\\Http\\Middleware\\CheckForMaintenanceMode->handle()
#58 C:\\Users\\Idriss Ketchaya\\Downloads\\Allonounou\\vendor\\laravel\\framework\\src\\Illuminate\\Routing\\Pipeline.php(53): Illuminate\\Pipeline\\Pipeline->Illuminate\\Pipeline\\{closure}()
#59 C:\\Users\\Idriss Ketchaya\\Downloads\\Allonounou\\vendor\\fideloper\\proxy\\src\\TrustProxies.php(57): Illuminate\\Routing\\Pipeline->Illuminate\\Routing\\{closure}()
#60 C:\\Users\\Idriss Ketchaya\\Downloads\\Allonounou\\vendor\\laravel\\framework\\src\\Illuminate\\Pipeline\\Pipeline.php(163): Fideloper\\Proxy\\TrustProxies->handle()
#61 C:\\Users\\Idriss Ketchaya\\Downloads\\Allonounou\\vendor\\laravel\\framework\\src\\Illuminate\\Routing\\Pipeline.php(53): Illuminate\\Pipeline\\Pipeline->Illuminate\\Pipeline\\{closure}()
#62 C:\\Users\\Idriss Ketchaya\\Downloads\\Allonounou\\vendor\\laravel\\framework\\src\\Illuminate\\Pipeline\\Pipeline.php(104): Illuminate\\Routing\\Pipeline->Illuminate\\Routing\\{closure}()
#63 C:\\Users\\Idriss Ketchaya\\Downloads\\Allonounou\\vendor\\laravel\\framework\\src\\Illuminate\\Foundation\\Http\\Kernel.php(151): Illuminate\\Pipeline\\Pipeline->then()
#64 C:\\Users\\Idriss Ketchaya\\Downloads\\Allonounou\\vendor\\laravel\\framework\\src\\Illuminate\\Foundation\\Http\\Kernel.php(116): Illuminate\\Foundation\\Http\\Kernel->sendRequestThroughRouter()
#65 C:\\Users\\Idriss Ketchaya\\Downloads\\Allonounou\\public\\index.php(55): Illuminate\\Foundation\\Http\\Kernel->handle()
#66 C:\\Users\\Idriss Ketchaya\\Downloads\\Allonounou\\server.php(21): require_once('C:\\\\Users\\\\Idriss...')
#67 {main}
"} 
[2020-11-25 09:08:27] local.ERROR: SQLSTATE[42S22]: Column not found: 1054 Unknown column 'age' in 'field list' (SQL: insert into `compte_recruteurs` (`nom`, `telephone1`, `telephone2`, `telephone3`, `age`, `situation_matrimoniale`, `age_dernier_enfant`, `metier`, `age_dernier_metier`, `niveau_etude`, `langue`, `updated_at`, `created_at`) values (Idriss Jordan KETCHAYA NKOUADYI, 6985194457, 6985194457, 680987783, 35, celibataire, 4, Cuisinier, 5, Licence, Francais, 2020-11-25 09:08:27, 2020-11-25 09:08:27)) {"exception":"[object] (Illuminate\\Database\\QueryException(code: 42S22): SQLSTATE[42S22]: Column not found: 1054 Unknown column 'age' in 'field list' (SQL: insert into `compte_recruteurs` (`nom`, `telephone1`, `telephone2`, `telephone3`, `age`, `situation_matrimoniale`, `age_dernier_enfant`, `metier`, `age_dernier_metier`, `niveau_etude`, `langue`, `updated_at`, `created_at`) values (Idriss Jordan KETCHAYA NKOUADYI, 6985194457, 6985194457, 680987783, 35, celibataire, 4, Cuisinier, 5, Licence, Francais, 2020-11-25 09:08:27, 2020-11-25 09:08:27)) at C:\\Users\\Idriss Ketchaya\\Downloads\\Allonounou\\vendor\\laravel\\framework\\src\\Illuminate\\Database\\Connection.php:664, PDOException(code: 42S22): SQLSTATE[42S22]: Column not found: 1054 Unknown column 'age' in 'field list' at C:\\Users\\Idriss Ketchaya\\Downloads\\Allonounou\\vendor\\laravel\\framework\\src\\Illuminate\\Database\\Connection.php:452)
[stacktrace]
#0 C:\\Users\\Idriss Ketchaya\\Downloads\\Allonounou\\vendor\\laravel\\framework\\src\\Illuminate\\Database\\Connection.php(624): Illuminate\\Database\\Connection->runQueryCallback()
#1 C:\\Users\\Idriss Ketchaya\\Downloads\\Allonounou\\vendor\\laravel\\framework\\src\\Illuminate\\Database\\Connection.php(459): Illuminate\\Database\\Connection->run()
#2 C:\\Users\\Idriss Ketchaya\\Downloads\\Allonounou\\vendor\\laravel\\framework\\src\\Illuminate\\Database\\Connection.php(411): Illuminate\\Database\\Connection->statement()
#3 C:\\Users\\Idriss Ketchaya\\Downloads\\Allonounou\\vendor\\laravel\\framework\\src\\Illuminate\\Database\\Query\\Processors\\Processor.php(32): Illuminate\\Database\\Connection->insert()
#4 C:\\Users\\Idriss Ketchaya\\Downloads\\Allonounou\\vendor\\laravel\\framework\\src\\Illuminate\\Database\\Query\\Builder.php(2690): Illuminate\\Database\\Query\\Processors\\Processor->processInsertGetId()
#5 C:\\Users\\Idriss Ketchaya\\Downloads\\Allonounou\\vendor\\laravel\\framework\\src\\Illuminate\\Database\\Eloquent\\Builder.php(1353): Illuminate\\Database\\Query\\Builder->insertGetId()
#6 C:\\Users\\Idriss Ketchaya\\Downloads\\Allonounou\\vendor\\laravel\\framework\\src\\Illuminate\\Database\\Eloquent\\Model.php(839): Illuminate\\Database\\Eloquent\\Builder->__call()
#7 C:\\Users\\Idriss Ketchaya\\Downloads\\Allonounou\\vendor\\laravel\\framework\\src\\Illuminate\\Database\\Eloquent\\Model.php(804): Illuminate\\Database\\Eloquent\\Model->insertAndSetId()
#8 C:\\Users\\Idriss Ketchaya\\Downloads\\Allonounou\\vendor\\laravel\\framework\\src\\Illuminate\\Database\\Eloquent\\Model.php(667): Illuminate\\Database\\Eloquent\\Model->performInsert()
#9 C:\\Users\\Idriss Ketchaya\\Downloads\\Allonounou\\app\\Http\\Controllers\\Auth\\RegisterController.php(192): Illuminate\\Database\\Eloquent\\Model->save()
#10 [internal function]: App\\Http\\Controllers\\Auth\\RegisterController->storeDemandeur()
#11 C:\\Users\\Idriss Ketchaya\\Downloads\\Allonounou\\vendor\\laravel\\framework\\src\\Illuminate\\Routing\\Controller.php(54): call_user_func_array()
#12 C:\\Users\\Idriss Ketchaya\\Downloads\\Allonounou\\vendor\\laravel\\framework\\src\\Illuminate\\Routing\\ControllerDispatcher.php(45): Illuminate\\Routing\\Controller->callAction()
#13 C:\\Users\\Idriss Ketchaya\\Downloads\\Allonounou\\vendor\\laravel\\framework\\src\\Illuminate\\Routing\\Route.php(219): Illuminate\\Routing\\ControllerDispatcher->dispatch()
#14 C:\\Users\\Idriss Ketchaya\\Downloads\\Allonounou\\vendor\\laravel\\framework\\src\\Illuminate\\Routing\\Route.php(176): Illuminate\\Routing\\Route->runController()
#15 C:\\Users\\Idriss Ketchaya\\Downloads\\Allonounou\\vendor\\laravel\\framework\\src\\Illuminate\\Routing\\Router.php(680): Illuminate\\Routing\\Route->run()
#16 C:\\Users\\Idriss Ketchaya\\Downloads\\Allonounou\\vendor\\laravel\\framework\\src\\Illuminate\\Routing\\Pipeline.php(30): Illuminate\\Routing\\Router->Illuminate\\Routing\\{closure}()
#17 C:\\Users\\Idriss Ketchaya\\Downloads\\Allonounou\\app\\Http\\Middleware\\RedirectIfAuthenticated.php(24): Illuminate\\Routing\\Pipeline->Illuminate\\Routing\\{closure}()
#18 C:\\Users\\Idriss Ketchaya\\Downloads\\Allonounou\\vendor\\laravel\\framework\\src\\Illuminate\\Pipeline\\Pipeline.php(163): App\\Http\\Middleware\\RedirectIfAuthenticated->handle()
#19 C:\\Users\\Idriss Ketchaya\\Downloads\\Allonounou\\vendor\\laravel\\framework\\src\\Illuminate\\Routing\\Pipeline.php(53): Illuminate\\Pipeline\\Pipeline->Illuminate\\Pipeline\\{closure}()
#20 C:\\Users\\Idriss Ketchaya\\Downloads\\Allonounou\\vendor\\laravel\\framework\\src\\Illuminate\\Routing\\Middleware\\SubstituteBindings.php(41): Illuminate\\Routing\\Pipeline->Illuminate\\Routing\\{closure}()
#21 C:\\Users\\Idriss Ketchaya\\Downloads\\Allonounou\\vendor\\laravel\\framework\\src\\Illuminate\\Pipeline\\Pipeline.php(163): Illuminate\\Routing\\Middleware\\SubstituteBindings->handle()
#22 C:\\Users\\Idriss Ketchaya\\Downloads\\Allonounou\\vendor\\laravel\\framework\\src\\Illuminate\\Routing\\Pipeline.php(53): Illuminate\\Pipeline\\Pipeline->Illuminate\\Pipeline\\{closure}()
#23 C:\\Users\\Idriss Ketchaya\\Downloads\\Allonounou\\vendor\\laravel\\framework\\src\\Illuminate\\Foundation\\Http\\Middleware\\VerifyCsrfToken.php(75): Illuminate\\Routing\\Pipeline->Illuminate\\Routing\\{closure}()
#24 C:\\Users\\Idriss Ketchaya\\Downloads\\Allonounou\\vendor\\laravel\\framework\\src\\Illuminate\\Pipeline\\Pipeline.php(163): Illuminate\\Foundation\\Http\\Middleware\\VerifyCsrfToken->handle()
#25 C:\\Users\\Idriss Ketchaya\\Downloads\\Allonounou\\vendor\\laravel\\framework\\src\\Illuminate\\Routing\\Pipeline.php(53): Illuminate\\Pipeline\\Pipeline->Illuminate\\Pipeline\\{closure}()
#26 C:\\Users\\Idriss Ketchaya\\Downloads\\Allonounou\\vendor\\laravel\\framework\\src\\Illuminate\\View\\Middleware\\ShareErrorsFromSession.php(49): Illuminate\\Routing\\Pipeline->Illuminate\\Routing\\{closure}()
#27 C:\\Users\\Idriss Ketchaya\\Downloads\\Allonounou\\vendor\\laravel\\framework\\src\\Illuminate\\Pipeline\\Pipeline.php(163): Illuminate\\View\\Middleware\\ShareErrorsFromSession->handle()
#28 C:\\Users\\Idriss Ketchaya\\Downloads\\Allonounou\\vendor\\laravel\\framework\\src\\Illuminate\\Routing\\Pipeline.php(53): Illuminate\\Pipeline\\Pipeline->Illuminate\\Pipeline\\{closure}()
#29 C:\\Users\\Idriss Ketchaya\\Downloads\\Allonounou\\vendor\\laravel\\framework\\src\\Illuminate\\Session\\Middleware\\StartSession.php(56): Illuminate\\Routing\\Pipeline->Illuminate\\Routing\\{closure}()
#30 C:\\Users\\Idriss Ketchaya\\Downloads\\Allonounou\\vendor\\laravel\\framework\\src\\Illuminate\\Pipeline\\Pipeline.php(163): Illuminate\\Session\\Middleware\\StartSession->handle()
#31 C:\\Users\\Idriss Ketchaya\\Downloads\\Allonounou\\vendor\\laravel\\framework\\src\\Illuminate\\Routing\\Pipeline.php(53): Illuminate\\Pipeline\\Pipeline->Illuminate\\Pipeline\\{closure}()
#32 C:\\Users\\Idriss Ketchaya\\Downloads\\Allonounou\\vendor\\laravel\\framework\\src\\Illuminate\\Cookie\\Middleware\\AddQueuedCookiesToResponse.php(37): Illuminate\\Routing\\Pipeline->Illuminate\\Routing\\{closure}()
#33 C:\\Users\\Idriss Ketchaya\\Downloads\\Allonounou\\vendor\\laravel\\framework\\src\\Illuminate\\Pipeline\\Pipeline.php(163): Illuminate\\Cookie\\Middleware\\AddQueuedCookiesToResponse->handle()
#34 C:\\Users\\Idriss Ketchaya\\Downloads\\Allonounou\\vendor\\laravel\\framework\\src\\Illuminate\\Routing\\Pipeline.php(53): Illuminate\\Pipeline\\Pipeline->Illuminate\\Pipeline\\{closure}()
#35 C:\\Users\\Idriss Ketchaya\\Downloads\\Allonounou\\vendor\\laravel\\framework\\src\\Illuminate\\Cookie\\Middleware\\EncryptCookies.php(66): Illuminate\\Routing\\Pipeline->Illuminate\\Routing\\{closure}()
#36 C:\\Users\\Idriss Ketchaya\\Downloads\\Allonounou\\vendor\\laravel\\framework\\src\\Illuminate\\Pipeline\\Pipeline.php(163): Illuminate\\Cookie\\Middleware\\EncryptCookies->handle()
#37 C:\\Users\\Idriss Ketchaya\\Downloads\\Allonounou\\vendor\\laravel\\framework\\src\\Illuminate\\Routing\\Pipeline.php(53): Illuminate\\Pipeline\\Pipeline->Illuminate\\Pipeline\\{closure}()
#38 C:\\Users\\Idriss Ketchaya\\Downloads\\Allonounou\\vendor\\laravel\\framework\\src\\Illuminate\\Pipeline\\Pipeline.php(104): Illuminate\\Routing\\Pipeline->Illuminate\\Routing\\{closure}()
#39 C:\\Users\\Idriss Ketchaya\\Downloads\\Allonounou\\vendor\\laravel\\framework\\src\\Illuminate\\Routing\\Router.php(682): Illuminate\\Pipeline\\Pipeline->then()
#40 C:\\Users\\Idriss Ketchaya\\Downloads\\Allonounou\\vendor\\laravel\\framework\\src\\Illuminate\\Routing\\Router.php(657): Illuminate\\Routing\\Router->runRouteWithinStack()
#41 C:\\Users\\Idriss Ketchaya\\Downloads\\Allonounou\\vendor\\laravel\\framework\\src\\Illuminate\\Routing\\Router.php(623): Illuminate\\Routing\\Router->runRoute()
#42 C:\\Users\\Idriss Ketchaya\\Downloads\\Allonounou\\vendor\\laravel\\framework\\src\\Illuminate\\Routing\\Router.php(612): Illuminate\\Routing\\Router->dispatchToRoute()
#43 C:\\Users\\Idriss Ketchaya\\Downloads\\Allonounou\\vendor\\laravel\\framework\\src\\Illuminate\\Foundation\\Http\\Kernel.php(176): Illuminate\\Routing\\Router->dispatch()
#44 C:\\Users\\Idriss Ketchaya\\Downloads\\Allonounou\\vendor\\laravel\\framework\\src\\Illuminate\\Routing\\Pipeline.php(30): Illuminate\\Foundation\\Http\\Kernel->Illuminate\\Foundation\\Http\\{closure}()
#45 C:\\Users\\Idriss Ketchaya\\Downloads\\Allonounou\\vendor\\laravel\\framework\\src\\Illuminate\\Foundation\\Http\\Middleware\\TransformsRequest.php(21): Illuminate\\Routing\\Pipeline->Illuminate\\Routing\\{closure}()
#46 C:\\Users\\Idriss Ketchaya\\Downloads\\Allonounou\\vendor\\laravel\\framework\\src\\Illuminate\\Pipeline\\Pipeline.php(163): Illuminate\\Foundation\\Http\\Middleware\\TransformsRequest->handle()
#47 C:\\Users\\Idriss Ketchaya\\Downloads\\Allonounou\\vendor\\laravel\\framework\\src\\Illuminate\\Routing\\Pipeline.php(53): Illuminate\\Pipeline\\Pipeline->Illuminate\\Pipeline\\{closure}()
#48 C:\\Users\\Idriss Ketchaya\\Downloads\\Allonounou\\vendor\\laravel\\framework\\src\\Illuminate\\Foundation\\Http\\Middleware\\TransformsRequest.php(21): Illuminate\\Routing\\Pipeline->Illuminate\\Routing\\{closure}()
#49 C:\\Users\\Idriss Ketchaya\\Downloads\\Allonounou\\vendor\\laravel\\framework\\src\\Illuminate\\Pipeline\\Pipeline.php(163): Illuminate\\Foundation\\Http\\Middleware\\TransformsRequest->handle()
#50 C:\\Users\\Idriss Ketchaya\\Downloads\\Allonounou\\vendor\\laravel\\framework\\src\\Illuminate\\Routing\\Pipeline.php(53): Illuminate\\Pipeline\\Pipeline->Illuminate\\Pipeline\\{closure}()
#51 C:\\Users\\Idriss Ketchaya\\Downloads\\Allonounou\\vendor\\laravel\\framework\\src\\Illuminate\\Foundation\\Http\\Middleware\\ValidatePostSize.php(27): Illuminate\\Routing\\Pipeline->Illuminate\\Routing\\{closure}()
#52 C:\\Users\\Idriss Ketchaya\\Downloads\\Allonounou\\vendor\\laravel\\framework\\src\\Illuminate\\Pipeline\\Pipeline.php(163): Illuminate\\Foundation\\Http\\Middleware\\ValidatePostSize->handle()
#53 C:\\Users\\Idriss Ketchaya\\Downloads\\Allonounou\\vendor\\laravel\\framework\\src\\Illuminate\\Routing\\Pipeline.php(53): Illuminate\\Pipeline\\Pipeline->Illuminate\\Pipeline\\{closure}()
#54 C:\\Users\\Idriss Ketchaya\\Downloads\\Allonounou\\vendor\\laravel\\framework\\src\\Illuminate\\Foundation\\Http\\Middleware\\CheckForMaintenanceMode.php(62): Illuminate\\Routing\\Pipeline->Illuminate\\Routing\\{closure}()
#55 C:\\Users\\Idriss Ketchaya\\Downloads\\Allonounou\\vendor\\laravel\\framework\\src\\Illuminate\\Pipeline\\Pipeline.php(163): Illuminate\\Foundation\\Http\\Middleware\\CheckForMaintenanceMode->handle()
#56 C:\\Users\\Idriss Ketchaya\\Downloads\\Allonounou\\vendor\\laravel\\framework\\src\\Illuminate\\Routing\\Pipeline.php(53): Illuminate\\Pipeline\\Pipeline->Illuminate\\Pipeline\\{closure}()
#57 C:\\Users\\Idriss Ketchaya\\Downloads\\Allonounou\\vendor\\fideloper\\proxy\\src\\TrustProxies.php(57): Illuminate\\Routing\\Pipeline->Illuminate\\Routing\\{closure}()
#58 C:\\Users\\Idriss Ketchaya\\Downloads\\Allonounou\\vendor\\laravel\\framework\\src\\Illuminate\\Pipeline\\Pipeline.php(163): Fideloper\\Proxy\\TrustProxies->handle()
#59 C:\\Users\\Idriss Ketchaya\\Downloads\\Allonounou\\vendor\\laravel\\framework\\src\\Illuminate\\Routing\\Pipeline.php(53): Illuminate\\Pipeline\\Pipeline->Illuminate\\Pipeline\\{closure}()
#60 C:\\Users\\Idriss Ketchaya\\Downloads\\Allonounou\\vendor\\laravel\\framework\\src\\Illuminate\\Pipeline\\Pipeline.php(104): Illuminate\\Routing\\Pipeline->Illuminate\\Routing\\{closure}()
#61 C:\\Users\\Idriss Ketchaya\\Downloads\\Allonounou\\vendor\\laravel\\framework\\src\\Illuminate\\Foundation\\Http\\Kernel.php(151): Illuminate\\Pipeline\\Pipeline->then()
#62 C:\\Users\\Idriss Ketchaya\\Downloads\\Allonounou\\vendor\\laravel\\framework\\src\\Illuminate\\Foundation\\Http\\Kernel.php(116): Illuminate\\Foundation\\Http\\Kernel->sendRequestThroughRouter()
#63 C:\\Users\\Idriss Ketchaya\\Downloads\\Allonounou\\public\\index.php(55): Illuminate\\Foundation\\Http\\Kernel->handle()
#64 C:\\Users\\Idriss Ketchaya\\Downloads\\Allonounou\\server.php(21): require_once('C:\\\\Users\\\\Idriss...')
#65 {main}
"} 
[2020-11-25 20:39:15] local.ERROR: SQLSTATE[HY000]: General error: 1005 Can't create table `allonounou`.`profils` (errno: 150 "Foreign key constraint is incorrectly formed") (SQL: alter table `profils` add constraint `profils_compte_demandeur_id_foreign` foreign key (`compte_demandeur_id`) references `compte_demandeurs` (`id`)) {"exception":"[object] (Illuminate\\Database\\QueryException(code: HY000): SQLSTATE[HY000]: General error: 1005 Can't create table `allonounou`.`profils` (errno: 150 \"Foreign key constraint is incorrectly formed\") (SQL: alter table `profils` add constraint `profils_compte_demandeur_id_foreign` foreign key (`compte_demandeur_id`) references `compte_demandeurs` (`id`)) at C:\\Users\\Idriss Ketchaya\\Downloads\\Allonounou\\vendor\\laravel\\framework\\src\\Illuminate\\Database\\Connection.php:664, PDOException(code: HY000): SQLSTATE[HY000]: General error: 1005 Can't create table `allonounou`.`profils` (errno: 150 \"Foreign key constraint is incorrectly formed\") at C:\\Users\\Idriss Ketchaya\\Downloads\\Allonounou\\vendor\\laravel\\framework\\src\\Illuminate\\Database\\Connection.php:458)
[stacktrace]
#0 C:\\Users\\Idriss Ketchaya\\Downloads\\Allonounou\\vendor\\laravel\\framework\\src\\Illuminate\\Database\\Connection.php(624): Illuminate\\Database\\Connection->runQueryCallback()
#1 C:\\Users\\Idriss Ketchaya\\Downloads\\Allonounou\\vendor\\laravel\\framework\\src\\Illuminate\\Database\\Connection.php(459): Illuminate\\Database\\Connection->run()
#2 C:\\Users\\Idriss Ketchaya\\Downloads\\Allonounou\\vendor\\laravel\\framework\\src\\Illuminate\\Database\\Schema\\Blueprint.php(97): Illuminate\\Database\\Connection->statement()
#3 C:\\Users\\Idriss Ketchaya\\Downloads\\Allonounou\\vendor\\laravel\\framework\\src\\Illuminate\\Database\\Schema\\Builder.php(278): Illuminate\\Database\\Schema\\Blueprint->build()
#4 C:\\Users\\Idriss Ketchaya\\Downloads\\Allonounou\\vendor\\laravel\\framework\\src\\Illuminate\\Database\\Schema\\Builder.php(167): Illuminate\\Database\\Schema\\Builder->build()
#5 C:\\Users\\Idriss Ketchaya\\Downloads\\Allonounou\\vendor\\laravel\\framework\\src\\Illuminate\\Support\\Facades\\Facade.php(239): Illuminate\\Database\\Schema\\Builder->create()
#6 C:\\Users\\Idriss Ketchaya\\Downloads\\Allonounou\\database\\migrations\\2020_11_15_082142_create_profils_table.php(47): Illuminate\\Support\\Facades\\Facade::__callStatic()
#7 C:\\Users\\Idriss Ketchaya\\Downloads\\Allonounou\\vendor\\laravel\\framework\\src\\Illuminate\\Database\\Migrations\\Migrator.php(387): CreateProfilsTable->up()
#8 C:\\Users\\Idriss Ketchaya\\Downloads\\Allonounou\\vendor\\laravel\\framework\\src\\Illuminate\\Database\\Migrations\\Migrator.php(396): Illuminate\\Database\\Migrations\\Migrator->Illuminate\\Database\\Migrations\\{closure}()
#9 C:\\Users\\Idriss Ketchaya\\Downloads\\Allonounou\\vendor\\laravel\\framework\\src\\Illuminate\\Database\\Migrations\\Migrator.php(197): Illuminate\\Database\\Migrations\\Migrator->runMigration()
#10 C:\\Users\\Idriss Ketchaya\\Downloads\\Allonounou\\vendor\\laravel\\framework\\src\\Illuminate\\Database\\Migrations\\Migrator.php(162): Illuminate\\Database\\Migrations\\Migrator->runUp()
#11 C:\\Users\\Idriss Ketchaya\\Downloads\\Allonounou\\vendor\\laravel\\framework\\src\\Illuminate\\Database\\Migrations\\Migrator.php(109): Illuminate\\Database\\Migrations\\Migrator->runPending()
#12 C:\\Users\\Idriss Ketchaya\\Downloads\\Allonounou\\vendor\\laravel\\framework\\src\\Illuminate\\Database\\Console\\Migrations\\MigrateCommand.php(71): Illuminate\\Database\\Migrations\\Migrator->run()
#13 [internal function]: Illuminate\\Database\\Console\\Migrations\\MigrateCommand->handle()
#14 C:\\Users\\Idriss Ketchaya\\Downloads\\Allonounou\\vendor\\laravel\\framework\\src\\Illuminate\\Container\\BoundMethod.php(32): call_user_func_array()
#15 C:\\Users\\Idriss Ketchaya\\Downloads\\Allonounou\\vendor\\laravel\\framework\\src\\Illuminate\\Container\\BoundMethod.php(90): Illuminate\\Container\\BoundMethod::Illuminate\\Container\\{closure}()
#16 C:\\Users\\Idriss Ketchaya\\Downloads\\Allonounou\\vendor\\laravel\\framework\\src\\Illuminate\\Container\\BoundMethod.php(34): Illuminate\\Container\\BoundMethod::callBoundMethod()
#17 C:\\Users\\Idriss Ketchaya\\Downloads\\Allonounou\\vendor\\laravel\\framework\\src\\Illuminate\\Container\\Container.php(576): Illuminate\\Container\\BoundMethod::call()
#18 C:\\Users\\Idriss Ketchaya\\Downloads\\Allonounou\\vendor\\laravel\\framework\\src\\Illuminate\\Console\\Command.php(183): Illuminate\\Container\\Container->call()
#19 C:\\Users\\Idriss Ketchaya\\Downloads\\Allonounou\\vendor\\symfony\\console\\Command\\Command.php(255): Illuminate\\Console\\Command->execute()
#20 C:\\Users\\Idriss Ketchaya\\Downloads\\Allonounou\\vendor\\laravel\\framework\\src\\Illuminate\\Console\\Command.php(170): Symfony\\Component\\Console\\Command\\Command->run()
#21 C:\\Users\\Idriss Ketchaya\\Downloads\\Allonounou\\vendor\\laravel\\framework\\src\\Illuminate\\Console\\Command.php(198): Illuminate\\Console\\Command->run()
#22 C:\\Users\\Idriss Ketchaya\\Downloads\\Allonounou\\vendor\\laravel\\framework\\src\\Illuminate\\Database\\Console\\Migrations\\RefreshCommand.php(60): Illuminate\\Console\\Command->call()
#23 [internal function]: Illuminate\\Database\\Console\\Migrations\\RefreshCommand->handle()
#24 C:\\Users\\Idriss Ketchaya\\Downloads\\Allonounou\\vendor\\laravel\\framework\\src\\Illuminate\\Container\\BoundMethod.php(32): call_user_func_array()
#25 C:\\Users\\Idriss Ketchaya\\Downloads\\Allonounou\\vendor\\laravel\\framework\\src\\Illuminate\\Container\\BoundMethod.php(90): Illuminate\\Container\\BoundMethod::Illuminate\\Container\\{closure}()
#26 C:\\Users\\Idriss Ketchaya\\Downloads\\Allonounou\\vendor\\laravel\\framework\\src\\Illuminate\\Container\\BoundMethod.php(34): Illuminate\\Container\\BoundMethod::callBoundMethod()
#27 C:\\Users\\Idriss Ketchaya\\Downloads\\Allonounou\\vendor\\laravel\\framework\\src\\Illuminate\\Container\\Container.php(576): Illuminate\\Container\\BoundMethod::call()
#28 C:\\Users\\Idriss Ketchaya\\Downloads\\Allonounou\\vendor\\laravel\\framework\\src\\Illuminate\\Console\\Command.php(183): Illuminate\\Container\\Container->call()
#29 C:\\Users\\Idriss Ketchaya\\Downloads\\Allonounou\\vendor\\symfony\\console\\Command\\Command.php(255): Illuminate\\Console\\Command->execute()
#30 C:\\Users\\Idriss Ketchaya\\Downloads\\Allonounou\\vendor\\laravel\\framework\\src\\Illuminate\\Console\\Command.php(170): Symfony\\Component\\Console\\Command\\Command->run()
#31 C:\\Users\\Idriss Ketchaya\\Downloads\\Allonounou\\vendor\\symfony\\console\\Application.php(1009): Illuminate\\Console\\Command->run()
#32 C:\\Users\\Idriss Ketchaya\\Downloads\\Allonounou\\vendor\\symfony\\console\\Application.php(273): Symfony\\Component\\Console\\Application->doRunCommand()
#33 C:\\Users\\Idriss Ketchaya\\Downloads\\Allonounou\\vendor\\symfony\\console\\Application.php(149): Symfony\\Component\\Console\\Application->doRun()
#34 C:\\Users\\Idriss Ketchaya\\Downloads\\Allonounou\\vendor\\laravel\\framework\\src\\Illuminate\\Console\\Application.php(90): Symfony\\Component\\Console\\Application->run()
#35 C:\\Users\\Idriss Ketchaya\\Downloads\\Allonounou\\vendor\\laravel\\framework\\src\\Illuminate\\Foundation\\Console\\Kernel.php(133): Illuminate\\Console\\Application->run()
#36 C:\\Users\\Idriss Ketchaya\\Downloads\\Allonounou\\artisan(37): Illuminate\\Foundation\\Console\\Kernel->handle()
#37 {main}
"} 
[2020-11-25 20:45:44] local.ERROR: SQLSTATE[42S01]: Base table or view already exists: 1050 Table 'profils' already exists (SQL: create table `profils` (`id` bigint unsigned not null auto_increment primary key, `compte_demandeur_id` bigint unsigned null, `user_id` bigint unsigned null, `cni` varchar(150) null, `photo` varchar(150) null, `plan_localisation` varchar(150) null, `certificat_medical` varchar(150) null, `casier_judiciaire` varchar(150) null, `nom_pere` varchar(100) null, `nom_mere` varchar(100) null, `date_nais` date null, `lieu_nais` varchar(100) null, `nbre_enfant` bigint unsigned null, `personne_proche1` varchar(255) null, `personne_proche2` varchar(255) null, `personne_proche3` varchar(255) null, `personne_proche4` varchar(255) null, `telephone_personne_proche1` bigint unsigned null, `telephone_personne_proche2` bigint unsigned null, `telephone_personne_proche3` bigint unsigned null, `telephone_personne_proche4` bigint unsigned null, `handicape_moteur` tinyint(1) null, `handicape_visuel` tinyint(1) null, `handicape_des_mains` tinyint(1) null, `statut` tinyint(1) null default '1', `online` tinyint(1) null default '1', `created_at` timestamp null, `updated_at` timestamp null) default character set utf8mb4 collate 'utf8mb4_unicode_ci') {"exception":"[object] (Illuminate\\Database\\QueryException(code: 42S01): SQLSTATE[42S01]: Base table or view already exists: 1050 Table 'profils' already exists (SQL: create table `profils` (`id` bigint unsigned not null auto_increment primary key, `compte_demandeur_id` bigint unsigned null, `user_id` bigint unsigned null, `cni` varchar(150) null, `photo` varchar(150) null, `plan_localisation` varchar(150) null, `certificat_medical` varchar(150) null, `casier_judiciaire` varchar(150) null, `nom_pere` varchar(100) null, `nom_mere` varchar(100) null, `date_nais` date null, `lieu_nais` varchar(100) null, `nbre_enfant` bigint unsigned null, `personne_proche1` varchar(255) null, `personne_proche2` varchar(255) null, `personne_proche3` varchar(255) null, `personne_proche4` varchar(255) null, `telephone_personne_proche1` bigint unsigned null, `telephone_personne_proche2` bigint unsigned null, `telephone_personne_proche3` bigint unsigned null, `telephone_personne_proche4` bigint unsigned null, `handicape_moteur` tinyint(1) null, `handicape_visuel` tinyint(1) null, `handicape_des_mains` tinyint(1) null, `statut` tinyint(1) null default '1', `online` tinyint(1) null default '1', `created_at` timestamp null, `updated_at` timestamp null) default character set utf8mb4 collate 'utf8mb4_unicode_ci') at C:\\Users\\Idriss Ketchaya\\Downloads\\Allonounou\\vendor\\laravel\\framework\\src\\Illuminate\\Database\\Connection.php:664, PDOException(code: 42S01): SQLSTATE[42S01]: Base table or view already exists: 1050 Table 'profils' already exists at C:\\Users\\Idriss Ketchaya\\Downloads\\Allonounou\\vendor\\laravel\\framework\\src\\Illuminate\\Database\\Connection.php:458)
[stacktrace]
#0 C:\\Users\\Idriss Ketchaya\\Downloads\\Allonounou\\vendor\\laravel\\framework\\src\\Illuminate\\Database\\Connection.php(624): Illuminate\\Database\\Connection->runQueryCallback()
#1 C:\\Users\\Idriss Ketchaya\\Downloads\\Allonounou\\vendor\\laravel\\framework\\src\\Illuminate\\Database\\Connection.php(459): Illuminate\\Database\\Connection->run()
#2 C:\\Users\\Idriss Ketchaya\\Downloads\\Allonounou\\vendor\\laravel\\framework\\src\\Illuminate\\Database\\Schema\\Blueprint.php(97): Illuminate\\Database\\Connection->statement()
#3 C:\\Users\\Idriss Ketchaya\\Downloads\\Allonounou\\vendor\\laravel\\framework\\src\\Illuminate\\Database\\Schema\\Builder.php(278): Illuminate\\Database\\Schema\\Blueprint->build()
#4 C:\\Users\\Idriss Ketchaya\\Downloads\\Allonounou\\vendor\\laravel\\framework\\src\\Illuminate\\Database\\Schema\\Builder.php(167): Illuminate\\Database\\Schema\\Builder->build()
#5 C:\\Users\\Idriss Ketchaya\\Downloads\\Allonounou\\vendor\\laravel\\framework\\src\\Illuminate\\Support\\Facades\\Facade.php(239): Illuminate\\Database\\Schema\\Builder->create()
#6 C:\\Users\\Idriss Ketchaya\\Downloads\\Allonounou\\database\\migrations\\2020_11_15_082142_create_profils_table.php(47): Illuminate\\Support\\Facades\\Facade::__callStatic()
#7 C:\\Users\\Idriss Ketchaya\\Downloads\\Allonounou\\vendor\\laravel\\framework\\src\\Illuminate\\Database\\Migrations\\Migrator.php(387): CreateProfilsTable->up()
#8 C:\\Users\\Idriss Ketchaya\\Downloads\\Allonounou\\vendor\\laravel\\framework\\src\\Illuminate\\Database\\Migrations\\Migrator.php(396): Illuminate\\Database\\Migrations\\Migrator->Illuminate\\Database\\Migrations\\{closure}()
#9 C:\\Users\\Idriss Ketchaya\\Downloads\\Allonounou\\vendor\\laravel\\framework\\src\\Illuminate\\Database\\Migrations\\Migrator.php(197): Illuminate\\Database\\Migrations\\Migrator->runMigration()
#10 C:\\Users\\Idriss Ketchaya\\Downloads\\Allonounou\\vendor\\laravel\\framework\\src\\Illuminate\\Database\\Migrations\\Migrator.php(162): Illuminate\\Database\\Migrations\\Migrator->runUp()
#11 C:\\Users\\Idriss Ketchaya\\Downloads\\Allonounou\\vendor\\laravel\\framework\\src\\Illuminate\\Database\\Migrations\\Migrator.php(109): Illuminate\\Database\\Migrations\\Migrator->runPending()
#12 C:\\Users\\Idriss Ketchaya\\Downloads\\Allonounou\\vendor\\laravel\\framework\\src\\Illuminate\\Database\\Console\\Migrations\\MigrateCommand.php(71): Illuminate\\Database\\Migrations\\Migrator->run()
#13 [internal function]: Illuminate\\Database\\Console\\Migrations\\MigrateCommand->handle()
#14 C:\\Users\\Idriss Ketchaya\\Downloads\\Allonounou\\vendor\\laravel\\framework\\src\\Illuminate\\Container\\BoundMethod.php(32): call_user_func_array()
#15 C:\\Users\\Idriss Ketchaya\\Downloads\\Allonounou\\vendor\\laravel\\framework\\src\\Illuminate\\Container\\BoundMethod.php(90): Illuminate\\Container\\BoundMethod::Illuminate\\Container\\{closure}()
#16 C:\\Users\\Idriss Ketchaya\\Downloads\\Allonounou\\vendor\\laravel\\framework\\src\\Illuminate\\Container\\BoundMethod.php(34): Illuminate\\Container\\BoundMethod::callBoundMethod()
#17 C:\\Users\\Idriss Ketchaya\\Downloads\\Allonounou\\vendor\\laravel\\framework\\src\\Illuminate\\Container\\Container.php(576): Illuminate\\Container\\BoundMethod::call()
#18 C:\\Users\\Idriss Ketchaya\\Downloads\\Allonounou\\vendor\\laravel\\framework\\src\\Illuminate\\Console\\Command.php(183): Illuminate\\Container\\Container->call()
#19 C:\\Users\\Idriss Ketchaya\\Downloads\\Allonounou\\vendor\\symfony\\console\\Command\\Command.php(255): Illuminate\\Console\\Command->execute()
#20 C:\\Users\\Idriss Ketchaya\\Downloads\\Allonounou\\vendor\\laravel\\framework\\src\\Illuminate\\Console\\Command.php(170): Symfony\\Component\\Console\\Command\\Command->run()
#21 C:\\Users\\Idriss Ketchaya\\Downloads\\Allonounou\\vendor\\laravel\\framework\\src\\Illuminate\\Console\\Command.php(198): Illuminate\\Console\\Command->run()
#22 C:\\Users\\Idriss Ketchaya\\Downloads\\Allonounou\\vendor\\laravel\\framework\\src\\Illuminate\\Database\\Console\\Migrations\\RefreshCommand.php(60): Illuminate\\Console\\Command->call()
#23 [internal function]: Illuminate\\Database\\Console\\Migrations\\RefreshCommand->handle()
#24 C:\\Users\\Idriss Ketchaya\\Downloads\\Allonounou\\vendor\\laravel\\framework\\src\\Illuminate\\Container\\BoundMethod.php(32): call_user_func_array()
#25 C:\\Users\\Idriss Ketchaya\\Downloads\\Allonounou\\vendor\\laravel\\framework\\src\\Illuminate\\Container\\BoundMethod.php(90): Illuminate\\Container\\BoundMethod::Illuminate\\Container\\{closure}()
#26 C:\\Users\\Idriss Ketchaya\\Downloads\\Allonounou\\vendor\\laravel\\framework\\src\\Illuminate\\Container\\BoundMethod.php(34): Illuminate\\Container\\BoundMethod::callBoundMethod()
#27 C:\\Users\\Idriss Ketchaya\\Downloads\\Allonounou\\vendor\\laravel\\framework\\src\\Illuminate\\Container\\Container.php(576): Illuminate\\Container\\BoundMethod::call()
#28 C:\\Users\\Idriss Ketchaya\\Downloads\\Allonounou\\vendor\\laravel\\framework\\src\\Illuminate\\Console\\Command.php(183): Illuminate\\Container\\Container->call()
#29 C:\\Users\\Idriss Ketchaya\\Downloads\\Allonounou\\vendor\\symfony\\console\\Command\\Command.php(255): Illuminate\\Console\\Command->execute()
#30 C:\\Users\\Idriss Ketchaya\\Downloads\\Allonounou\\vendor\\laravel\\framework\\src\\Illuminate\\Console\\Command.php(170): Symfony\\Component\\Console\\Command\\Command->run()
#31 C:\\Users\\Idriss Ketchaya\\Downloads\\Allonounou\\vendor\\symfony\\console\\Application.php(1009): Illuminate\\Console\\Command->run()
#32 C:\\Users\\Idriss Ketchaya\\Downloads\\Allonounou\\vendor\\symfony\\console\\Application.php(273): Symfony\\Component\\Console\\Application->doRunCommand()
#33 C:\\Users\\Idriss Ketchaya\\Downloads\\Allonounou\\vendor\\symfony\\console\\Application.php(149): Symfony\\Component\\Console\\Application->doRun()
#34 C:\\Users\\Idriss Ketchaya\\Downloads\\Allonounou\\vendor\\laravel\\framework\\src\\Illuminate\\Console\\Application.php(90): Symfony\\Component\\Console\\Application->run()
#35 C:\\Users\\Idriss Ketchaya\\Downloads\\Allonounou\\vendor\\laravel\\framework\\src\\Illuminate\\Foundation\\Console\\Kernel.php(133): Illuminate\\Console\\Application->run()
#36 C:\\Users\\Idriss Ketchaya\\Downloads\\Allonounou\\artisan(37): Illuminate\\Foundation\\Console\\Kernel->handle()
#37 {main}
"} 
[2020-11-25 20:48:16] local.ERROR: SQLSTATE[42S01]: Base table or view already exists: 1050 Table 'profils' already exists (SQL: create table `profils` (`id` bigint unsigned not null auto_increment primary key, `compte_demandeur_id` bigint unsigned null, `user_id` bigint unsigned null, `cni` varchar(150) null, `photo` varchar(150) null, `plan_localisation` varchar(150) null, `certificat_medical` varchar(150) null, `casier_judiciaire` varchar(150) null, `nom_pere` varchar(100) null, `nom_mere` varchar(100) null, `date_nais` date null, `lieu_nais` varchar(100) null, `nbre_enfant` bigint unsigned null, `personne_proche1` varchar(255) null, `personne_proche2` varchar(255) null, `personne_proche3` varchar(255) null, `personne_proche4` varchar(255) null, `telephone_personne_proche1` bigint unsigned null, `telephone_personne_proche2` bigint unsigned null, `telephone_personne_proche3` bigint unsigned null, `telephone_personne_proche4` bigint unsigned null, `handicape_moteur` tinyint(1) null, `handicape_visuel` tinyint(1) null, `handicape_des_mains` tinyint(1) null, `statut` tinyint(1) null default '1', `online` tinyint(1) null default '1', `created_at` timestamp null, `updated_at` timestamp null) default character set utf8mb4 collate 'utf8mb4_unicode_ci') {"exception":"[object] (Illuminate\\Database\\QueryException(code: 42S01): SQLSTATE[42S01]: Base table or view already exists: 1050 Table 'profils' already exists (SQL: create table `profils` (`id` bigint unsigned not null auto_increment primary key, `compte_demandeur_id` bigint unsigned null, `user_id` bigint unsigned null, `cni` varchar(150) null, `photo` varchar(150) null, `plan_localisation` varchar(150) null, `certificat_medical` varchar(150) null, `casier_judiciaire` varchar(150) null, `nom_pere` varchar(100) null, `nom_mere` varchar(100) null, `date_nais` date null, `lieu_nais` varchar(100) null, `nbre_enfant` bigint unsigned null, `personne_proche1` varchar(255) null, `personne_proche2` varchar(255) null, `personne_proche3` varchar(255) null, `personne_proche4` varchar(255) null, `telephone_personne_proche1` bigint unsigned null, `telephone_personne_proche2` bigint unsigned null, `telephone_personne_proche3` bigint unsigned null, `telephone_personne_proche4` bigint unsigned null, `handicape_moteur` tinyint(1) null, `handicape_visuel` tinyint(1) null, `handicape_des_mains` tinyint(1) null, `statut` tinyint(1) null default '1', `online` tinyint(1) null default '1', `created_at` timestamp null, `updated_at` timestamp null) default character set utf8mb4 collate 'utf8mb4_unicode_ci') at C:\\Users\\Idriss Ketchaya\\Downloads\\Allonounou\\vendor\\laravel\\framework\\src\\Illuminate\\Database\\Connection.php:664, PDOException(code: 42S01): SQLSTATE[42S01]: Base table or view already exists: 1050 Table 'profils' already exists at C:\\Users\\Idriss Ketchaya\\Downloads\\Allonounou\\vendor\\laravel\\framework\\src\\Illuminate\\Database\\Connection.php:458)
[stacktrace]
#0 C:\\Users\\Idriss Ketchaya\\Downloads\\Allonounou\\vendor\\laravel\\framework\\src\\Illuminate\\Database\\Connection.php(624): Illuminate\\Database\\Connection->runQueryCallback()
#1 C:\\Users\\Idriss Ketchaya\\Downloads\\Allonounou\\vendor\\laravel\\framework\\src\\Illuminate\\Database\\Connection.php(459): Illuminate\\Database\\Connection->run()
#2 C:\\Users\\Idriss Ketchaya\\Downloads\\Allonounou\\vendor\\laravel\\framework\\src\\Illuminate\\Database\\Schema\\Blueprint.php(97): Illuminate\\Database\\Connection->statement()
#3 C:\\Users\\Idriss Ketchaya\\Downloads\\Allonounou\\vendor\\laravel\\framework\\src\\Illuminate\\Database\\Schema\\Builder.php(278): Illuminate\\Database\\Schema\\Blueprint->build()
#4 C:\\Users\\Idriss Ketchaya\\Downloads\\Allonounou\\vendor\\laravel\\framework\\src\\Illuminate\\Database\\Schema\\Builder.php(167): Illuminate\\Database\\Schema\\Builder->build()
#5 C:\\Users\\Idriss Ketchaya\\Downloads\\Allonounou\\vendor\\laravel\\framework\\src\\Illuminate\\Support\\Facades\\Facade.php(239): Illuminate\\Database\\Schema\\Builder->create()
#6 C:\\Users\\Idriss Ketchaya\\Downloads\\Allonounou\\database\\migrations\\2020_11_15_082142_create_profils_table.php(47): Illuminate\\Support\\Facades\\Facade::__callStatic()
#7 C:\\Users\\Idriss Ketchaya\\Downloads\\Allonounou\\vendor\\laravel\\framework\\src\\Illuminate\\Database\\Migrations\\Migrator.php(387): CreateProfilsTable->up()
#8 C:\\Users\\Idriss Ketchaya\\Downloads\\Allonounou\\vendor\\laravel\\framework\\src\\Illuminate\\Database\\Migrations\\Migrator.php(396): Illuminate\\Database\\Migrations\\Migrator->Illuminate\\Database\\Migrations\\{closure}()
#9 C:\\Users\\Idriss Ketchaya\\Downloads\\Allonounou\\vendor\\laravel\\framework\\src\\Illuminate\\Database\\Migrations\\Migrator.php(197): Illuminate\\Database\\Migrations\\Migrator->runMigration()
#10 C:\\Users\\Idriss Ketchaya\\Downloads\\Allonounou\\vendor\\laravel\\framework\\src\\Illuminate\\Database\\Migrations\\Migrator.php(162): Illuminate\\Database\\Migrations\\Migrator->runUp()
#11 C:\\Users\\Idriss Ketchaya\\Downloads\\Allonounou\\vendor\\laravel\\framework\\src\\Illuminate\\Database\\Migrations\\Migrator.php(109): Illuminate\\Database\\Migrations\\Migrator->runPending()
#12 C:\\Users\\Idriss Ketchaya\\Downloads\\Allonounou\\vendor\\laravel\\framework\\src\\Illuminate\\Database\\Console\\Migrations\\MigrateCommand.php(71): Illuminate\\Database\\Migrations\\Migrator->run()
#13 [internal function]: Illuminate\\Database\\Console\\Migrations\\MigrateCommand->handle()
#14 C:\\Users\\Idriss Ketchaya\\Downloads\\Allonounou\\vendor\\laravel\\framework\\src\\Illuminate\\Container\\BoundMethod.php(32): call_user_func_array()
#15 C:\\Users\\Idriss Ketchaya\\Downloads\\Allonounou\\vendor\\laravel\\framework\\src\\Illuminate\\Container\\BoundMethod.php(90): Illuminate\\Container\\BoundMethod::Illuminate\\Container\\{closure}()
#16 C:\\Users\\Idriss Ketchaya\\Downloads\\Allonounou\\vendor\\laravel\\framework\\src\\Illuminate\\Container\\BoundMethod.php(34): Illuminate\\Container\\BoundMethod::callBoundMethod()
#17 C:\\Users\\Idriss Ketchaya\\Downloads\\Allonounou\\vendor\\laravel\\framework\\src\\Illuminate\\Container\\Container.php(576): Illuminate\\Container\\BoundMethod::call()
#18 C:\\Users\\Idriss Ketchaya\\Downloads\\Allonounou\\vendor\\laravel\\framework\\src\\Illuminate\\Console\\Command.php(183): Illuminate\\Container\\Container->call()
#19 C:\\Users\\Idriss Ketchaya\\Downloads\\Allonounou\\vendor\\symfony\\console\\Command\\Command.php(255): Illuminate\\Console\\Command->execute()
#20 C:\\Users\\Idriss Ketchaya\\Downloads\\Allonounou\\vendor\\laravel\\framework\\src\\Illuminate\\Console\\Command.php(170): Symfony\\Component\\Console\\Command\\Command->run()
#21 C:\\Users\\Idriss Ketchaya\\Downloads\\Allonounou\\vendor\\laravel\\framework\\src\\Illuminate\\Console\\Command.php(198): Illuminate\\Console\\Command->run()
#22 C:\\Users\\Idriss Ketchaya\\Downloads\\Allonounou\\vendor\\laravel\\framework\\src\\Illuminate\\Database\\Console\\Migrations\\RefreshCommand.php(60): Illuminate\\Console\\Command->call()
#23 [internal function]: Illuminate\\Database\\Console\\Migrations\\RefreshCommand->handle()
#24 C:\\Users\\Idriss Ketchaya\\Downloads\\Allonounou\\vendor\\laravel\\framework\\src\\Illuminate\\Container\\BoundMethod.php(32): call_user_func_array()
#25 C:\\Users\\Idriss Ketchaya\\Downloads\\Allonounou\\vendor\\laravel\\framework\\src\\Illuminate\\Container\\BoundMethod.php(90): Illuminate\\Container\\BoundMethod::Illuminate\\Container\\{closure}()
#26 C:\\Users\\Idriss Ketchaya\\Downloads\\Allonounou\\vendor\\laravel\\framework\\src\\Illuminate\\Container\\BoundMethod.php(34): Illuminate\\Container\\BoundMethod::callBoundMethod()
#27 C:\\Users\\Idriss Ketchaya\\Downloads\\Allonounou\\vendor\\laravel\\framework\\src\\Illuminate\\Container\\Container.php(576): Illuminate\\Container\\BoundMethod::call()
#28 C:\\Users\\Idriss Ketchaya\\Downloads\\Allonounou\\vendor\\laravel\\framework\\src\\Illuminate\\Console\\Command.php(183): Illuminate\\Container\\Container->call()
#29 C:\\Users\\Idriss Ketchaya\\Downloads\\Allonounou\\vendor\\symfony\\console\\Command\\Command.php(255): Illuminate\\Console\\Command->execute()
#30 C:\\Users\\Idriss Ketchaya\\Downloads\\Allonounou\\vendor\\laravel\\framework\\src\\Illuminate\\Console\\Command.php(170): Symfony\\Component\\Console\\Command\\Command->run()
#31 C:\\Users\\Idriss Ketchaya\\Downloads\\Allonounou\\vendor\\symfony\\console\\Application.php(1009): Illuminate\\Console\\Command->run()
#32 C:\\Users\\Idriss Ketchaya\\Downloads\\Allonounou\\vendor\\symfony\\console\\Application.php(273): Symfony\\Component\\Console\\Application->doRunCommand()
#33 C:\\Users\\Idriss Ketchaya\\Downloads\\Allonounou\\vendor\\symfony\\console\\Application.php(149): Symfony\\Component\\Console\\Application->doRun()
#34 C:\\Users\\Idriss Ketchaya\\Downloads\\Allonounou\\vendor\\laravel\\framework\\src\\Illuminate\\Console\\Application.php(90): Symfony\\Component\\Console\\Application->run()
#35 C:\\Users\\Idriss Ketchaya\\Downloads\\Allonounou\\vendor\\laravel\\framework\\src\\Illuminate\\Foundation\\Console\\Kernel.php(133): Illuminate\\Console\\Application->run()
#36 C:\\Users\\Idriss Ketchaya\\Downloads\\Allonounou\\artisan(37): Illuminate\\Foundation\\Console\\Kernel->handle()
#37 {main}
"} 
