[2020-11-27 05:26:50] local.ERROR: SQLSTATE[42S22]: Column not found: 1054 Unknown column 'code' in 'field list' (SQL: update `users` set `code` = 4075, `users`.`updated_at` = 2020-11-27 05:26:49 where `id` = 2) {"exception":"[object] (Illuminate\\Database\\QueryException(code: 42S22): SQLSTATE[42S22]: Column not found: 1054 Unknown column 'code' in 'field list' (SQL: update `users` set `code` = 4075, `users`.`updated_at` = 2020-11-27 05:26:49 where `id` = 2) at C:\\Users\\Idriss Ketchaya\\Downloads\\Allonounou\\vendor\\laravel\\framework\\src\\Illuminate\\Database\\Connection.php:664, PDOException(code: 42S22): SQLSTATE[42S22]: Column not found: 1054 Unknown column 'code' in 'field list' at C:\\Users\\Idriss Ketchaya\\Downloads\\Allonounou\\vendor\\laravel\\framework\\src\\Illuminate\\Database\\Connection.php:479)
[stacktrace]
#0 C:\\Users\\Idriss Ketchaya\\Downloads\\Allonounou\\vendor\\laravel\\framework\\src\\Illuminate\\Database\\Connection.php(624): Illuminate\\Database\\Connection->runQueryCallback()
#1 C:\\Users\\Idriss Ketchaya\\Downloads\\Allonounou\\vendor\\laravel\\framework\\src\\Illuminate\\Database\\Connection.php(490): Illuminate\\Database\\Connection->run()
#2 C:\\Users\\Idriss Ketchaya\\Downloads\\Allonounou\\vendor\\laravel\\framework\\src\\Illuminate\\Database\\Connection.php(423): Illuminate\\Database\\Connection->affectingStatement()
#3 C:\\Users\\Idriss Ketchaya\\Downloads\\Allonounou\\vendor\\laravel\\framework\\src\\Illuminate\\Database\\Query\\Builder.php(2721): Illuminate\\Database\\Connection->update()
#4 C:\\Users\\Idriss Ketchaya\\Downloads\\Allonounou\\vendor\\laravel\\framework\\src\\Illuminate\\Database\\Eloquent\\Builder.php(820): Illuminate\\Database\\Query\\Builder->update()
#5 C:\\Users\\Idriss Ketchaya\\Downloads\\Allonounou\\vendor\\laravel\\framework\\src\\Illuminate\\Database\\Eloquent\\Model.php(745): Illuminate\\Database\\Eloquent\\Builder->update()
#6 C:\\Users\\Idriss Ketchaya\\Downloads\\Allonounou\\vendor\\laravel\\framework\\src\\Illuminate\\Database\\Eloquent\\Model.php(660): Illuminate\\Database\\Eloquent\\Model->performUpdate()
#7 C:\\Users\\Idriss Ketchaya\\Downloads\\Allonounou\\app\\Http\\Controllers\\Auth\\RegisterController.php(233): Illuminate\\Database\\Eloquent\\Model->save()
#8 [internal function]: App\\Http\\Controllers\\Auth\\RegisterController->storeDemandeur()
#9 C:\\Users\\Idriss Ketchaya\\Downloads\\Allonounou\\vendor\\laravel\\framework\\src\\Illuminate\\Routing\\Controller.php(54): call_user_func_array()
#10 C:\\Users\\Idriss Ketchaya\\Downloads\\Allonounou\\vendor\\laravel\\framework\\src\\Illuminate\\Routing\\ControllerDispatcher.php(45): Illuminate\\Routing\\Controller->callAction()
#11 C:\\Users\\Idriss Ketchaya\\Downloads\\Allonounou\\vendor\\laravel\\framework\\src\\Illuminate\\Routing\\Route.php(219): Illuminate\\Routing\\ControllerDispatcher->dispatch()
#12 C:\\Users\\Idriss Ketchaya\\Downloads\\Allonounou\\vendor\\laravel\\framework\\src\\Illuminate\\Routing\\Route.php(176): Illuminate\\Routing\\Route->runController()
#13 C:\\Users\\Idriss Ketchaya\\Downloads\\Allonounou\\vendor\\laravel\\framework\\src\\Illuminate\\Routing\\Router.php(680): Illuminate\\Routing\\Route->run()
#14 C:\\Users\\Idriss Ketchaya\\Downloads\\Allonounou\\vendor\\laravel\\framework\\src\\Illuminate\\Routing\\Pipeline.php(30): Illuminate\\Routing\\Router->Illuminate\\Routing\\{closure}()
#15 C:\\Users\\Idriss Ketchaya\\Downloads\\Allonounou\\app\\Http\\Middleware\\RedirectIfAuthenticated.php(24): Illuminate\\Routing\\Pipeline->Illuminate\\Routing\\{closure}()
#16 C:\\Users\\Idriss Ketchaya\\Downloads\\Allonounou\\vendor\\laravel\\framework\\src\\Illuminate\\Pipeline\\Pipeline.php(163): App\\Http\\Middleware\\RedirectIfAuthenticated->handle()
#17 C:\\Users\\Idriss Ketchaya\\Downloads\\Allonounou\\vendor\\laravel\\framework\\src\\Illuminate\\Routing\\Pipeline.php(53): Illuminate\\Pipeline\\Pipeline->Illuminate\\Pipeline\\{closure}()
#18 C:\\Users\\Idriss Ketchaya\\Downloads\\Allonounou\\vendor\\laravel\\framework\\src\\Illuminate\\Routing\\Middleware\\SubstituteBindings.php(41): Illuminate\\Routing\\Pipeline->Illuminate\\Routing\\{closure}()
#19 C:\\Users\\Idriss Ketchaya\\Downloads\\Allonounou\\vendor\\laravel\\framework\\src\\Illuminate\\Pipeline\\Pipeline.php(163): Illuminate\\Routing\\Middleware\\SubstituteBindings->handle()
#20 C:\\Users\\Idriss Ketchaya\\Downloads\\Allonounou\\vendor\\laravel\\framework\\src\\Illuminate\\Routing\\Pipeline.php(53): Illuminate\\Pipeline\\Pipeline->Illuminate\\Pipeline\\{closure}()
#21 C:\\Users\\Idriss Ketchaya\\Downloads\\Allonounou\\vendor\\laravel\\framework\\src\\Illuminate\\Foundation\\Http\\Middleware\\VerifyCsrfToken.php(75): Illuminate\\Routing\\Pipeline->Illuminate\\Routing\\{closure}()
#22 C:\\Users\\Idriss Ketchaya\\Downloads\\Allonounou\\vendor\\laravel\\framework\\src\\Illuminate\\Pipeline\\Pipeline.php(163): Illuminate\\Foundation\\Http\\Middleware\\VerifyCsrfToken->handle()
#23 C:\\Users\\Idriss Ketchaya\\Downloads\\Allonounou\\vendor\\laravel\\framework\\src\\Illuminate\\Routing\\Pipeline.php(53): Illuminate\\Pipeline\\Pipeline->Illuminate\\Pipeline\\{closure}()
#24 C:\\Users\\Idriss Ketchaya\\Downloads\\Allonounou\\vendor\\laravel\\framework\\src\\Illuminate\\View\\Middleware\\ShareErrorsFromSession.php(49): Illuminate\\Routing\\Pipeline->Illuminate\\Routing\\{closure}()
#25 C:\\Users\\Idriss Ketchaya\\Downloads\\Allonounou\\vendor\\laravel\\framework\\src\\Illuminate\\Pipeline\\Pipeline.php(163): Illuminate\\View\\Middleware\\ShareErrorsFromSession->handle()
#26 C:\\Users\\Idriss Ketchaya\\Downloads\\Allonounou\\vendor\\laravel\\framework\\src\\Illuminate\\Routing\\Pipeline.php(53): Illuminate\\Pipeline\\Pipeline->Illuminate\\Pipeline\\{closure}()
#27 C:\\Users\\Idriss Ketchaya\\Downloads\\Allonounou\\vendor\\laravel\\framework\\src\\Illuminate\\Session\\Middleware\\StartSession.php(56): Illuminate\\Routing\\Pipeline->Illuminate\\Routing\\{closure}()
#28 C:\\Users\\Idriss Ketchaya\\Downloads\\Allonounou\\vendor\\laravel\\framework\\src\\Illuminate\\Pipeline\\Pipeline.php(163): Illuminate\\Session\\Middleware\\StartSession->handle()
#29 C:\\Users\\Idriss Ketchaya\\Downloads\\Allonounou\\vendor\\laravel\\framework\\src\\Illuminate\\Routing\\Pipeline.php(53): Illuminate\\Pipeline\\Pipeline->Illuminate\\Pipeline\\{closure}()
#30 C:\\Users\\Idriss Ketchaya\\Downloads\\Allonounou\\vendor\\laravel\\framework\\src\\Illuminate\\Cookie\\Middleware\\AddQueuedCookiesToResponse.php(37): Illuminate\\Routing\\Pipeline->Illuminate\\Routing\\{closure}()
#31 C:\\Users\\Idriss Ketchaya\\Downloads\\Allonounou\\vendor\\laravel\\framework\\src\\Illuminate\\Pipeline\\Pipeline.php(163): Illuminate\\Cookie\\Middleware\\AddQueuedCookiesToResponse->handle()
#32 C:\\Users\\Idriss Ketchaya\\Downloads\\Allonounou\\vendor\\laravel\\framework\\src\\Illuminate\\Routing\\Pipeline.php(53): Illuminate\\Pipeline\\Pipeline->Illuminate\\Pipeline\\{closure}()
#33 C:\\Users\\Idriss Ketchaya\\Downloads\\Allonounou\\vendor\\laravel\\framework\\src\\Illuminate\\Cookie\\Middleware\\EncryptCookies.php(66): Illuminate\\Routing\\Pipeline->Illuminate\\Routing\\{closure}()
#34 C:\\Users\\Idriss Ketchaya\\Downloads\\Allonounou\\vendor\\laravel\\framework\\src\\Illuminate\\Pipeline\\Pipeline.php(163): Illuminate\\Cookie\\Middleware\\EncryptCookies->handle()
#35 C:\\Users\\Idriss Ketchaya\\Downloads\\Allonounou\\vendor\\laravel\\framework\\src\\Illuminate\\Routing\\Pipeline.php(53): Illuminate\\Pipeline\\Pipeline->Illuminate\\Pipeline\\{closure}()
#36 C:\\Users\\Idriss Ketchaya\\Downloads\\Allonounou\\vendor\\laravel\\framework\\src\\Illuminate\\Pipeline\\Pipeline.php(104): Illuminate\\Routing\\Pipeline->Illuminate\\Routing\\{closure}()
#37 C:\\Users\\Idriss Ketchaya\\Downloads\\Allonounou\\vendor\\laravel\\framework\\src\\Illuminate\\Routing\\Router.php(682): Illuminate\\Pipeline\\Pipeline->then()
#38 C:\\Users\\Idriss Ketchaya\\Downloads\\Allonounou\\vendor\\laravel\\framework\\src\\Illuminate\\Routing\\Router.php(657): Illuminate\\Routing\\Router->runRouteWithinStack()
#39 C:\\Users\\Idriss Ketchaya\\Downloads\\Allonounou\\vendor\\laravel\\framework\\src\\Illuminate\\Routing\\Router.php(623): Illuminate\\Routing\\Router->runRoute()
#40 C:\\Users\\Idriss Ketchaya\\Downloads\\Allonounou\\vendor\\laravel\\framework\\src\\Illuminate\\Routing\\Router.php(612): Illuminate\\Routing\\Router->dispatchToRoute()
#41 C:\\Users\\Idriss Ketchaya\\Downloads\\Allonounou\\vendor\\laravel\\framework\\src\\Illuminate\\Foundation\\Http\\Kernel.php(176): Illuminate\\Routing\\Router->dispatch()
#42 C:\\Users\\Idriss Ketchaya\\Downloads\\Allonounou\\vendor\\laravel\\framework\\src\\Illuminate\\Routing\\Pipeline.php(30): Illuminate\\Foundation\\Http\\Kernel->Illuminate\\Foundation\\Http\\{closure}()
#43 C:\\Users\\Idriss Ketchaya\\Downloads\\Allonounou\\vendor\\laravel\\framework\\src\\Illuminate\\Foundation\\Http\\Middleware\\TransformsRequest.php(21): Illuminate\\Routing\\Pipeline->Illuminate\\Routing\\{closure}()
#44 C:\\Users\\Idriss Ketchaya\\Downloads\\Allonounou\\vendor\\laravel\\framework\\src\\Illuminate\\Pipeline\\Pipeline.php(163): Illuminate\\Foundation\\Http\\Middleware\\TransformsRequest->handle()
#45 C:\\Users\\Idriss Ketchaya\\Downloads\\Allonounou\\vendor\\laravel\\framework\\src\\Illuminate\\Routing\\Pipeline.php(53): Illuminate\\Pipeline\\Pipeline->Illuminate\\Pipeline\\{closure}()
#46 C:\\Users\\Idriss Ketchaya\\Downloads\\Allonounou\\vendor\\laravel\\framework\\src\\Illuminate\\Foundation\\Http\\Middleware\\TransformsRequest.php(21): Illuminate\\Routing\\Pipeline->Illuminate\\Routing\\{closure}()
#47 C:\\Users\\Idriss Ketchaya\\Downloads\\Allonounou\\vendor\\laravel\\framework\\src\\Illuminate\\Pipeline\\Pipeline.php(163): Illuminate\\Foundation\\Http\\Middleware\\TransformsRequest->handle()
#48 C:\\Users\\Idriss Ketchaya\\Downloads\\Allonounou\\vendor\\laravel\\framework\\src\\Illuminate\\Routing\\Pipeline.php(53): Illuminate\\Pipeline\\Pipeline->Illuminate\\Pipeline\\{closure}()
#49 C:\\Users\\Idriss Ketchaya\\Downloads\\Allonounou\\vendor\\laravel\\framework\\src\\Illuminate\\Foundation\\Http\\Middleware\\ValidatePostSize.php(27): Illuminate\\Routing\\Pipeline->Illuminate\\Routing\\{closure}()
#50 C:\\Users\\Idriss Ketchaya\\Downloads\\Allonounou\\vendor\\laravel\\framework\\src\\Illuminate\\Pipeline\\Pipeline.php(163): Illuminate\\Foundation\\Http\\Middleware\\ValidatePostSize->handle()
#51 C:\\Users\\Idriss Ketchaya\\Downloads\\Allonounou\\vendor\\laravel\\framework\\src\\Illuminate\\Routing\\Pipeline.php(53): Illuminate\\Pipeline\\Pipeline->Illuminate\\Pipeline\\{closure}()
#52 C:\\Users\\Idriss Ketchaya\\Downloads\\Allonounou\\vendor\\laravel\\framework\\src\\Illuminate\\Foundation\\Http\\Middleware\\CheckForMaintenanceMode.php(62): Illuminate\\Routing\\Pipeline->Illuminate\\Routing\\{closure}()
#53 C:\\Users\\Idriss Ketchaya\\Downloads\\Allonounou\\vendor\\laravel\\framework\\src\\Illuminate\\Pipeline\\Pipeline.php(163): Illuminate\\Foundation\\Http\\Middleware\\CheckForMaintenanceMode->handle()
#54 C:\\Users\\Idriss Ketchaya\\Downloads\\Allonounou\\vendor\\laravel\\framework\\src\\Illuminate\\Routing\\Pipeline.php(53): Illuminate\\Pipeline\\Pipeline->Illuminate\\Pipeline\\{closure}()
#55 C:\\Users\\Idriss Ketchaya\\Downloads\\Allonounou\\vendor\\fideloper\\proxy\\src\\TrustProxies.php(57): Illuminate\\Routing\\Pipeline->Illuminate\\Routing\\{closure}()
#56 C:\\Users\\Idriss Ketchaya\\Downloads\\Allonounou\\vendor\\laravel\\framework\\src\\Illuminate\\Pipeline\\Pipeline.php(163): Fideloper\\Proxy\\TrustProxies->handle()
#57 C:\\Users\\Idriss Ketchaya\\Downloads\\Allonounou\\vendor\\laravel\\framework\\src\\Illuminate\\Routing\\Pipeline.php(53): Illuminate\\Pipeline\\Pipeline->Illuminate\\Pipeline\\{closure}()
#58 C:\\Users\\Idriss Ketchaya\\Downloads\\Allonounou\\vendor\\laravel\\framework\\src\\Illuminate\\Pipeline\\Pipeline.php(104): Illuminate\\Routing\\Pipeline->Illuminate\\Routing\\{closure}()
#59 C:\\Users\\Idriss Ketchaya\\Downloads\\Allonounou\\vendor\\laravel\\framework\\src\\Illuminate\\Foundation\\Http\\Kernel.php(151): Illuminate\\Pipeline\\Pipeline->then()
#60 C:\\Users\\Idriss Ketchaya\\Downloads\\Allonounou\\vendor\\laravel\\framework\\src\\Illuminate\\Foundation\\Http\\Kernel.php(116): Illuminate\\Foundation\\Http\\Kernel->sendRequestThroughRouter()
#61 C:\\Users\\Idriss Ketchaya\\Downloads\\Allonounou\\public\\index.php(55): Illuminate\\Foundation\\Http\\Kernel->handle()
#62 C:\\Users\\Idriss Ketchaya\\Downloads\\Allonounou\\server.php(21): require_once('C:\\\\Users\\\\Idriss...')
#63 {main}
"} 
[2020-11-27 09:32:56] local.ERROR: Undefined offset: 0 {"userId":1,"exception":"[object] (ErrorException(code: 0): Undefined offset: 0 at C:\\Users\\Idriss Ketchaya\\Downloads\\Allonounou\\vendor\\laravel\\framework\\src\\Illuminate\\Support\\Collection.php:2073)
[stacktrace]
#0 C:\\Users\\Idriss Ketchaya\\Downloads\\Allonounou\\vendor\\laravel\\framework\\src\\Illuminate\\Support\\Collection.php(2073): Illuminate\\Foundation\\Bootstrap\\HandleExceptions->handleError()
#1 C:\\Users\\Idriss Ketchaya\\Downloads\\Allonounou\\app\\Http\\Controllers\\ProfilController.php(58): Illuminate\\Support\\Collection->offsetGet()
#2 [internal function]: App\\Http\\Controllers\\ProfilController->show()
#3 C:\\Users\\Idriss Ketchaya\\Downloads\\Allonounou\\vendor\\laravel\\framework\\src\\Illuminate\\Routing\\Controller.php(54): call_user_func_array()
#4 C:\\Users\\Idriss Ketchaya\\Downloads\\Allonounou\\vendor\\laravel\\framework\\src\\Illuminate\\Routing\\ControllerDispatcher.php(45): Illuminate\\Routing\\Controller->callAction()
#5 C:\\Users\\Idriss Ketchaya\\Downloads\\Allonounou\\vendor\\laravel\\framework\\src\\Illuminate\\Routing\\Route.php(219): Illuminate\\Routing\\ControllerDispatcher->dispatch()
#6 C:\\Users\\Idriss Ketchaya\\Downloads\\Allonounou\\vendor\\laravel\\framework\\src\\Illuminate\\Routing\\Route.php(176): Illuminate\\Routing\\Route->runController()
#7 C:\\Users\\Idriss Ketchaya\\Downloads\\Allonounou\\vendor\\laravel\\framework\\src\\Illuminate\\Routing\\Router.php(680): Illuminate\\Routing\\Route->run()
#8 C:\\Users\\Idriss Ketchaya\\Downloads\\Allonounou\\vendor\\laravel\\framework\\src\\Illuminate\\Routing\\Pipeline.php(30): Illuminate\\Routing\\Router->Illuminate\\Routing\\{closure}()
#9 C:\\Users\\Idriss Ketchaya\\Downloads\\Allonounou\\vendor\\laravel\\framework\\src\\Illuminate\\Routing\\Middleware\\SubstituteBindings.php(41): Illuminate\\Routing\\Pipeline->Illuminate\\Routing\\{closure}()
#10 C:\\Users\\Idriss Ketchaya\\Downloads\\Allonounou\\vendor\\laravel\\framework\\src\\Illuminate\\Pipeline\\Pipeline.php(163): Illuminate\\Routing\\Middleware\\SubstituteBindings->handle()
#11 C:\\Users\\Idriss Ketchaya\\Downloads\\Allonounou\\vendor\\laravel\\framework\\src\\Illuminate\\Routing\\Pipeline.php(53): Illuminate\\Pipeline\\Pipeline->Illuminate\\Pipeline\\{closure}()
#12 C:\\Users\\Idriss Ketchaya\\Downloads\\Allonounou\\vendor\\laravel\\framework\\src\\Illuminate\\Foundation\\Http\\Middleware\\VerifyCsrfToken.php(75): Illuminate\\Routing\\Pipeline->Illuminate\\Routing\\{closure}()
#13 C:\\Users\\Idriss Ketchaya\\Downloads\\Allonounou\\vendor\\laravel\\framework\\src\\Illuminate\\Pipeline\\Pipeline.php(163): Illuminate\\Foundation\\Http\\Middleware\\VerifyCsrfToken->handle()
#14 C:\\Users\\Idriss Ketchaya\\Downloads\\Allonounou\\vendor\\laravel\\framework\\src\\Illuminate\\Routing\\Pipeline.php(53): Illuminate\\Pipeline\\Pipeline->Illuminate\\Pipeline\\{closure}()
#15 C:\\Users\\Idriss Ketchaya\\Downloads\\Allonounou\\vendor\\laravel\\framework\\src\\Illuminate\\View\\Middleware\\ShareErrorsFromSession.php(49): Illuminate\\Routing\\Pipeline->Illuminate\\Routing\\{closure}()
#16 C:\\Users\\Idriss Ketchaya\\Downloads\\Allonounou\\vendor\\laravel\\framework\\src\\Illuminate\\Pipeline\\Pipeline.php(163): Illuminate\\View\\Middleware\\ShareErrorsFromSession->handle()
#17 C:\\Users\\Idriss Ketchaya\\Downloads\\Allonounou\\vendor\\laravel\\framework\\src\\Illuminate\\Routing\\Pipeline.php(53): Illuminate\\Pipeline\\Pipeline->Illuminate\\Pipeline\\{closure}()
#18 C:\\Users\\Idriss Ketchaya\\Downloads\\Allonounou\\vendor\\laravel\\framework\\src\\Illuminate\\Session\\Middleware\\StartSession.php(56): Illuminate\\Routing\\Pipeline->Illuminate\\Routing\\{closure}()
#19 C:\\Users\\Idriss Ketchaya\\Downloads\\Allonounou\\vendor\\laravel\\framework\\src\\Illuminate\\Pipeline\\Pipeline.php(163): Illuminate\\Session\\Middleware\\StartSession->handle()
#20 C:\\Users\\Idriss Ketchaya\\Downloads\\Allonounou\\vendor\\laravel\\framework\\src\\Illuminate\\Routing\\Pipeline.php(53): Illuminate\\Pipeline\\Pipeline->Illuminate\\Pipeline\\{closure}()
#21 C:\\Users\\Idriss Ketchaya\\Downloads\\Allonounou\\vendor\\laravel\\framework\\src\\Illuminate\\Cookie\\Middleware\\AddQueuedCookiesToResponse.php(37): Illuminate\\Routing\\Pipeline->Illuminate\\Routing\\{closure}()
#22 C:\\Users\\Idriss Ketchaya\\Downloads\\Allonounou\\vendor\\laravel\\framework\\src\\Illuminate\\Pipeline\\Pipeline.php(163): Illuminate\\Cookie\\Middleware\\AddQueuedCookiesToResponse->handle()
#23 C:\\Users\\Idriss Ketchaya\\Downloads\\Allonounou\\vendor\\laravel\\framework\\src\\Illuminate\\Routing\\Pipeline.php(53): Illuminate\\Pipeline\\Pipeline->Illuminate\\Pipeline\\{closure}()
#24 C:\\Users\\Idriss Ketchaya\\Downloads\\Allonounou\\vendor\\laravel\\framework\\src\\Illuminate\\Cookie\\Middleware\\EncryptCookies.php(66): Illuminate\\Routing\\Pipeline->Illuminate\\Routing\\{closure}()
#25 C:\\Users\\Idriss Ketchaya\\Downloads\\Allonounou\\vendor\\laravel\\framework\\src\\Illuminate\\Pipeline\\Pipeline.php(163): Illuminate\\Cookie\\Middleware\\EncryptCookies->handle()
#26 C:\\Users\\Idriss Ketchaya\\Downloads\\Allonounou\\vendor\\laravel\\framework\\src\\Illuminate\\Routing\\Pipeline.php(53): Illuminate\\Pipeline\\Pipeline->Illuminate\\Pipeline\\{closure}()
#27 C:\\Users\\Idriss Ketchaya\\Downloads\\Allonounou\\vendor\\laravel\\framework\\src\\Illuminate\\Pipeline\\Pipeline.php(104): Illuminate\\Routing\\Pipeline->Illuminate\\Routing\\{closure}()
#28 C:\\Users\\Idriss Ketchaya\\Downloads\\Allonounou\\vendor\\laravel\\framework\\src\\Illuminate\\Routing\\Router.php(682): Illuminate\\Pipeline\\Pipeline->then()
#29 C:\\Users\\Idriss Ketchaya\\Downloads\\Allonounou\\vendor\\laravel\\framework\\src\\Illuminate\\Routing\\Router.php(657): Illuminate\\Routing\\Router->runRouteWithinStack()
#30 C:\\Users\\Idriss Ketchaya\\Downloads\\Allonounou\\vendor\\laravel\\framework\\src\\Illuminate\\Routing\\Router.php(623): Illuminate\\Routing\\Router->runRoute()
#31 C:\\Users\\Idriss Ketchaya\\Downloads\\Allonounou\\vendor\\laravel\\framework\\src\\Illuminate\\Routing\\Router.php(612): Illuminate\\Routing\\Router->dispatchToRoute()
#32 C:\\Users\\Idriss Ketchaya\\Downloads\\Allonounou\\vendor\\laravel\\framework\\src\\Illuminate\\Foundation\\Http\\Kernel.php(176): Illuminate\\Routing\\Router->dispatch()
#33 C:\\Users\\Idriss Ketchaya\\Downloads\\Allonounou\\vendor\\laravel\\framework\\src\\Illuminate\\Routing\\Pipeline.php(30): Illuminate\\Foundation\\Http\\Kernel->Illuminate\\Foundation\\Http\\{closure}()
#34 C:\\Users\\Idriss Ketchaya\\Downloads\\Allonounou\\vendor\\laravel\\framework\\src\\Illuminate\\Foundation\\Http\\Middleware\\TransformsRequest.php(21): Illuminate\\Routing\\Pipeline->Illuminate\\Routing\\{closure}()
#35 C:\\Users\\Idriss Ketchaya\\Downloads\\Allonounou\\vendor\\laravel\\framework\\src\\Illuminate\\Pipeline\\Pipeline.php(163): Illuminate\\Foundation\\Http\\Middleware\\TransformsRequest->handle()
#36 C:\\Users\\Idriss Ketchaya\\Downloads\\Allonounou\\vendor\\laravel\\framework\\src\\Illuminate\\Routing\\Pipeline.php(53): Illuminate\\Pipeline\\Pipeline->Illuminate\\Pipeline\\{closure}()
#37 C:\\Users\\Idriss Ketchaya\\Downloads\\Allonounou\\vendor\\laravel\\framework\\src\\Illuminate\\Foundation\\Http\\Middleware\\TransformsRequest.php(21): Illuminate\\Routing\\Pipeline->Illuminate\\Routing\\{closure}()
#38 C:\\Users\\Idriss Ketchaya\\Downloads\\Allonounou\\vendor\\laravel\\framework\\src\\Illuminate\\Pipeline\\Pipeline.php(163): Illuminate\\Foundation\\Http\\Middleware\\TransformsRequest->handle()
#39 C:\\Users\\Idriss Ketchaya\\Downloads\\Allonounou\\vendor\\laravel\\framework\\src\\Illuminate\\Routing\\Pipeline.php(53): Illuminate\\Pipeline\\Pipeline->Illuminate\\Pipeline\\{closure}()
#40 C:\\Users\\Idriss Ketchaya\\Downloads\\Allonounou\\vendor\\laravel\\framework\\src\\Illuminate\\Foundation\\Http\\Middleware\\ValidatePostSize.php(27): Illuminate\\Routing\\Pipeline->Illuminate\\Routing\\{closure}()
#41 C:\\Users\\Idriss Ketchaya\\Downloads\\Allonounou\\vendor\\laravel\\framework\\src\\Illuminate\\Pipeline\\Pipeline.php(163): Illuminate\\Foundation\\Http\\Middleware\\ValidatePostSize->handle()
#42 C:\\Users\\Idriss Ketchaya\\Downloads\\Allonounou\\vendor\\laravel\\framework\\src\\Illuminate\\Routing\\Pipeline.php(53): Illuminate\\Pipeline\\Pipeline->Illuminate\\Pipeline\\{closure}()
#43 C:\\Users\\Idriss Ketchaya\\Downloads\\Allonounou\\vendor\\laravel\\framework\\src\\Illuminate\\Foundation\\Http\\Middleware\\CheckForMaintenanceMode.php(62): Illuminate\\Routing\\Pipeline->Illuminate\\Routing\\{closure}()
#44 C:\\Users\\Idriss Ketchaya\\Downloads\\Allonounou\\vendor\\laravel\\framework\\src\\Illuminate\\Pipeline\\Pipeline.php(163): Illuminate\\Foundation\\Http\\Middleware\\CheckForMaintenanceMode->handle()
#45 C:\\Users\\Idriss Ketchaya\\Downloads\\Allonounou\\vendor\\laravel\\framework\\src\\Illuminate\\Routing\\Pipeline.php(53): Illuminate\\Pipeline\\Pipeline->Illuminate\\Pipeline\\{closure}()
#46 C:\\Users\\Idriss Ketchaya\\Downloads\\Allonounou\\vendor\\fideloper\\proxy\\src\\TrustProxies.php(57): Illuminate\\Routing\\Pipeline->Illuminate\\Routing\\{closure}()
#47 C:\\Users\\Idriss Ketchaya\\Downloads\\Allonounou\\vendor\\laravel\\framework\\src\\Illuminate\\Pipeline\\Pipeline.php(163): Fideloper\\Proxy\\TrustProxies->handle()
#48 C:\\Users\\Idriss Ketchaya\\Downloads\\Allonounou\\vendor\\laravel\\framework\\src\\Illuminate\\Routing\\Pipeline.php(53): Illuminate\\Pipeline\\Pipeline->Illuminate\\Pipeline\\{closure}()
#49 C:\\Users\\Idriss Ketchaya\\Downloads\\Allonounou\\vendor\\laravel\\framework\\src\\Illuminate\\Pipeline\\Pipeline.php(104): Illuminate\\Routing\\Pipeline->Illuminate\\Routing\\{closure}()
#50 C:\\Users\\Idriss Ketchaya\\Downloads\\Allonounou\\vendor\\laravel\\framework\\src\\Illuminate\\Foundation\\Http\\Kernel.php(151): Illuminate\\Pipeline\\Pipeline->then()
#51 C:\\Users\\Idriss Ketchaya\\Downloads\\Allonounou\\vendor\\laravel\\framework\\src\\Illuminate\\Foundation\\Http\\Kernel.php(116): Illuminate\\Foundation\\Http\\Kernel->sendRequestThroughRouter()
#52 C:\\Users\\Idriss Ketchaya\\Downloads\\Allonounou\\public\\index.php(55): Illuminate\\Foundation\\Http\\Kernel->handle()
#53 C:\\Users\\Idriss Ketchaya\\Downloads\\Allonounou\\server.php(21): require_once('C:\\\\Users\\\\Idriss...')
#54 {main}
"} 
[2020-11-27 09:33:16] local.ERROR: Undefined offset: 0 {"userId":1,"exception":"[object] (ErrorException(code: 0): Undefined offset: 0 at C:\\Users\\Idriss Ketchaya\\Downloads\\Allonounou\\vendor\\laravel\\framework\\src\\Illuminate\\Support\\Collection.php:2073)
[stacktrace]
#0 C:\\Users\\Idriss Ketchaya\\Downloads\\Allonounou\\vendor\\laravel\\framework\\src\\Illuminate\\Support\\Collection.php(2073): Illuminate\\Foundation\\Bootstrap\\HandleExceptions->handleError()
#1 C:\\Users\\Idriss Ketchaya\\Downloads\\Allonounou\\app\\Http\\Controllers\\ProfilController.php(58): Illuminate\\Support\\Collection->offsetGet()
#2 [internal function]: App\\Http\\Controllers\\ProfilController->show()
#3 C:\\Users\\Idriss Ketchaya\\Downloads\\Allonounou\\vendor\\laravel\\framework\\src\\Illuminate\\Routing\\Controller.php(54): call_user_func_array()
#4 C:\\Users\\Idriss Ketchaya\\Downloads\\Allonounou\\vendor\\laravel\\framework\\src\\Illuminate\\Routing\\ControllerDispatcher.php(45): Illuminate\\Routing\\Controller->callAction()
#5 C:\\Users\\Idriss Ketchaya\\Downloads\\Allonounou\\vendor\\laravel\\framework\\src\\Illuminate\\Routing\\Route.php(219): Illuminate\\Routing\\ControllerDispatcher->dispatch()
#6 C:\\Users\\Idriss Ketchaya\\Downloads\\Allonounou\\vendor\\laravel\\framework\\src\\Illuminate\\Routing\\Route.php(176): Illuminate\\Routing\\Route->runController()
#7 C:\\Users\\Idriss Ketchaya\\Downloads\\Allonounou\\vendor\\laravel\\framework\\src\\Illuminate\\Routing\\Router.php(680): Illuminate\\Routing\\Route->run()
#8 C:\\Users\\Idriss Ketchaya\\Downloads\\Allonounou\\vendor\\laravel\\framework\\src\\Illuminate\\Routing\\Pipeline.php(30): Illuminate\\Routing\\Router->Illuminate\\Routing\\{closure}()
#9 C:\\Users\\Idriss Ketchaya\\Downloads\\Allonounou\\vendor\\laravel\\framework\\src\\Illuminate\\Routing\\Middleware\\SubstituteBindings.php(41): Illuminate\\Routing\\Pipeline->Illuminate\\Routing\\{closure}()
#10 C:\\Users\\Idriss Ketchaya\\Downloads\\Allonounou\\vendor\\laravel\\framework\\src\\Illuminate\\Pipeline\\Pipeline.php(163): Illuminate\\Routing\\Middleware\\SubstituteBindings->handle()
#11 C:\\Users\\Idriss Ketchaya\\Downloads\\Allonounou\\vendor\\laravel\\framework\\src\\Illuminate\\Routing\\Pipeline.php(53): Illuminate\\Pipeline\\Pipeline->Illuminate\\Pipeline\\{closure}()
#12 C:\\Users\\Idriss Ketchaya\\Downloads\\Allonounou\\vendor\\laravel\\framework\\src\\Illuminate\\Foundation\\Http\\Middleware\\VerifyCsrfToken.php(75): Illuminate\\Routing\\Pipeline->Illuminate\\Routing\\{closure}()
#13 C:\\Users\\Idriss Ketchaya\\Downloads\\Allonounou\\vendor\\laravel\\framework\\src\\Illuminate\\Pipeline\\Pipeline.php(163): Illuminate\\Foundation\\Http\\Middleware\\VerifyCsrfToken->handle()
#14 C:\\Users\\Idriss Ketchaya\\Downloads\\Allonounou\\vendor\\laravel\\framework\\src\\Illuminate\\Routing\\Pipeline.php(53): Illuminate\\Pipeline\\Pipeline->Illuminate\\Pipeline\\{closure}()
#15 C:\\Users\\Idriss Ketchaya\\Downloads\\Allonounou\\vendor\\laravel\\framework\\src\\Illuminate\\View\\Middleware\\ShareErrorsFromSession.php(49): Illuminate\\Routing\\Pipeline->Illuminate\\Routing\\{closure}()
#16 C:\\Users\\Idriss Ketchaya\\Downloads\\Allonounou\\vendor\\laravel\\framework\\src\\Illuminate\\Pipeline\\Pipeline.php(163): Illuminate\\View\\Middleware\\ShareErrorsFromSession->handle()
#17 C:\\Users\\Idriss Ketchaya\\Downloads\\Allonounou\\vendor\\laravel\\framework\\src\\Illuminate\\Routing\\Pipeline.php(53): Illuminate\\Pipeline\\Pipeline->Illuminate\\Pipeline\\{closure}()
#18 C:\\Users\\Idriss Ketchaya\\Downloads\\Allonounou\\vendor\\laravel\\framework\\src\\Illuminate\\Session\\Middleware\\StartSession.php(56): Illuminate\\Routing\\Pipeline->Illuminate\\Routing\\{closure}()
#19 C:\\Users\\Idriss Ketchaya\\Downloads\\Allonounou\\vendor\\laravel\\framework\\src\\Illuminate\\Pipeline\\Pipeline.php(163): Illuminate\\Session\\Middleware\\StartSession->handle()
#20 C:\\Users\\Idriss Ketchaya\\Downloads\\Allonounou\\vendor\\laravel\\framework\\src\\Illuminate\\Routing\\Pipeline.php(53): Illuminate\\Pipeline\\Pipeline->Illuminate\\Pipeline\\{closure}()
#21 C:\\Users\\Idriss Ketchaya\\Downloads\\Allonounou\\vendor\\laravel\\framework\\src\\Illuminate\\Cookie\\Middleware\\AddQueuedCookiesToResponse.php(37): Illuminate\\Routing\\Pipeline->Illuminate\\Routing\\{closure}()
#22 C:\\Users\\Idriss Ketchaya\\Downloads\\Allonounou\\vendor\\laravel\\framework\\src\\Illuminate\\Pipeline\\Pipeline.php(163): Illuminate\\Cookie\\Middleware\\AddQueuedCookiesToResponse->handle()
#23 C:\\Users\\Idriss Ketchaya\\Downloads\\Allonounou\\vendor\\laravel\\framework\\src\\Illuminate\\Routing\\Pipeline.php(53): Illuminate\\Pipeline\\Pipeline->Illuminate\\Pipeline\\{closure}()
#24 C:\\Users\\Idriss Ketchaya\\Downloads\\Allonounou\\vendor\\laravel\\framework\\src\\Illuminate\\Cookie\\Middleware\\EncryptCookies.php(66): Illuminate\\Routing\\Pipeline->Illuminate\\Routing\\{closure}()
#25 C:\\Users\\Idriss Ketchaya\\Downloads\\Allonounou\\vendor\\laravel\\framework\\src\\Illuminate\\Pipeline\\Pipeline.php(163): Illuminate\\Cookie\\Middleware\\EncryptCookies->handle()
#26 C:\\Users\\Idriss Ketchaya\\Downloads\\Allonounou\\vendor\\laravel\\framework\\src\\Illuminate\\Routing\\Pipeline.php(53): Illuminate\\Pipeline\\Pipeline->Illuminate\\Pipeline\\{closure}()
#27 C:\\Users\\Idriss Ketchaya\\Downloads\\Allonounou\\vendor\\laravel\\framework\\src\\Illuminate\\Pipeline\\Pipeline.php(104): Illuminate\\Routing\\Pipeline->Illuminate\\Routing\\{closure}()
#28 C:\\Users\\Idriss Ketchaya\\Downloads\\Allonounou\\vendor\\laravel\\framework\\src\\Illuminate\\Routing\\Router.php(682): Illuminate\\Pipeline\\Pipeline->then()
#29 C:\\Users\\Idriss Ketchaya\\Downloads\\Allonounou\\vendor\\laravel\\framework\\src\\Illuminate\\Routing\\Router.php(657): Illuminate\\Routing\\Router->runRouteWithinStack()
#30 C:\\Users\\Idriss Ketchaya\\Downloads\\Allonounou\\vendor\\laravel\\framework\\src\\Illuminate\\Routing\\Router.php(623): Illuminate\\Routing\\Router->runRoute()
#31 C:\\Users\\Idriss Ketchaya\\Downloads\\Allonounou\\vendor\\laravel\\framework\\src\\Illuminate\\Routing\\Router.php(612): Illuminate\\Routing\\Router->dispatchToRoute()
#32 C:\\Users\\Idriss Ketchaya\\Downloads\\Allonounou\\vendor\\laravel\\framework\\src\\Illuminate\\Foundation\\Http\\Kernel.php(176): Illuminate\\Routing\\Router->dispatch()
#33 C:\\Users\\Idriss Ketchaya\\Downloads\\Allonounou\\vendor\\laravel\\framework\\src\\Illuminate\\Routing\\Pipeline.php(30): Illuminate\\Foundation\\Http\\Kernel->Illuminate\\Foundation\\Http\\{closure}()
#34 C:\\Users\\Idriss Ketchaya\\Downloads\\Allonounou\\vendor\\laravel\\framework\\src\\Illuminate\\Foundation\\Http\\Middleware\\TransformsRequest.php(21): Illuminate\\Routing\\Pipeline->Illuminate\\Routing\\{closure}()
#35 C:\\Users\\Idriss Ketchaya\\Downloads\\Allonounou\\vendor\\laravel\\framework\\src\\Illuminate\\Pipeline\\Pipeline.php(163): Illuminate\\Foundation\\Http\\Middleware\\TransformsRequest->handle()
#36 C:\\Users\\Idriss Ketchaya\\Downloads\\Allonounou\\vendor\\laravel\\framework\\src\\Illuminate\\Routing\\Pipeline.php(53): Illuminate\\Pipeline\\Pipeline->Illuminate\\Pipeline\\{closure}()
#37 C:\\Users\\Idriss Ketchaya\\Downloads\\Allonounou\\vendor\\laravel\\framework\\src\\Illuminate\\Foundation\\Http\\Middleware\\TransformsRequest.php(21): Illuminate\\Routing\\Pipeline->Illuminate\\Routing\\{closure}()
#38 C:\\Users\\Idriss Ketchaya\\Downloads\\Allonounou\\vendor\\laravel\\framework\\src\\Illuminate\\Pipeline\\Pipeline.php(163): Illuminate\\Foundation\\Http\\Middleware\\TransformsRequest->handle()
#39 C:\\Users\\Idriss Ketchaya\\Downloads\\Allonounou\\vendor\\laravel\\framework\\src\\Illuminate\\Routing\\Pipeline.php(53): Illuminate\\Pipeline\\Pipeline->Illuminate\\Pipeline\\{closure}()
#40 C:\\Users\\Idriss Ketchaya\\Downloads\\Allonounou\\vendor\\laravel\\framework\\src\\Illuminate\\Foundation\\Http\\Middleware\\ValidatePostSize.php(27): Illuminate\\Routing\\Pipeline->Illuminate\\Routing\\{closure}()
#41 C:\\Users\\Idriss Ketchaya\\Downloads\\Allonounou\\vendor\\laravel\\framework\\src\\Illuminate\\Pipeline\\Pipeline.php(163): Illuminate\\Foundation\\Http\\Middleware\\ValidatePostSize->handle()
#42 C:\\Users\\Idriss Ketchaya\\Downloads\\Allonounou\\vendor\\laravel\\framework\\src\\Illuminate\\Routing\\Pipeline.php(53): Illuminate\\Pipeline\\Pipeline->Illuminate\\Pipeline\\{closure}()
#43 C:\\Users\\Idriss Ketchaya\\Downloads\\Allonounou\\vendor\\laravel\\framework\\src\\Illuminate\\Foundation\\Http\\Middleware\\CheckForMaintenanceMode.php(62): Illuminate\\Routing\\Pipeline->Illuminate\\Routing\\{closure}()
#44 C:\\Users\\Idriss Ketchaya\\Downloads\\Allonounou\\vendor\\laravel\\framework\\src\\Illuminate\\Pipeline\\Pipeline.php(163): Illuminate\\Foundation\\Http\\Middleware\\CheckForMaintenanceMode->handle()
#45 C:\\Users\\Idriss Ketchaya\\Downloads\\Allonounou\\vendor\\laravel\\framework\\src\\Illuminate\\Routing\\Pipeline.php(53): Illuminate\\Pipeline\\Pipeline->Illuminate\\Pipeline\\{closure}()
#46 C:\\Users\\Idriss Ketchaya\\Downloads\\Allonounou\\vendor\\fideloper\\proxy\\src\\TrustProxies.php(57): Illuminate\\Routing\\Pipeline->Illuminate\\Routing\\{closure}()
#47 C:\\Users\\Idriss Ketchaya\\Downloads\\Allonounou\\vendor\\laravel\\framework\\src\\Illuminate\\Pipeline\\Pipeline.php(163): Fideloper\\Proxy\\TrustProxies->handle()
#48 C:\\Users\\Idriss Ketchaya\\Downloads\\Allonounou\\vendor\\laravel\\framework\\src\\Illuminate\\Routing\\Pipeline.php(53): Illuminate\\Pipeline\\Pipeline->Illuminate\\Pipeline\\{closure}()
#49 C:\\Users\\Idriss Ketchaya\\Downloads\\Allonounou\\vendor\\laravel\\framework\\src\\Illuminate\\Pipeline\\Pipeline.php(104): Illuminate\\Routing\\Pipeline->Illuminate\\Routing\\{closure}()
#50 C:\\Users\\Idriss Ketchaya\\Downloads\\Allonounou\\vendor\\laravel\\framework\\src\\Illuminate\\Foundation\\Http\\Kernel.php(151): Illuminate\\Pipeline\\Pipeline->then()
#51 C:\\Users\\Idriss Ketchaya\\Downloads\\Allonounou\\vendor\\laravel\\framework\\src\\Illuminate\\Foundation\\Http\\Kernel.php(116): Illuminate\\Foundation\\Http\\Kernel->sendRequestThroughRouter()
#52 C:\\Users\\Idriss Ketchaya\\Downloads\\Allonounou\\public\\index.php(55): Illuminate\\Foundation\\Http\\Kernel->handle()
#53 C:\\Users\\Idriss Ketchaya\\Downloads\\Allonounou\\server.php(21): require_once('C:\\\\Users\\\\Idriss...')
#54 {main}
"} 
[2020-11-27 09:37:04] local.ERROR: Undefined offset: 0 {"userId":1,"exception":"[object] (ErrorException(code: 0): Undefined offset: 0 at C:\\Users\\Idriss Ketchaya\\Downloads\\Allonounou\\vendor\\laravel\\framework\\src\\Illuminate\\Support\\Collection.php:2073)
[stacktrace]
#0 C:\\Users\\Idriss Ketchaya\\Downloads\\Allonounou\\vendor\\laravel\\framework\\src\\Illuminate\\Support\\Collection.php(2073): Illuminate\\Foundation\\Bootstrap\\HandleExceptions->handleError()
#1 C:\\Users\\Idriss Ketchaya\\Downloads\\Allonounou\\app\\Http\\Controllers\\ProfilController.php(58): Illuminate\\Support\\Collection->offsetGet()
#2 [internal function]: App\\Http\\Controllers\\ProfilController->show()
#3 C:\\Users\\Idriss Ketchaya\\Downloads\\Allonounou\\vendor\\laravel\\framework\\src\\Illuminate\\Routing\\Controller.php(54): call_user_func_array()
#4 C:\\Users\\Idriss Ketchaya\\Downloads\\Allonounou\\vendor\\laravel\\framework\\src\\Illuminate\\Routing\\ControllerDispatcher.php(45): Illuminate\\Routing\\Controller->callAction()
#5 C:\\Users\\Idriss Ketchaya\\Downloads\\Allonounou\\vendor\\laravel\\framework\\src\\Illuminate\\Routing\\Route.php(219): Illuminate\\Routing\\ControllerDispatcher->dispatch()
#6 C:\\Users\\Idriss Ketchaya\\Downloads\\Allonounou\\vendor\\laravel\\framework\\src\\Illuminate\\Routing\\Route.php(176): Illuminate\\Routing\\Route->runController()
#7 C:\\Users\\Idriss Ketchaya\\Downloads\\Allonounou\\vendor\\laravel\\framework\\src\\Illuminate\\Routing\\Router.php(680): Illuminate\\Routing\\Route->run()
#8 C:\\Users\\Idriss Ketchaya\\Downloads\\Allonounou\\vendor\\laravel\\framework\\src\\Illuminate\\Routing\\Pipeline.php(30): Illuminate\\Routing\\Router->Illuminate\\Routing\\{closure}()
#9 C:\\Users\\Idriss Ketchaya\\Downloads\\Allonounou\\vendor\\laravel\\framework\\src\\Illuminate\\Routing\\Middleware\\SubstituteBindings.php(41): Illuminate\\Routing\\Pipeline->Illuminate\\Routing\\{closure}()
#10 C:\\Users\\Idriss Ketchaya\\Downloads\\Allonounou\\vendor\\laravel\\framework\\src\\Illuminate\\Pipeline\\Pipeline.php(163): Illuminate\\Routing\\Middleware\\SubstituteBindings->handle()
#11 C:\\Users\\Idriss Ketchaya\\Downloads\\Allonounou\\vendor\\laravel\\framework\\src\\Illuminate\\Routing\\Pipeline.php(53): Illuminate\\Pipeline\\Pipeline->Illuminate\\Pipeline\\{closure}()
#12 C:\\Users\\Idriss Ketchaya\\Downloads\\Allonounou\\vendor\\laravel\\framework\\src\\Illuminate\\Foundation\\Http\\Middleware\\VerifyCsrfToken.php(75): Illuminate\\Routing\\Pipeline->Illuminate\\Routing\\{closure}()
#13 C:\\Users\\Idriss Ketchaya\\Downloads\\Allonounou\\vendor\\laravel\\framework\\src\\Illuminate\\Pipeline\\Pipeline.php(163): Illuminate\\Foundation\\Http\\Middleware\\VerifyCsrfToken->handle()
#14 C:\\Users\\Idriss Ketchaya\\Downloads\\Allonounou\\vendor\\laravel\\framework\\src\\Illuminate\\Routing\\Pipeline.php(53): Illuminate\\Pipeline\\Pipeline->Illuminate\\Pipeline\\{closure}()
#15 C:\\Users\\Idriss Ketchaya\\Downloads\\Allonounou\\vendor\\laravel\\framework\\src\\Illuminate\\View\\Middleware\\ShareErrorsFromSession.php(49): Illuminate\\Routing\\Pipeline->Illuminate\\Routing\\{closure}()
#16 C:\\Users\\Idriss Ketchaya\\Downloads\\Allonounou\\vendor\\laravel\\framework\\src\\Illuminate\\Pipeline\\Pipeline.php(163): Illuminate\\View\\Middleware\\ShareErrorsFromSession->handle()
#17 C:\\Users\\Idriss Ketchaya\\Downloads\\Allonounou\\vendor\\laravel\\framework\\src\\Illuminate\\Routing\\Pipeline.php(53): Illuminate\\Pipeline\\Pipeline->Illuminate\\Pipeline\\{closure}()
#18 C:\\Users\\Idriss Ketchaya\\Downloads\\Allonounou\\vendor\\laravel\\framework\\src\\Illuminate\\Session\\Middleware\\StartSession.php(56): Illuminate\\Routing\\Pipeline->Illuminate\\Routing\\{closure}()
#19 C:\\Users\\Idriss Ketchaya\\Downloads\\Allonounou\\vendor\\laravel\\framework\\src\\Illuminate\\Pipeline\\Pipeline.php(163): Illuminate\\Session\\Middleware\\StartSession->handle()
#20 C:\\Users\\Idriss Ketchaya\\Downloads\\Allonounou\\vendor\\laravel\\framework\\src\\Illuminate\\Routing\\Pipeline.php(53): Illuminate\\Pipeline\\Pipeline->Illuminate\\Pipeline\\{closure}()
#21 C:\\Users\\Idriss Ketchaya\\Downloads\\Allonounou\\vendor\\laravel\\framework\\src\\Illuminate\\Cookie\\Middleware\\AddQueuedCookiesToResponse.php(37): Illuminate\\Routing\\Pipeline->Illuminate\\Routing\\{closure}()
#22 C:\\Users\\Idriss Ketchaya\\Downloads\\Allonounou\\vendor\\laravel\\framework\\src\\Illuminate\\Pipeline\\Pipeline.php(163): Illuminate\\Cookie\\Middleware\\AddQueuedCookiesToResponse->handle()
#23 C:\\Users\\Idriss Ketchaya\\Downloads\\Allonounou\\vendor\\laravel\\framework\\src\\Illuminate\\Routing\\Pipeline.php(53): Illuminate\\Pipeline\\Pipeline->Illuminate\\Pipeline\\{closure}()
#24 C:\\Users\\Idriss Ketchaya\\Downloads\\Allonounou\\vendor\\laravel\\framework\\src\\Illuminate\\Cookie\\Middleware\\EncryptCookies.php(66): Illuminate\\Routing\\Pipeline->Illuminate\\Routing\\{closure}()
#25 C:\\Users\\Idriss Ketchaya\\Downloads\\Allonounou\\vendor\\laravel\\framework\\src\\Illuminate\\Pipeline\\Pipeline.php(163): Illuminate\\Cookie\\Middleware\\EncryptCookies->handle()
#26 C:\\Users\\Idriss Ketchaya\\Downloads\\Allonounou\\vendor\\laravel\\framework\\src\\Illuminate\\Routing\\Pipeline.php(53): Illuminate\\Pipeline\\Pipeline->Illuminate\\Pipeline\\{closure}()
#27 C:\\Users\\Idriss Ketchaya\\Downloads\\Allonounou\\vendor\\laravel\\framework\\src\\Illuminate\\Pipeline\\Pipeline.php(104): Illuminate\\Routing\\Pipeline->Illuminate\\Routing\\{closure}()
#28 C:\\Users\\Idriss Ketchaya\\Downloads\\Allonounou\\vendor\\laravel\\framework\\src\\Illuminate\\Routing\\Router.php(682): Illuminate\\Pipeline\\Pipeline->then()
#29 C:\\Users\\Idriss Ketchaya\\Downloads\\Allonounou\\vendor\\laravel\\framework\\src\\Illuminate\\Routing\\Router.php(657): Illuminate\\Routing\\Router->runRouteWithinStack()
#30 C:\\Users\\Idriss Ketchaya\\Downloads\\Allonounou\\vendor\\laravel\\framework\\src\\Illuminate\\Routing\\Router.php(623): Illuminate\\Routing\\Router->runRoute()
#31 C:\\Users\\Idriss Ketchaya\\Downloads\\Allonounou\\vendor\\laravel\\framework\\src\\Illuminate\\Routing\\Router.php(612): Illuminate\\Routing\\Router->dispatchToRoute()
#32 C:\\Users\\Idriss Ketchaya\\Downloads\\Allonounou\\vendor\\laravel\\framework\\src\\Illuminate\\Foundation\\Http\\Kernel.php(176): Illuminate\\Routing\\Router->dispatch()
#33 C:\\Users\\Idriss Ketchaya\\Downloads\\Allonounou\\vendor\\laravel\\framework\\src\\Illuminate\\Routing\\Pipeline.php(30): Illuminate\\Foundation\\Http\\Kernel->Illuminate\\Foundation\\Http\\{closure}()
#34 C:\\Users\\Idriss Ketchaya\\Downloads\\Allonounou\\vendor\\laravel\\framework\\src\\Illuminate\\Foundation\\Http\\Middleware\\TransformsRequest.php(21): Illuminate\\Routing\\Pipeline->Illuminate\\Routing\\{closure}()
#35 C:\\Users\\Idriss Ketchaya\\Downloads\\Allonounou\\vendor\\laravel\\framework\\src\\Illuminate\\Pipeline\\Pipeline.php(163): Illuminate\\Foundation\\Http\\Middleware\\TransformsRequest->handle()
#36 C:\\Users\\Idriss Ketchaya\\Downloads\\Allonounou\\vendor\\laravel\\framework\\src\\Illuminate\\Routing\\Pipeline.php(53): Illuminate\\Pipeline\\Pipeline->Illuminate\\Pipeline\\{closure}()
#37 C:\\Users\\Idriss Ketchaya\\Downloads\\Allonounou\\vendor\\laravel\\framework\\src\\Illuminate\\Foundation\\Http\\Middleware\\TransformsRequest.php(21): Illuminate\\Routing\\Pipeline->Illuminate\\Routing\\{closure}()
#38 C:\\Users\\Idriss Ketchaya\\Downloads\\Allonounou\\vendor\\laravel\\framework\\src\\Illuminate\\Pipeline\\Pipeline.php(163): Illuminate\\Foundation\\Http\\Middleware\\TransformsRequest->handle()
#39 C:\\Users\\Idriss Ketchaya\\Downloads\\Allonounou\\vendor\\laravel\\framework\\src\\Illuminate\\Routing\\Pipeline.php(53): Illuminate\\Pipeline\\Pipeline->Illuminate\\Pipeline\\{closure}()
#40 C:\\Users\\Idriss Ketchaya\\Downloads\\Allonounou\\vendor\\laravel\\framework\\src\\Illuminate\\Foundation\\Http\\Middleware\\ValidatePostSize.php(27): Illuminate\\Routing\\Pipeline->Illuminate\\Routing\\{closure}()
#41 C:\\Users\\Idriss Ketchaya\\Downloads\\Allonounou\\vendor\\laravel\\framework\\src\\Illuminate\\Pipeline\\Pipeline.php(163): Illuminate\\Foundation\\Http\\Middleware\\ValidatePostSize->handle()
#42 C:\\Users\\Idriss Ketchaya\\Downloads\\Allonounou\\vendor\\laravel\\framework\\src\\Illuminate\\Routing\\Pipeline.php(53): Illuminate\\Pipeline\\Pipeline->Illuminate\\Pipeline\\{closure}()
#43 C:\\Users\\Idriss Ketchaya\\Downloads\\Allonounou\\vendor\\laravel\\framework\\src\\Illuminate\\Foundation\\Http\\Middleware\\CheckForMaintenanceMode.php(62): Illuminate\\Routing\\Pipeline->Illuminate\\Routing\\{closure}()
#44 C:\\Users\\Idriss Ketchaya\\Downloads\\Allonounou\\vendor\\laravel\\framework\\src\\Illuminate\\Pipeline\\Pipeline.php(163): Illuminate\\Foundation\\Http\\Middleware\\CheckForMaintenanceMode->handle()
#45 C:\\Users\\Idriss Ketchaya\\Downloads\\Allonounou\\vendor\\laravel\\framework\\src\\Illuminate\\Routing\\Pipeline.php(53): Illuminate\\Pipeline\\Pipeline->Illuminate\\Pipeline\\{closure}()
#46 C:\\Users\\Idriss Ketchaya\\Downloads\\Allonounou\\vendor\\fideloper\\proxy\\src\\TrustProxies.php(57): Illuminate\\Routing\\Pipeline->Illuminate\\Routing\\{closure}()
#47 C:\\Users\\Idriss Ketchaya\\Downloads\\Allonounou\\vendor\\laravel\\framework\\src\\Illuminate\\Pipeline\\Pipeline.php(163): Fideloper\\Proxy\\TrustProxies->handle()
#48 C:\\Users\\Idriss Ketchaya\\Downloads\\Allonounou\\vendor\\laravel\\framework\\src\\Illuminate\\Routing\\Pipeline.php(53): Illuminate\\Pipeline\\Pipeline->Illuminate\\Pipeline\\{closure}()
#49 C:\\Users\\Idriss Ketchaya\\Downloads\\Allonounou\\vendor\\laravel\\framework\\src\\Illuminate\\Pipeline\\Pipeline.php(104): Illuminate\\Routing\\Pipeline->Illuminate\\Routing\\{closure}()
#50 C:\\Users\\Idriss Ketchaya\\Downloads\\Allonounou\\vendor\\laravel\\framework\\src\\Illuminate\\Foundation\\Http\\Kernel.php(151): Illuminate\\Pipeline\\Pipeline->then()
#51 C:\\Users\\Idriss Ketchaya\\Downloads\\Allonounou\\vendor\\laravel\\framework\\src\\Illuminate\\Foundation\\Http\\Kernel.php(116): Illuminate\\Foundation\\Http\\Kernel->sendRequestThroughRouter()
#52 C:\\Users\\Idriss Ketchaya\\Downloads\\Allonounou\\public\\index.php(55): Illuminate\\Foundation\\Http\\Kernel->handle()
#53 C:\\Users\\Idriss Ketchaya\\Downloads\\Allonounou\\server.php(21): require_once('C:\\\\Users\\\\Idriss...')
#54 {main}
"} 
[2020-11-27 09:39:28] local.ERROR: Undefined offset: 0 {"userId":1,"exception":"[object] (ErrorException(code: 0): Undefined offset: 0 at C:\\Users\\Idriss Ketchaya\\Downloads\\Allonounou\\vendor\\laravel\\framework\\src\\Illuminate\\Support\\Collection.php:2073)
[stacktrace]
#0 C:\\Users\\Idriss Ketchaya\\Downloads\\Allonounou\\vendor\\laravel\\framework\\src\\Illuminate\\Support\\Collection.php(2073): Illuminate\\Foundation\\Bootstrap\\HandleExceptions->handleError()
#1 C:\\Users\\Idriss Ketchaya\\Downloads\\Allonounou\\app\\Http\\Controllers\\ProfilController.php(58): Illuminate\\Support\\Collection->offsetGet()
#2 [internal function]: App\\Http\\Controllers\\ProfilController->show()
#3 C:\\Users\\Idriss Ketchaya\\Downloads\\Allonounou\\vendor\\laravel\\framework\\src\\Illuminate\\Routing\\Controller.php(54): call_user_func_array()
#4 C:\\Users\\Idriss Ketchaya\\Downloads\\Allonounou\\vendor\\laravel\\framework\\src\\Illuminate\\Routing\\ControllerDispatcher.php(45): Illuminate\\Routing\\Controller->callAction()
#5 C:\\Users\\Idriss Ketchaya\\Downloads\\Allonounou\\vendor\\laravel\\framework\\src\\Illuminate\\Routing\\Route.php(219): Illuminate\\Routing\\ControllerDispatcher->dispatch()
#6 C:\\Users\\Idriss Ketchaya\\Downloads\\Allonounou\\vendor\\laravel\\framework\\src\\Illuminate\\Routing\\Route.php(176): Illuminate\\Routing\\Route->runController()
#7 C:\\Users\\Idriss Ketchaya\\Downloads\\Allonounou\\vendor\\laravel\\framework\\src\\Illuminate\\Routing\\Router.php(680): Illuminate\\Routing\\Route->run()
#8 C:\\Users\\Idriss Ketchaya\\Downloads\\Allonounou\\vendor\\laravel\\framework\\src\\Illuminate\\Routing\\Pipeline.php(30): Illuminate\\Routing\\Router->Illuminate\\Routing\\{closure}()
#9 C:\\Users\\Idriss Ketchaya\\Downloads\\Allonounou\\vendor\\laravel\\framework\\src\\Illuminate\\Routing\\Middleware\\SubstituteBindings.php(41): Illuminate\\Routing\\Pipeline->Illuminate\\Routing\\{closure}()
#10 C:\\Users\\Idriss Ketchaya\\Downloads\\Allonounou\\vendor\\laravel\\framework\\src\\Illuminate\\Pipeline\\Pipeline.php(163): Illuminate\\Routing\\Middleware\\SubstituteBindings->handle()
#11 C:\\Users\\Idriss Ketchaya\\Downloads\\Allonounou\\vendor\\laravel\\framework\\src\\Illuminate\\Routing\\Pipeline.php(53): Illuminate\\Pipeline\\Pipeline->Illuminate\\Pipeline\\{closure}()
#12 C:\\Users\\Idriss Ketchaya\\Downloads\\Allonounou\\vendor\\laravel\\framework\\src\\Illuminate\\Foundation\\Http\\Middleware\\VerifyCsrfToken.php(75): Illuminate\\Routing\\Pipeline->Illuminate\\Routing\\{closure}()
#13 C:\\Users\\Idriss Ketchaya\\Downloads\\Allonounou\\vendor\\laravel\\framework\\src\\Illuminate\\Pipeline\\Pipeline.php(163): Illuminate\\Foundation\\Http\\Middleware\\VerifyCsrfToken->handle()
#14 C:\\Users\\Idriss Ketchaya\\Downloads\\Allonounou\\vendor\\laravel\\framework\\src\\Illuminate\\Routing\\Pipeline.php(53): Illuminate\\Pipeline\\Pipeline->Illuminate\\Pipeline\\{closure}()
#15 C:\\Users\\Idriss Ketchaya\\Downloads\\Allonounou\\vendor\\laravel\\framework\\src\\Illuminate\\View\\Middleware\\ShareErrorsFromSession.php(49): Illuminate\\Routing\\Pipeline->Illuminate\\Routing\\{closure}()
#16 C:\\Users\\Idriss Ketchaya\\Downloads\\Allonounou\\vendor\\laravel\\framework\\src\\Illuminate\\Pipeline\\Pipeline.php(163): Illuminate\\View\\Middleware\\ShareErrorsFromSession->handle()
#17 C:\\Users\\Idriss Ketchaya\\Downloads\\Allonounou\\vendor\\laravel\\framework\\src\\Illuminate\\Routing\\Pipeline.php(53): Illuminate\\Pipeline\\Pipeline->Illuminate\\Pipeline\\{closure}()
#18 C:\\Users\\Idriss Ketchaya\\Downloads\\Allonounou\\vendor\\laravel\\framework\\src\\Illuminate\\Session\\Middleware\\StartSession.php(56): Illuminate\\Routing\\Pipeline->Illuminate\\Routing\\{closure}()
#19 C:\\Users\\Idriss Ketchaya\\Downloads\\Allonounou\\vendor\\laravel\\framework\\src\\Illuminate\\Pipeline\\Pipeline.php(163): Illuminate\\Session\\Middleware\\StartSession->handle()
#20 C:\\Users\\Idriss Ketchaya\\Downloads\\Allonounou\\vendor\\laravel\\framework\\src\\Illuminate\\Routing\\Pipeline.php(53): Illuminate\\Pipeline\\Pipeline->Illuminate\\Pipeline\\{closure}()
#21 C:\\Users\\Idriss Ketchaya\\Downloads\\Allonounou\\vendor\\laravel\\framework\\src\\Illuminate\\Cookie\\Middleware\\AddQueuedCookiesToResponse.php(37): Illuminate\\Routing\\Pipeline->Illuminate\\Routing\\{closure}()
#22 C:\\Users\\Idriss Ketchaya\\Downloads\\Allonounou\\vendor\\laravel\\framework\\src\\Illuminate\\Pipeline\\Pipeline.php(163): Illuminate\\Cookie\\Middleware\\AddQueuedCookiesToResponse->handle()
#23 C:\\Users\\Idriss Ketchaya\\Downloads\\Allonounou\\vendor\\laravel\\framework\\src\\Illuminate\\Routing\\Pipeline.php(53): Illuminate\\Pipeline\\Pipeline->Illuminate\\Pipeline\\{closure}()
#24 C:\\Users\\Idriss Ketchaya\\Downloads\\Allonounou\\vendor\\laravel\\framework\\src\\Illuminate\\Cookie\\Middleware\\EncryptCookies.php(66): Illuminate\\Routing\\Pipeline->Illuminate\\Routing\\{closure}()
#25 C:\\Users\\Idriss Ketchaya\\Downloads\\Allonounou\\vendor\\laravel\\framework\\src\\Illuminate\\Pipeline\\Pipeline.php(163): Illuminate\\Cookie\\Middleware\\EncryptCookies->handle()
#26 C:\\Users\\Idriss Ketchaya\\Downloads\\Allonounou\\vendor\\laravel\\framework\\src\\Illuminate\\Routing\\Pipeline.php(53): Illuminate\\Pipeline\\Pipeline->Illuminate\\Pipeline\\{closure}()
#27 C:\\Users\\Idriss Ketchaya\\Downloads\\Allonounou\\vendor\\laravel\\framework\\src\\Illuminate\\Pipeline\\Pipeline.php(104): Illuminate\\Routing\\Pipeline->Illuminate\\Routing\\{closure}()
#28 C:\\Users\\Idriss Ketchaya\\Downloads\\Allonounou\\vendor\\laravel\\framework\\src\\Illuminate\\Routing\\Router.php(682): Illuminate\\Pipeline\\Pipeline->then()
#29 C:\\Users\\Idriss Ketchaya\\Downloads\\Allonounou\\vendor\\laravel\\framework\\src\\Illuminate\\Routing\\Router.php(657): Illuminate\\Routing\\Router->runRouteWithinStack()
#30 C:\\Users\\Idriss Ketchaya\\Downloads\\Allonounou\\vendor\\laravel\\framework\\src\\Illuminate\\Routing\\Router.php(623): Illuminate\\Routing\\Router->runRoute()
#31 C:\\Users\\Idriss Ketchaya\\Downloads\\Allonounou\\vendor\\laravel\\framework\\src\\Illuminate\\Routing\\Router.php(612): Illuminate\\Routing\\Router->dispatchToRoute()
#32 C:\\Users\\Idriss Ketchaya\\Downloads\\Allonounou\\vendor\\laravel\\framework\\src\\Illuminate\\Foundation\\Http\\Kernel.php(176): Illuminate\\Routing\\Router->dispatch()
#33 C:\\Users\\Idriss Ketchaya\\Downloads\\Allonounou\\vendor\\laravel\\framework\\src\\Illuminate\\Routing\\Pipeline.php(30): Illuminate\\Foundation\\Http\\Kernel->Illuminate\\Foundation\\Http\\{closure}()
#34 C:\\Users\\Idriss Ketchaya\\Downloads\\Allonounou\\vendor\\laravel\\framework\\src\\Illuminate\\Foundation\\Http\\Middleware\\TransformsRequest.php(21): Illuminate\\Routing\\Pipeline->Illuminate\\Routing\\{closure}()
#35 C:\\Users\\Idriss Ketchaya\\Downloads\\Allonounou\\vendor\\laravel\\framework\\src\\Illuminate\\Pipeline\\Pipeline.php(163): Illuminate\\Foundation\\Http\\Middleware\\TransformsRequest->handle()
#36 C:\\Users\\Idriss Ketchaya\\Downloads\\Allonounou\\vendor\\laravel\\framework\\src\\Illuminate\\Routing\\Pipeline.php(53): Illuminate\\Pipeline\\Pipeline->Illuminate\\Pipeline\\{closure}()
#37 C:\\Users\\Idriss Ketchaya\\Downloads\\Allonounou\\vendor\\laravel\\framework\\src\\Illuminate\\Foundation\\Http\\Middleware\\TransformsRequest.php(21): Illuminate\\Routing\\Pipeline->Illuminate\\Routing\\{closure}()
#38 C:\\Users\\Idriss Ketchaya\\Downloads\\Allonounou\\vendor\\laravel\\framework\\src\\Illuminate\\Pipeline\\Pipeline.php(163): Illuminate\\Foundation\\Http\\Middleware\\TransformsRequest->handle()
#39 C:\\Users\\Idriss Ketchaya\\Downloads\\Allonounou\\vendor\\laravel\\framework\\src\\Illuminate\\Routing\\Pipeline.php(53): Illuminate\\Pipeline\\Pipeline->Illuminate\\Pipeline\\{closure}()
#40 C:\\Users\\Idriss Ketchaya\\Downloads\\Allonounou\\vendor\\laravel\\framework\\src\\Illuminate\\Foundation\\Http\\Middleware\\ValidatePostSize.php(27): Illuminate\\Routing\\Pipeline->Illuminate\\Routing\\{closure}()
#41 C:\\Users\\Idriss Ketchaya\\Downloads\\Allonounou\\vendor\\laravel\\framework\\src\\Illuminate\\Pipeline\\Pipeline.php(163): Illuminate\\Foundation\\Http\\Middleware\\ValidatePostSize->handle()
#42 C:\\Users\\Idriss Ketchaya\\Downloads\\Allonounou\\vendor\\laravel\\framework\\src\\Illuminate\\Routing\\Pipeline.php(53): Illuminate\\Pipeline\\Pipeline->Illuminate\\Pipeline\\{closure}()
#43 C:\\Users\\Idriss Ketchaya\\Downloads\\Allonounou\\vendor\\laravel\\framework\\src\\Illuminate\\Foundation\\Http\\Middleware\\CheckForMaintenanceMode.php(62): Illuminate\\Routing\\Pipeline->Illuminate\\Routing\\{closure}()
#44 C:\\Users\\Idriss Ketchaya\\Downloads\\Allonounou\\vendor\\laravel\\framework\\src\\Illuminate\\Pipeline\\Pipeline.php(163): Illuminate\\Foundation\\Http\\Middleware\\CheckForMaintenanceMode->handle()
#45 C:\\Users\\Idriss Ketchaya\\Downloads\\Allonounou\\vendor\\laravel\\framework\\src\\Illuminate\\Routing\\Pipeline.php(53): Illuminate\\Pipeline\\Pipeline->Illuminate\\Pipeline\\{closure}()
#46 C:\\Users\\Idriss Ketchaya\\Downloads\\Allonounou\\vendor\\fideloper\\proxy\\src\\TrustProxies.php(57): Illuminate\\Routing\\Pipeline->Illuminate\\Routing\\{closure}()
#47 C:\\Users\\Idriss Ketchaya\\Downloads\\Allonounou\\vendor\\laravel\\framework\\src\\Illuminate\\Pipeline\\Pipeline.php(163): Fideloper\\Proxy\\TrustProxies->handle()
#48 C:\\Users\\Idriss Ketchaya\\Downloads\\Allonounou\\vendor\\laravel\\framework\\src\\Illuminate\\Routing\\Pipeline.php(53): Illuminate\\Pipeline\\Pipeline->Illuminate\\Pipeline\\{closure}()
#49 C:\\Users\\Idriss Ketchaya\\Downloads\\Allonounou\\vendor\\laravel\\framework\\src\\Illuminate\\Pipeline\\Pipeline.php(104): Illuminate\\Routing\\Pipeline->Illuminate\\Routing\\{closure}()
#50 C:\\Users\\Idriss Ketchaya\\Downloads\\Allonounou\\vendor\\laravel\\framework\\src\\Illuminate\\Foundation\\Http\\Kernel.php(151): Illuminate\\Pipeline\\Pipeline->then()
#51 C:\\Users\\Idriss Ketchaya\\Downloads\\Allonounou\\vendor\\laravel\\framework\\src\\Illuminate\\Foundation\\Http\\Kernel.php(116): Illuminate\\Foundation\\Http\\Kernel->sendRequestThroughRouter()
#52 C:\\Users\\Idriss Ketchaya\\Downloads\\Allonounou\\public\\index.php(55): Illuminate\\Foundation\\Http\\Kernel->handle()
#53 C:\\Users\\Idriss Ketchaya\\Downloads\\Allonounou\\server.php(21): require_once('C:\\\\Users\\\\Idriss...')
#54 {main}
"} 
[2020-11-27 10:11:00] local.ERROR: Undefined offset: 0 {"userId":1,"exception":"[object] (ErrorException(code: 0): Undefined offset: 0 at C:\\Users\\Idriss Ketchaya\\Downloads\\Allonounou\\vendor\\laravel\\framework\\src\\Illuminate\\Support\\Collection.php:2073)
[stacktrace]
#0 C:\\Users\\Idriss Ketchaya\\Downloads\\Allonounou\\vendor\\laravel\\framework\\src\\Illuminate\\Support\\Collection.php(2073): Illuminate\\Foundation\\Bootstrap\\HandleExceptions->handleError()
#1 C:\\Users\\Idriss Ketchaya\\Downloads\\Allonounou\\app\\Http\\Controllers\\ProfilController.php(58): Illuminate\\Support\\Collection->offsetGet()
#2 [internal function]: App\\Http\\Controllers\\ProfilController->show()
#3 C:\\Users\\Idriss Ketchaya\\Downloads\\Allonounou\\vendor\\laravel\\framework\\src\\Illuminate\\Routing\\Controller.php(54): call_user_func_array()
#4 C:\\Users\\Idriss Ketchaya\\Downloads\\Allonounou\\vendor\\laravel\\framework\\src\\Illuminate\\Routing\\ControllerDispatcher.php(45): Illuminate\\Routing\\Controller->callAction()
#5 C:\\Users\\Idriss Ketchaya\\Downloads\\Allonounou\\vendor\\laravel\\framework\\src\\Illuminate\\Routing\\Route.php(219): Illuminate\\Routing\\ControllerDispatcher->dispatch()
#6 C:\\Users\\Idriss Ketchaya\\Downloads\\Allonounou\\vendor\\laravel\\framework\\src\\Illuminate\\Routing\\Route.php(176): Illuminate\\Routing\\Route->runController()
#7 C:\\Users\\Idriss Ketchaya\\Downloads\\Allonounou\\vendor\\laravel\\framework\\src\\Illuminate\\Routing\\Router.php(680): Illuminate\\Routing\\Route->run()
#8 C:\\Users\\Idriss Ketchaya\\Downloads\\Allonounou\\vendor\\laravel\\framework\\src\\Illuminate\\Routing\\Pipeline.php(30): Illuminate\\Routing\\Router->Illuminate\\Routing\\{closure}()
#9 C:\\Users\\Idriss Ketchaya\\Downloads\\Allonounou\\vendor\\laravel\\framework\\src\\Illuminate\\Routing\\Middleware\\SubstituteBindings.php(41): Illuminate\\Routing\\Pipeline->Illuminate\\Routing\\{closure}()
#10 C:\\Users\\Idriss Ketchaya\\Downloads\\Allonounou\\vendor\\laravel\\framework\\src\\Illuminate\\Pipeline\\Pipeline.php(163): Illuminate\\Routing\\Middleware\\SubstituteBindings->handle()
#11 C:\\Users\\Idriss Ketchaya\\Downloads\\Allonounou\\vendor\\laravel\\framework\\src\\Illuminate\\Routing\\Pipeline.php(53): Illuminate\\Pipeline\\Pipeline->Illuminate\\Pipeline\\{closure}()
#12 C:\\Users\\Idriss Ketchaya\\Downloads\\Allonounou\\vendor\\laravel\\framework\\src\\Illuminate\\Foundation\\Http\\Middleware\\VerifyCsrfToken.php(75): Illuminate\\Routing\\Pipeline->Illuminate\\Routing\\{closure}()
#13 C:\\Users\\Idriss Ketchaya\\Downloads\\Allonounou\\vendor\\laravel\\framework\\src\\Illuminate\\Pipeline\\Pipeline.php(163): Illuminate\\Foundation\\Http\\Middleware\\VerifyCsrfToken->handle()
#14 C:\\Users\\Idriss Ketchaya\\Downloads\\Allonounou\\vendor\\laravel\\framework\\src\\Illuminate\\Routing\\Pipeline.php(53): Illuminate\\Pipeline\\Pipeline->Illuminate\\Pipeline\\{closure}()
#15 C:\\Users\\Idriss Ketchaya\\Downloads\\Allonounou\\vendor\\laravel\\framework\\src\\Illuminate\\View\\Middleware\\ShareErrorsFromSession.php(49): Illuminate\\Routing\\Pipeline->Illuminate\\Routing\\{closure}()
#16 C:\\Users\\Idriss Ketchaya\\Downloads\\Allonounou\\vendor\\laravel\\framework\\src\\Illuminate\\Pipeline\\Pipeline.php(163): Illuminate\\View\\Middleware\\ShareErrorsFromSession->handle()
#17 C:\\Users\\Idriss Ketchaya\\Downloads\\Allonounou\\vendor\\laravel\\framework\\src\\Illuminate\\Routing\\Pipeline.php(53): Illuminate\\Pipeline\\Pipeline->Illuminate\\Pipeline\\{closure}()
#18 C:\\Users\\Idriss Ketchaya\\Downloads\\Allonounou\\vendor\\laravel\\framework\\src\\Illuminate\\Session\\Middleware\\StartSession.php(56): Illuminate\\Routing\\Pipeline->Illuminate\\Routing\\{closure}()
#19 C:\\Users\\Idriss Ketchaya\\Downloads\\Allonounou\\vendor\\laravel\\framework\\src\\Illuminate\\Pipeline\\Pipeline.php(163): Illuminate\\Session\\Middleware\\StartSession->handle()
#20 C:\\Users\\Idriss Ketchaya\\Downloads\\Allonounou\\vendor\\laravel\\framework\\src\\Illuminate\\Routing\\Pipeline.php(53): Illuminate\\Pipeline\\Pipeline->Illuminate\\Pipeline\\{closure}()
#21 C:\\Users\\Idriss Ketchaya\\Downloads\\Allonounou\\vendor\\laravel\\framework\\src\\Illuminate\\Cookie\\Middleware\\AddQueuedCookiesToResponse.php(37): Illuminate\\Routing\\Pipeline->Illuminate\\Routing\\{closure}()
#22 C:\\Users\\Idriss Ketchaya\\Downloads\\Allonounou\\vendor\\laravel\\framework\\src\\Illuminate\\Pipeline\\Pipeline.php(163): Illuminate\\Cookie\\Middleware\\AddQueuedCookiesToResponse->handle()
#23 C:\\Users\\Idriss Ketchaya\\Downloads\\Allonounou\\vendor\\laravel\\framework\\src\\Illuminate\\Routing\\Pipeline.php(53): Illuminate\\Pipeline\\Pipeline->Illuminate\\Pipeline\\{closure}()
#24 C:\\Users\\Idriss Ketchaya\\Downloads\\Allonounou\\vendor\\laravel\\framework\\src\\Illuminate\\Cookie\\Middleware\\EncryptCookies.php(66): Illuminate\\Routing\\Pipeline->Illuminate\\Routing\\{closure}()
#25 C:\\Users\\Idriss Ketchaya\\Downloads\\Allonounou\\vendor\\laravel\\framework\\src\\Illuminate\\Pipeline\\Pipeline.php(163): Illuminate\\Cookie\\Middleware\\EncryptCookies->handle()
#26 C:\\Users\\Idriss Ketchaya\\Downloads\\Allonounou\\vendor\\laravel\\framework\\src\\Illuminate\\Routing\\Pipeline.php(53): Illuminate\\Pipeline\\Pipeline->Illuminate\\Pipeline\\{closure}()
#27 C:\\Users\\Idriss Ketchaya\\Downloads\\Allonounou\\vendor\\laravel\\framework\\src\\Illuminate\\Pipeline\\Pipeline.php(104): Illuminate\\Routing\\Pipeline->Illuminate\\Routing\\{closure}()
#28 C:\\Users\\Idriss Ketchaya\\Downloads\\Allonounou\\vendor\\laravel\\framework\\src\\Illuminate\\Routing\\Router.php(682): Illuminate\\Pipeline\\Pipeline->then()
#29 C:\\Users\\Idriss Ketchaya\\Downloads\\Allonounou\\vendor\\laravel\\framework\\src\\Illuminate\\Routing\\Router.php(657): Illuminate\\Routing\\Router->runRouteWithinStack()
#30 C:\\Users\\Idriss Ketchaya\\Downloads\\Allonounou\\vendor\\laravel\\framework\\src\\Illuminate\\Routing\\Router.php(623): Illuminate\\Routing\\Router->runRoute()
#31 C:\\Users\\Idriss Ketchaya\\Downloads\\Allonounou\\vendor\\laravel\\framework\\src\\Illuminate\\Routing\\Router.php(612): Illuminate\\Routing\\Router->dispatchToRoute()
#32 C:\\Users\\Idriss Ketchaya\\Downloads\\Allonounou\\vendor\\laravel\\framework\\src\\Illuminate\\Foundation\\Http\\Kernel.php(176): Illuminate\\Routing\\Router->dispatch()
#33 C:\\Users\\Idriss Ketchaya\\Downloads\\Allonounou\\vendor\\laravel\\framework\\src\\Illuminate\\Routing\\Pipeline.php(30): Illuminate\\Foundation\\Http\\Kernel->Illuminate\\Foundation\\Http\\{closure}()
#34 C:\\Users\\Idriss Ketchaya\\Downloads\\Allonounou\\vendor\\laravel\\framework\\src\\Illuminate\\Foundation\\Http\\Middleware\\TransformsRequest.php(21): Illuminate\\Routing\\Pipeline->Illuminate\\Routing\\{closure}()
#35 C:\\Users\\Idriss Ketchaya\\Downloads\\Allonounou\\vendor\\laravel\\framework\\src\\Illuminate\\Pipeline\\Pipeline.php(163): Illuminate\\Foundation\\Http\\Middleware\\TransformsRequest->handle()
#36 C:\\Users\\Idriss Ketchaya\\Downloads\\Allonounou\\vendor\\laravel\\framework\\src\\Illuminate\\Routing\\Pipeline.php(53): Illuminate\\Pipeline\\Pipeline->Illuminate\\Pipeline\\{closure}()
#37 C:\\Users\\Idriss Ketchaya\\Downloads\\Allonounou\\vendor\\laravel\\framework\\src\\Illuminate\\Foundation\\Http\\Middleware\\TransformsRequest.php(21): Illuminate\\Routing\\Pipeline->Illuminate\\Routing\\{closure}()
#38 C:\\Users\\Idriss Ketchaya\\Downloads\\Allonounou\\vendor\\laravel\\framework\\src\\Illuminate\\Pipeline\\Pipeline.php(163): Illuminate\\Foundation\\Http\\Middleware\\TransformsRequest->handle()
#39 C:\\Users\\Idriss Ketchaya\\Downloads\\Allonounou\\vendor\\laravel\\framework\\src\\Illuminate\\Routing\\Pipeline.php(53): Illuminate\\Pipeline\\Pipeline->Illuminate\\Pipeline\\{closure}()
#40 C:\\Users\\Idriss Ketchaya\\Downloads\\Allonounou\\vendor\\laravel\\framework\\src\\Illuminate\\Foundation\\Http\\Middleware\\ValidatePostSize.php(27): Illuminate\\Routing\\Pipeline->Illuminate\\Routing\\{closure}()
#41 C:\\Users\\Idriss Ketchaya\\Downloads\\Allonounou\\vendor\\laravel\\framework\\src\\Illuminate\\Pipeline\\Pipeline.php(163): Illuminate\\Foundation\\Http\\Middleware\\ValidatePostSize->handle()
#42 C:\\Users\\Idriss Ketchaya\\Downloads\\Allonounou\\vendor\\laravel\\framework\\src\\Illuminate\\Routing\\Pipeline.php(53): Illuminate\\Pipeline\\Pipeline->Illuminate\\Pipeline\\{closure}()
#43 C:\\Users\\Idriss Ketchaya\\Downloads\\Allonounou\\vendor\\laravel\\framework\\src\\Illuminate\\Foundation\\Http\\Middleware\\CheckForMaintenanceMode.php(62): Illuminate\\Routing\\Pipeline->Illuminate\\Routing\\{closure}()
#44 C:\\Users\\Idriss Ketchaya\\Downloads\\Allonounou\\vendor\\laravel\\framework\\src\\Illuminate\\Pipeline\\Pipeline.php(163): Illuminate\\Foundation\\Http\\Middleware\\CheckForMaintenanceMode->handle()
#45 C:\\Users\\Idriss Ketchaya\\Downloads\\Allonounou\\vendor\\laravel\\framework\\src\\Illuminate\\Routing\\Pipeline.php(53): Illuminate\\Pipeline\\Pipeline->Illuminate\\Pipeline\\{closure}()
#46 C:\\Users\\Idriss Ketchaya\\Downloads\\Allonounou\\vendor\\fideloper\\proxy\\src\\TrustProxies.php(57): Illuminate\\Routing\\Pipeline->Illuminate\\Routing\\{closure}()
#47 C:\\Users\\Idriss Ketchaya\\Downloads\\Allonounou\\vendor\\laravel\\framework\\src\\Illuminate\\Pipeline\\Pipeline.php(163): Fideloper\\Proxy\\TrustProxies->handle()
#48 C:\\Users\\Idriss Ketchaya\\Downloads\\Allonounou\\vendor\\laravel\\framework\\src\\Illuminate\\Routing\\Pipeline.php(53): Illuminate\\Pipeline\\Pipeline->Illuminate\\Pipeline\\{closure}()
#49 C:\\Users\\Idriss Ketchaya\\Downloads\\Allonounou\\vendor\\laravel\\framework\\src\\Illuminate\\Pipeline\\Pipeline.php(104): Illuminate\\Routing\\Pipeline->Illuminate\\Routing\\{closure}()
#50 C:\\Users\\Idriss Ketchaya\\Downloads\\Allonounou\\vendor\\laravel\\framework\\src\\Illuminate\\Foundation\\Http\\Kernel.php(151): Illuminate\\Pipeline\\Pipeline->then()
#51 C:\\Users\\Idriss Ketchaya\\Downloads\\Allonounou\\vendor\\laravel\\framework\\src\\Illuminate\\Foundation\\Http\\Kernel.php(116): Illuminate\\Foundation\\Http\\Kernel->sendRequestThroughRouter()
#52 C:\\Users\\Idriss Ketchaya\\Downloads\\Allonounou\\public\\index.php(55): Illuminate\\Foundation\\Http\\Kernel->handle()
#53 C:\\Users\\Idriss Ketchaya\\Downloads\\Allonounou\\server.php(21): require_once('C:\\\\Users\\\\Idriss...')
#54 {main}
"} 
