[2020-11-22 18:30:23] local.ERROR: Trying to get property 'photo' of non-object (View: C:\Users\Idriss Ketchaya\Downloads\Allonounou\resources\views\profil\show.blade.php) {"exception":"[object] (ErrorException(code: 0): Trying to get property 'photo' of non-object (View: C:\\Users\\Idriss Ketchaya\\Downloads\\Allonounou\esources\\views\\profil\\show.blade.php) at C:\\Users\\Idriss Ketchaya\\Downloads\\Allonounou\\storage\\framework\\views\\73b285f355b1ed54edf20420d142b2e7d0514de0.php:5, ErrorException(code: 0): Trying to get property 'photo' of non-object at C:\\Users\\Idriss Ketchaya\\Downloads\\Allonounou\\storage\\framework\\views\\73b285f355b1ed54edf20420d142b2e7d0514de0.php:5)
[stacktrace]
#0 C:\\Users\\Idriss Ketchaya\\Downloads\\Allonounou\\vendor\\laravel\\framework\\src\\Illuminate\\View\\Engines\\PhpEngine.php(45): Illuminate\\View\\Engines\\CompilerEngine->handleViewException()
#1 C:\\Users\\Idriss Ketchaya\\Downloads\\Allonounou\\vendor\\laravel\\framework\\src\\Illuminate\\View\\Engines\\CompilerEngine.php(59): Illuminate\\View\\Engines\\PhpEngine->evaluatePath()
#2 C:\\Users\\Idriss Ketchaya\\Downloads\\Allonounou\\vendor\\laravel\\framework\\src\\Illuminate\\View\\View.php(142): Illuminate\\View\\Engines\\CompilerEngine->get()
#3 C:\\Users\\Idriss Ketchaya\\Downloads\\Allonounou\\vendor\\laravel\\framework\\src\\Illuminate\\View\\View.php(125): Illuminate\\View\\View->getContents()
#4 C:\\Users\\Idriss Ketchaya\\Downloads\\Allonounou\\vendor\\laravel\\framework\\src\\Illuminate\\View\\View.php(90): Illuminate\\View\\View->renderContents()
#5 C:\\Users\\Idriss Ketchaya\\Downloads\\Allonounou\\vendor\\laravel\\framework\\src\\Illuminate\\Http\\Response.php(42): Illuminate\\View\\View->render()
#6 C:\\Users\\Idriss Ketchaya\\Downloads\\Allonounou\\vendor\\symfony\\http-foundation\\Response.php(205): Illuminate\\Http\\Response->setContent()
#7 C:\\Users\\Idriss Ketchaya\\Downloads\\Allonounou\\vendor\\laravel\\framework\\src\\Illuminate\\Routing\\Router.php(748): Symfony\\Component\\HttpFoundation\\Response->__construct()
#8 C:\\Users\\Idriss Ketchaya\\Downloads\\Allonounou\\vendor\\laravel\\framework\\src\\Illuminate\\Routing\\Router.php(720): Illuminate\\Routing\\Router::toResponse()
#9 C:\\Users\\Idriss Ketchaya\\Downloads\\Allonounou\\vendor\\laravel\\framework\\src\\Illuminate\\Routing\\Router.php(680): Illuminate\\Routing\\Router->prepareResponse()
#10 C:\\Users\\Idriss Ketchaya\\Downloads\\Allonounou\\vendor\\laravel\\framework\\src\\Illuminate\\Routing\\Pipeline.php(30): Illuminate\\Routing\\Router->Illuminate\\Routing\\{closure}()
#11 C:\\Users\\Idriss Ketchaya\\Downloads\\Allonounou\\vendor\\laravel\\framework\\src\\Illuminate\\Routing\\Middleware\\SubstituteBindings.php(41): Illuminate\\Routing\\Pipeline->Illuminate\\Routing\\{closure}()
#12 C:\\Users\\Idriss Ketchaya\\Downloads\\Allonounou\\vendor\\laravel\\framework\\src\\Illuminate\\Pipeline\\Pipeline.php(163): Illuminate\\Routing\\Middleware\\SubstituteBindings->handle()
#13 C:\\Users\\Idriss Ketchaya\\Downloads\\Allonounou\\vendor\\laravel\\framework\\src\\Illuminate\\Routing\\Pipeline.php(53): Illuminate\\Pipeline\\Pipeline->Illuminate\\Pipeline\\{closure}()
#14 C:\\Users\\Idriss Ketchaya\\Downloads\\Allonounou\\vendor\\laravel\\framework\\src\\Illuminate\\Foundation\\Http\\Middleware\\VerifyCsrfToken.php(75): Illuminate\\Routing\\Pipeline->Illuminate\\Routing\\{closure}()
#15 C:\\Users\\Idriss Ketchaya\\Downloads\\Allonounou\\vendor\\laravel\\framework\\src\\Illuminate\\Pipeline\\Pipeline.php(163): Illuminate\\Foundation\\Http\\Middleware\\VerifyCsrfToken->handle()
#16 C:\\Users\\Idriss Ketchaya\\Downloads\\Allonounou\\vendor\\laravel\\framework\\src\\Illuminate\\Routing\\Pipeline.php(53): Illuminate\\Pipeline\\Pipeline->Illuminate\\Pipeline\\{closure}()
#17 C:\\Users\\Idriss Ketchaya\\Downloads\\Allonounou\\vendor\\laravel\\framework\\src\\Illuminate\\View\\Middleware\\ShareErrorsFromSession.php(49): Illuminate\\Routing\\Pipeline->Illuminate\\Routing\\{closure}()
#18 C:\\Users\\Idriss Ketchaya\\Downloads\\Allonounou\\vendor\\laravel\\framework\\src\\Illuminate\\Pipeline\\Pipeline.php(163): Illuminate\\View\\Middleware\\ShareErrorsFromSession->handle()
#19 C:\\Users\\Idriss Ketchaya\\Downloads\\Allonounou\\vendor\\laravel\\framework\\src\\Illuminate\\Routing\\Pipeline.php(53): Illuminate\\Pipeline\\Pipeline->Illuminate\\Pipeline\\{closure}()
#20 C:\\Users\\Idriss Ketchaya\\Downloads\\Allonounou\\vendor\\laravel\\framework\\src\\Illuminate\\Session\\Middleware\\StartSession.php(56): Illuminate\\Routing\\Pipeline->Illuminate\\Routing\\{closure}()
#21 C:\\Users\\Idriss Ketchaya\\Downloads\\Allonounou\\vendor\\laravel\\framework\\src\\Illuminate\\Pipeline\\Pipeline.php(163): Illuminate\\Session\\Middleware\\StartSession->handle()
#22 C:\\Users\\Idriss Ketchaya\\Downloads\\Allonounou\\vendor\\laravel\\framework\\src\\Illuminate\\Routing\\Pipeline.php(53): Illuminate\\Pipeline\\Pipeline->Illuminate\\Pipeline\\{closure}()
#23 C:\\Users\\Idriss Ketchaya\\Downloads\\Allonounou\\vendor\\laravel\\framework\\src\\Illuminate\\Cookie\\Middleware\\AddQueuedCookiesToResponse.php(37): Illuminate\\Routing\\Pipeline->Illuminate\\Routing\\{closure}()
#24 C:\\Users\\Idriss Ketchaya\\Downloads\\Allonounou\\vendor\\laravel\\framework\\src\\Illuminate\\Pipeline\\Pipeline.php(163): Illuminate\\Cookie\\Middleware\\AddQueuedCookiesToResponse->handle()
#25 C:\\Users\\Idriss Ketchaya\\Downloads\\Allonounou\\vendor\\laravel\\framework\\src\\Illuminate\\Routing\\Pipeline.php(53): Illuminate\\Pipeline\\Pipeline->Illuminate\\Pipeline\\{closure}()
#26 C:\\Users\\Idriss Ketchaya\\Downloads\\Allonounou\\vendor\\laravel\\framework\\src\\Illuminate\\Cookie\\Middleware\\EncryptCookies.php(66): Illuminate\\Routing\\Pipeline->Illuminate\\Routing\\{closure}()
#27 C:\\Users\\Idriss Ketchaya\\Downloads\\Allonounou\\vendor\\laravel\\framework\\src\\Illuminate\\Pipeline\\Pipeline.php(163): Illuminate\\Cookie\\Middleware\\EncryptCookies->handle()
#28 C:\\Users\\Idriss Ketchaya\\Downloads\\Allonounou\\vendor\\laravel\\framework\\src\\Illuminate\\Routing\\Pipeline.php(53): Illuminate\\Pipeline\\Pipeline->Illuminate\\Pipeline\\{closure}()
#29 C:\\Users\\Idriss Ketchaya\\Downloads\\Allonounou\\vendor\\laravel\\framework\\src\\Illuminate\\Pipeline\\Pipeline.php(104): Illuminate\\Routing\\Pipeline->Illuminate\\Routing\\{closure}()
#30 C:\\Users\\Idriss Ketchaya\\Downloads\\Allonounou\\vendor\\laravel\\framework\\src\\Illuminate\\Routing\\Router.php(682): Illuminate\\Pipeline\\Pipeline->then()
#31 C:\\Users\\Idriss Ketchaya\\Downloads\\Allonounou\\vendor\\laravel\\framework\\src\\Illuminate\\Routing\\Router.php(657): Illuminate\\Routing\\Router->runRouteWithinStack()
#32 C:\\Users\\Idriss Ketchaya\\Downloads\\Allonounou\\vendor\\laravel\\framework\\src\\Illuminate\\Routing\\Router.php(623): Illuminate\\Routing\\Router->runRoute()
#33 C:\\Users\\Idriss Ketchaya\\Downloads\\Allonounou\\vendor\\laravel\\framework\\src\\Illuminate\\Routing\\Router.php(612): Illuminate\\Routing\\Router->dispatchToRoute()
#34 C:\\Users\\Idriss Ketchaya\\Downloads\\Allonounou\\vendor\\laravel\\framework\\src\\Illuminate\\Foundation\\Http\\Kernel.php(176): Illuminate\\Routing\\Router->dispatch()
#35 C:\\Users\\Idriss Ketchaya\\Downloads\\Allonounou\\vendor\\laravel\\framework\\src\\Illuminate\\Routing\\Pipeline.php(30): Illuminate\\Foundation\\Http\\Kernel->Illuminate\\Foundation\\Http\\{closure}()
#36 C:\\Users\\Idriss Ketchaya\\Downloads\\Allonounou\\vendor\\laravel\\framework\\src\\Illuminate\\Foundation\\Http\\Middleware\\TransformsRequest.php(21): Illuminate\\Routing\\Pipeline->Illuminate\\Routing\\{closure}()
#37 C:\\Users\\Idriss Ketchaya\\Downloads\\Allonounou\\vendor\\laravel\\framework\\src\\Illuminate\\Pipeline\\Pipeline.php(163): Illuminate\\Foundation\\Http\\Middleware\\TransformsRequest->handle()
#38 C:\\Users\\Idriss Ketchaya\\Downloads\\Allonounou\\vendor\\laravel\\framework\\src\\Illuminate\\Routing\\Pipeline.php(53): Illuminate\\Pipeline\\Pipeline->Illuminate\\Pipeline\\{closure}()
#39 C:\\Users\\Idriss Ketchaya\\Downloads\\Allonounou\\vendor\\laravel\\framework\\src\\Illuminate\\Foundation\\Http\\Middleware\\TransformsRequest.php(21): Illuminate\\Routing\\Pipeline->Illuminate\\Routing\\{closure}()
#40 C:\\Users\\Idriss Ketchaya\\Downloads\\Allonounou\\vendor\\laravel\\framework\\src\\Illuminate\\Pipeline\\Pipeline.php(163): Illuminate\\Foundation\\Http\\Middleware\\TransformsRequest->handle()
#41 C:\\Users\\Idriss Ketchaya\\Downloads\\Allonounou\\vendor\\laravel\\framework\\src\\Illuminate\\Routing\\Pipeline.php(53): Illuminate\\Pipeline\\Pipeline->Illuminate\\Pipeline\\{closure}()
#42 C:\\Users\\Idriss Ketchaya\\Downloads\\Allonounou\\vendor\\laravel\\framework\\src\\Illuminate\\Foundation\\Http\\Middleware\\ValidatePostSize.php(27): Illuminate\\Routing\\Pipeline->Illuminate\\Routing\\{closure}()
#43 C:\\Users\\Idriss Ketchaya\\Downloads\\Allonounou\\vendor\\laravel\\framework\\src\\Illuminate\\Pipeline\\Pipeline.php(163): Illuminate\\Foundation\\Http\\Middleware\\ValidatePostSize->handle()
#44 C:\\Users\\Idriss Ketchaya\\Downloads\\Allonounou\\vendor\\laravel\\framework\\src\\Illuminate\\Routing\\Pipeline.php(53): Illuminate\\Pipeline\\Pipeline->Illuminate\\Pipeline\\{closure}()
#45 C:\\Users\\Idriss Ketchaya\\Downloads\\Allonounou\\vendor\\laravel\\framework\\src\\Illuminate\\Foundation\\Http\\Middleware\\CheckForMaintenanceMode.php(62): Illuminate\\Routing\\Pipeline->Illuminate\\Routing\\{closure}()
#46 C:\\Users\\Idriss Ketchaya\\Downloads\\Allonounou\\vendor\\laravel\\framework\\src\\Illuminate\\Pipeline\\Pipeline.php(163): Illuminate\\Foundation\\Http\\Middleware\\CheckForMaintenanceMode->handle()
#47 C:\\Users\\Idriss Ketchaya\\Downloads\\Allonounou\\vendor\\laravel\\framework\\src\\Illuminate\\Routing\\Pipeline.php(53): Illuminate\\Pipeline\\Pipeline->Illuminate\\Pipeline\\{closure}()
#48 C:\\Users\\Idriss Ketchaya\\Downloads\\Allonounou\\vendor\\fideloper\\proxy\\src\\TrustProxies.php(57): Illuminate\\Routing\\Pipeline->Illuminate\\Routing\\{closure}()
#49 C:\\Users\\Idriss Ketchaya\\Downloads\\Allonounou\\vendor\\laravel\\framework\\src\\Illuminate\\Pipeline\\Pipeline.php(163): Fideloper\\Proxy\\TrustProxies->handle()
#50 C:\\Users\\Idriss Ketchaya\\Downloads\\Allonounou\\vendor\\laravel\\framework\\src\\Illuminate\\Routing\\Pipeline.php(53): Illuminate\\Pipeline\\Pipeline->Illuminate\\Pipeline\\{closure}()
#51 C:\\Users\\Idriss Ketchaya\\Downloads\\Allonounou\\vendor\\laravel\\framework\\src\\Illuminate\\Pipeline\\Pipeline.php(104): Illuminate\\Routing\\Pipeline->Illuminate\\Routing\\{closure}()
#52 C:\\Users\\Idriss Ketchaya\\Downloads\\Allonounou\\vendor\\laravel\\framework\\src\\Illuminate\\Foundation\\Http\\Kernel.php(151): Illuminate\\Pipeline\\Pipeline->then()
#53 C:\\Users\\Idriss Ketchaya\\Downloads\\Allonounou\\vendor\\laravel\\framework\\src\\Illuminate\\Foundation\\Http\\Kernel.php(116): Illuminate\\Foundation\\Http\\Kernel->sendRequestThroughRouter()
#54 C:\\Users\\Idriss Ketchaya\\Downloads\\Allonounou\\public\\index.php(55): Illuminate\\Foundation\\Http\\Kernel->handle()
#55 C:\\Users\\Idriss Ketchaya\\Downloads\\Allonounou\\server.php(21): require_once('C:\\\\Users\\\\Idriss...')
#56 {main}
"} 
[2020-11-22 18:33:30] local.ERROR: Trying to get property 'photo' of non-object (View: C:\Users\Idriss Ketchaya\Downloads\Allonounou\resources\views\profil\show.blade.php) {"exception":"[object] (ErrorException(code: 0): Trying to get property 'photo' of non-object (View: C:\\Users\\Idriss Ketchaya\\Downloads\\Allonounou\esources\\views\\profil\\show.blade.php) at C:\\Users\\Idriss Ketchaya\\Downloads\\Allonounou\\storage\\framework\\views\\73b285f355b1ed54edf20420d142b2e7d0514de0.php:5, ErrorException(code: 0): Trying to get property 'photo' of non-object at C:\\Users\\Idriss Ketchaya\\Downloads\\Allonounou\\storage\\framework\\views\\73b285f355b1ed54edf20420d142b2e7d0514de0.php:5)
[stacktrace]
#0 C:\\Users\\Idriss Ketchaya\\Downloads\\Allonounou\\vendor\\laravel\\framework\\src\\Illuminate\\View\\Engines\\PhpEngine.php(45): Illuminate\\View\\Engines\\CompilerEngine->handleViewException()
#1 C:\\Users\\Idriss Ketchaya\\Downloads\\Allonounou\\vendor\\laravel\\framework\\src\\Illuminate\\View\\Engines\\CompilerEngine.php(59): Illuminate\\View\\Engines\\PhpEngine->evaluatePath()
#2 C:\\Users\\Idriss Ketchaya\\Downloads\\Allonounou\\vendor\\laravel\\framework\\src\\Illuminate\\View\\View.php(142): Illuminate\\View\\Engines\\CompilerEngine->get()
#3 C:\\Users\\Idriss Ketchaya\\Downloads\\Allonounou\\vendor\\laravel\\framework\\src\\Illuminate\\View\\View.php(125): Illuminate\\View\\View->getContents()
#4 C:\\Users\\Idriss Ketchaya\\Downloads\\Allonounou\\vendor\\laravel\\framework\\src\\Illuminate\\View\\View.php(90): Illuminate\\View\\View->renderContents()
#5 C:\\Users\\Idriss Ketchaya\\Downloads\\Allonounou\\vendor\\laravel\\framework\\src\\Illuminate\\Http\\Response.php(42): Illuminate\\View\\View->render()
#6 C:\\Users\\Idriss Ketchaya\\Downloads\\Allonounou\\vendor\\symfony\\http-foundation\\Response.php(205): Illuminate\\Http\\Response->setContent()
#7 C:\\Users\\Idriss Ketchaya\\Downloads\\Allonounou\\vendor\\laravel\\framework\\src\\Illuminate\\Routing\\Router.php(748): Symfony\\Component\\HttpFoundation\\Response->__construct()
#8 C:\\Users\\Idriss Ketchaya\\Downloads\\Allonounou\\vendor\\laravel\\framework\\src\\Illuminate\\Routing\\Router.php(720): Illuminate\\Routing\\Router::toResponse()
#9 C:\\Users\\Idriss Ketchaya\\Downloads\\Allonounou\\vendor\\laravel\\framework\\src\\Illuminate\\Routing\\Router.php(680): Illuminate\\Routing\\Router->prepareResponse()
#10 C:\\Users\\Idriss Ketchaya\\Downloads\\Allonounou\\vendor\\laravel\\framework\\src\\Illuminate\\Routing\\Pipeline.php(30): Illuminate\\Routing\\Router->Illuminate\\Routing\\{closure}()
#11 C:\\Users\\Idriss Ketchaya\\Downloads\\Allonounou\\vendor\\laravel\\framework\\src\\Illuminate\\Routing\\Middleware\\SubstituteBindings.php(41): Illuminate\\Routing\\Pipeline->Illuminate\\Routing\\{closure}()
#12 C:\\Users\\Idriss Ketchaya\\Downloads\\Allonounou\\vendor\\laravel\\framework\\src\\Illuminate\\Pipeline\\Pipeline.php(163): Illuminate\\Routing\\Middleware\\SubstituteBindings->handle()
#13 C:\\Users\\Idriss Ketchaya\\Downloads\\Allonounou\\vendor\\laravel\\framework\\src\\Illuminate\\Routing\\Pipeline.php(53): Illuminate\\Pipeline\\Pipeline->Illuminate\\Pipeline\\{closure}()
#14 C:\\Users\\Idriss Ketchaya\\Downloads\\Allonounou\\vendor\\laravel\\framework\\src\\Illuminate\\Foundation\\Http\\Middleware\\VerifyCsrfToken.php(75): Illuminate\\Routing\\Pipeline->Illuminate\\Routing\\{closure}()
#15 C:\\Users\\Idriss Ketchaya\\Downloads\\Allonounou\\vendor\\laravel\\framework\\src\\Illuminate\\Pipeline\\Pipeline.php(163): Illuminate\\Foundation\\Http\\Middleware\\VerifyCsrfToken->handle()
#16 C:\\Users\\Idriss Ketchaya\\Downloads\\Allonounou\\vendor\\laravel\\framework\\src\\Illuminate\\Routing\\Pipeline.php(53): Illuminate\\Pipeline\\Pipeline->Illuminate\\Pipeline\\{closure}()
#17 C:\\Users\\Idriss Ketchaya\\Downloads\\Allonounou\\vendor\\laravel\\framework\\src\\Illuminate\\View\\Middleware\\ShareErrorsFromSession.php(49): Illuminate\\Routing\\Pipeline->Illuminate\\Routing\\{closure}()
#18 C:\\Users\\Idriss Ketchaya\\Downloads\\Allonounou\\vendor\\laravel\\framework\\src\\Illuminate\\Pipeline\\Pipeline.php(163): Illuminate\\View\\Middleware\\ShareErrorsFromSession->handle()
#19 C:\\Users\\Idriss Ketchaya\\Downloads\\Allonounou\\vendor\\laravel\\framework\\src\\Illuminate\\Routing\\Pipeline.php(53): Illuminate\\Pipeline\\Pipeline->Illuminate\\Pipeline\\{closure}()
#20 C:\\Users\\Idriss Ketchaya\\Downloads\\Allonounou\\vendor\\laravel\\framework\\src\\Illuminate\\Session\\Middleware\\StartSession.php(56): Illuminate\\Routing\\Pipeline->Illuminate\\Routing\\{closure}()
#21 C:\\Users\\Idriss Ketchaya\\Downloads\\Allonounou\\vendor\\laravel\\framework\\src\\Illuminate\\Pipeline\\Pipeline.php(163): Illuminate\\Session\\Middleware\\StartSession->handle()
#22 C:\\Users\\Idriss Ketchaya\\Downloads\\Allonounou\\vendor\\laravel\\framework\\src\\Illuminate\\Routing\\Pipeline.php(53): Illuminate\\Pipeline\\Pipeline->Illuminate\\Pipeline\\{closure}()
#23 C:\\Users\\Idriss Ketchaya\\Downloads\\Allonounou\\vendor\\laravel\\framework\\src\\Illuminate\\Cookie\\Middleware\\AddQueuedCookiesToResponse.php(37): Illuminate\\Routing\\Pipeline->Illuminate\\Routing\\{closure}()
#24 C:\\Users\\Idriss Ketchaya\\Downloads\\Allonounou\\vendor\\laravel\\framework\\src\\Illuminate\\Pipeline\\Pipeline.php(163): Illuminate\\Cookie\\Middleware\\AddQueuedCookiesToResponse->handle()
#25 C:\\Users\\Idriss Ketchaya\\Downloads\\Allonounou\\vendor\\laravel\\framework\\src\\Illuminate\\Routing\\Pipeline.php(53): Illuminate\\Pipeline\\Pipeline->Illuminate\\Pipeline\\{closure}()
#26 C:\\Users\\Idriss Ketchaya\\Downloads\\Allonounou\\vendor\\laravel\\framework\\src\\Illuminate\\Cookie\\Middleware\\EncryptCookies.php(66): Illuminate\\Routing\\Pipeline->Illuminate\\Routing\\{closure}()
#27 C:\\Users\\Idriss Ketchaya\\Downloads\\Allonounou\\vendor\\laravel\\framework\\src\\Illuminate\\Pipeline\\Pipeline.php(163): Illuminate\\Cookie\\Middleware\\EncryptCookies->handle()
#28 C:\\Users\\Idriss Ketchaya\\Downloads\\Allonounou\\vendor\\laravel\\framework\\src\\Illuminate\\Routing\\Pipeline.php(53): Illuminate\\Pipeline\\Pipeline->Illuminate\\Pipeline\\{closure}()
#29 C:\\Users\\Idriss Ketchaya\\Downloads\\Allonounou\\vendor\\laravel\\framework\\src\\Illuminate\\Pipeline\\Pipeline.php(104): Illuminate\\Routing\\Pipeline->Illuminate\\Routing\\{closure}()
#30 C:\\Users\\Idriss Ketchaya\\Downloads\\Allonounou\\vendor\\laravel\\framework\\src\\Illuminate\\Routing\\Router.php(682): Illuminate\\Pipeline\\Pipeline->then()
#31 C:\\Users\\Idriss Ketchaya\\Downloads\\Allonounou\\vendor\\laravel\\framework\\src\\Illuminate\\Routing\\Router.php(657): Illuminate\\Routing\\Router->runRouteWithinStack()
#32 C:\\Users\\Idriss Ketchaya\\Downloads\\Allonounou\\vendor\\laravel\\framework\\src\\Illuminate\\Routing\\Router.php(623): Illuminate\\Routing\\Router->runRoute()
#33 C:\\Users\\Idriss Ketchaya\\Downloads\\Allonounou\\vendor\\laravel\\framework\\src\\Illuminate\\Routing\\Router.php(612): Illuminate\\Routing\\Router->dispatchToRoute()
#34 C:\\Users\\Idriss Ketchaya\\Downloads\\Allonounou\\vendor\\laravel\\framework\\src\\Illuminate\\Foundation\\Http\\Kernel.php(176): Illuminate\\Routing\\Router->dispatch()
#35 C:\\Users\\Idriss Ketchaya\\Downloads\\Allonounou\\vendor\\laravel\\framework\\src\\Illuminate\\Routing\\Pipeline.php(30): Illuminate\\Foundation\\Http\\Kernel->Illuminate\\Foundation\\Http\\{closure}()
#36 C:\\Users\\Idriss Ketchaya\\Downloads\\Allonounou\\vendor\\laravel\\framework\\src\\Illuminate\\Foundation\\Http\\Middleware\\TransformsRequest.php(21): Illuminate\\Routing\\Pipeline->Illuminate\\Routing\\{closure}()
#37 C:\\Users\\Idriss Ketchaya\\Downloads\\Allonounou\\vendor\\laravel\\framework\\src\\Illuminate\\Pipeline\\Pipeline.php(163): Illuminate\\Foundation\\Http\\Middleware\\TransformsRequest->handle()
#38 C:\\Users\\Idriss Ketchaya\\Downloads\\Allonounou\\vendor\\laravel\\framework\\src\\Illuminate\\Routing\\Pipeline.php(53): Illuminate\\Pipeline\\Pipeline->Illuminate\\Pipeline\\{closure}()
#39 C:\\Users\\Idriss Ketchaya\\Downloads\\Allonounou\\vendor\\laravel\\framework\\src\\Illuminate\\Foundation\\Http\\Middleware\\TransformsRequest.php(21): Illuminate\\Routing\\Pipeline->Illuminate\\Routing\\{closure}()
#40 C:\\Users\\Idriss Ketchaya\\Downloads\\Allonounou\\vendor\\laravel\\framework\\src\\Illuminate\\Pipeline\\Pipeline.php(163): Illuminate\\Foundation\\Http\\Middleware\\TransformsRequest->handle()
#41 C:\\Users\\Idriss Ketchaya\\Downloads\\Allonounou\\vendor\\laravel\\framework\\src\\Illuminate\\Routing\\Pipeline.php(53): Illuminate\\Pipeline\\Pipeline->Illuminate\\Pipeline\\{closure}()
#42 C:\\Users\\Idriss Ketchaya\\Downloads\\Allonounou\\vendor\\laravel\\framework\\src\\Illuminate\\Foundation\\Http\\Middleware\\ValidatePostSize.php(27): Illuminate\\Routing\\Pipeline->Illuminate\\Routing\\{closure}()
#43 C:\\Users\\Idriss Ketchaya\\Downloads\\Allonounou\\vendor\\laravel\\framework\\src\\Illuminate\\Pipeline\\Pipeline.php(163): Illuminate\\Foundation\\Http\\Middleware\\ValidatePostSize->handle()
#44 C:\\Users\\Idriss Ketchaya\\Downloads\\Allonounou\\vendor\\laravel\\framework\\src\\Illuminate\\Routing\\Pipeline.php(53): Illuminate\\Pipeline\\Pipeline->Illuminate\\Pipeline\\{closure}()
#45 C:\\Users\\Idriss Ketchaya\\Downloads\\Allonounou\\vendor\\laravel\\framework\\src\\Illuminate\\Foundation\\Http\\Middleware\\CheckForMaintenanceMode.php(62): Illuminate\\Routing\\Pipeline->Illuminate\\Routing\\{closure}()
#46 C:\\Users\\Idriss Ketchaya\\Downloads\\Allonounou\\vendor\\laravel\\framework\\src\\Illuminate\\Pipeline\\Pipeline.php(163): Illuminate\\Foundation\\Http\\Middleware\\CheckForMaintenanceMode->handle()
#47 C:\\Users\\Idriss Ketchaya\\Downloads\\Allonounou\\vendor\\laravel\\framework\\src\\Illuminate\\Routing\\Pipeline.php(53): Illuminate\\Pipeline\\Pipeline->Illuminate\\Pipeline\\{closure}()
#48 C:\\Users\\Idriss Ketchaya\\Downloads\\Allonounou\\vendor\\fideloper\\proxy\\src\\TrustProxies.php(57): Illuminate\\Routing\\Pipeline->Illuminate\\Routing\\{closure}()
#49 C:\\Users\\Idriss Ketchaya\\Downloads\\Allonounou\\vendor\\laravel\\framework\\src\\Illuminate\\Pipeline\\Pipeline.php(163): Fideloper\\Proxy\\TrustProxies->handle()
#50 C:\\Users\\Idriss Ketchaya\\Downloads\\Allonounou\\vendor\\laravel\\framework\\src\\Illuminate\\Routing\\Pipeline.php(53): Illuminate\\Pipeline\\Pipeline->Illuminate\\Pipeline\\{closure}()
#51 C:\\Users\\Idriss Ketchaya\\Downloads\\Allonounou\\vendor\\laravel\\framework\\src\\Illuminate\\Pipeline\\Pipeline.php(104): Illuminate\\Routing\\Pipeline->Illuminate\\Routing\\{closure}()
#52 C:\\Users\\Idriss Ketchaya\\Downloads\\Allonounou\\vendor\\laravel\\framework\\src\\Illuminate\\Foundation\\Http\\Kernel.php(151): Illuminate\\Pipeline\\Pipeline->then()
#53 C:\\Users\\Idriss Ketchaya\\Downloads\\Allonounou\\vendor\\laravel\\framework\\src\\Illuminate\\Foundation\\Http\\Kernel.php(116): Illuminate\\Foundation\\Http\\Kernel->sendRequestThroughRouter()
#54 C:\\Users\\Idriss Ketchaya\\Downloads\\Allonounou\\public\\index.php(55): Illuminate\\Foundation\\Http\\Kernel->handle()
#55 C:\\Users\\Idriss Ketchaya\\Downloads\\Allonounou\\server.php(21): require_once('C:\\\\Users\\\\Idriss...')
#56 {main}
"} 
